#
# There is insufficient memory for the Java Runtime Environment to continue.
# Native memory allocation (mmap) failed to map 67108864 bytes. Error detail: G1 virtual space
# Possible reasons:
#   The system is out of physical RAM or swap space
#   This process is running with CompressedOops enabled, and the Java Heap may be blocking the growth of the native heap
# Possible solutions:
#   Reduce memory load on the system
#   Increase physical memory or swap space
#   Check if swap backing store is full
#   Decrease Java heap size (-Xmx/-Xms)
#   Decrease number of Java threads
#   Decrease Java thread stack sizes (-Xss)
#   Set larger code cache with -XX:ReservedCodeCacheSize=
#   JVM is running with Unscaled Compressed Oops mode in which the Java heap is
#     placed in the first 4GB address space. The Java Heap base address is the
#     maximum limit for the native heap growth. Please use -XX:HeapBaseMinAddress
#     to set the Java Heap base and to place the Java Heap above 4GB virtual address.
# This output file may be truncated or incomplete.
#
#  Out of Memory Error (os_windows.cpp:3613), pid=10872, tid=13592
#
# JRE version:  (17.0.11+9) (build )
# Java VM: OpenJDK 64-Bit Server VM (17.0.11+9-LTS, mixed mode, sharing, tiered, compressed oops, compressed class ptrs, g1 gc, windows-amd64)
# No core dump will be written. Minidumps are not enabled by default on client versions of Windows
#

---------------  S U M M A R Y ------------

Command Line: -Xmx64m -Xms64m -Dorg.gradle.appname=gradlew org.gradle.wrapper.GradleWrapperMain app:installDebug -PreactNativeDevServerPort=8081

Host: 11th Gen Intel(R) Core(TM) i3-1115G4 @ 3.00GHz, 4 cores, 7G,  Windows 11 , 64 bit Build 22621 (10.0.22621.3958)
Time: Wed Nov 20 17:50:27 2024 Pakistan Standard Time elapsed time: 0.011428 seconds (0d 0h 0m 0s)

---------------  T H R E A D  ---------------

Current thread (0x0000025ffd11f7e0):  JavaThread "Unknown thread" [_thread_in_vm, id=13592, stack(0x000000738c600000,0x000000738c700000)]

Stack: [0x000000738c600000,0x000000738c700000]
Native frames: (J=compiled Java code, j=interpreted, Vv=VM code, C=native code)
V  [jvm.dll+0x67f6d9]
V  [jvm.dll+0x83773a]
V  [jvm.dll+0x8391fe]
V  [jvm.dll+0x839863]
V  [jvm.dll+0x247fbf]
V  [jvm.dll+0x67c519]
V  [jvm.dll+0x670f8a]
V  [jvm.dll+0x309bdb]
V  [jvm.dll+0x311086]
V  [jvm.dll+0x360a6e]
V  [jvm.dll+0x360c9f]
V  [jvm.dll+0x2e0928]
V  [jvm.dll+0x2e1894]
V  [jvm.dll+0x8090e1]
V  [jvm.dll+0x36e7c1]
V  [jvm.dll+0x7e7b06]
V  [jvm.dll+0x3f202f]
V  [jvm.dll+0x3f3b81]
C  [jli.dll+0x528f]
C  [ucrtbase.dll+0x29333]
C  [KERNEL32.DLL+0x1257d]
C  [ntdll.dll+0x5af08]


---------------  P R O C E S S  ---------------

Threads class SMR info:
_java_thread_list=0x00007ff8b5502f18, length=0, elements={
}

Java Threads: ( => current thread )

Other Threads:
  0x0000025ffd13ef50 GCTaskThread "GC Thread#0" [stack: 0x000000738c700000,0x000000738c800000] [id=5812]
  0x0000025ffd1406a0 ConcurrentGCThread "G1 Main Marker" [stack: 0x000000738c800000,0x000000738c900000] [id=9040]
  0x0000025ffd1410c0 ConcurrentGCThread "G1 Conc#0" [stack: 0x000000738c900000,0x000000738ca00000] [id=8400]

[error occurred during error reporting (printing all threads), id 0xc0000005, EXCEPTION_ACCESS_VIOLATION (0xc0000005) at pc=0x00007ff8b4cc1367]

VM state: not at safepoint (not fully initialized)

VM Mutex/Monitor currently owned by a thread:  ([mutex/lock_event])
[0x0000025ffd1199b0] Heap_lock - owner thread: 0x0000025ffd11f7e0

Heap address: 0x00000000fc000000, size: 64 MB, Compressed Oops mode: 32-bit

CDS archive(s) mapped at: [0x0000000000000000-0x0000000000000000-0x0000000000000000), size 0, SharedBaseAddress: 0x0000000800000000, ArchiveRelocationMode: 1.
Narrow klass base: 0x0000000000000000, Narrow klass shift: 0, Narrow klass range: 0x0

GC Precious Log:
<Empty>

Heap:
 garbage-first heap   total 0K, used 0K [0x00000000fc000000, 0x0000000100000000)
  region size 1024K, 0 young (0K), 0 survivors (0K)

[error occurred during error reporting (printing heap information), id 0xc0000005, EXCEPTION_ACCESS_VIOLATION (0xc0000005) at pc=0x00007ff8b50a9a59]

GC Heap History (0 events):
No events

Dll operation events (1 events):
Event: 0.006 Loaded shared library C:\Program Files\Microsoft\jdk-17.0.11.9-hotspot\bin\java.dll

Deoptimization events (0 events):
No events

Classes unloaded (0 events):
No events

Classes redefined (0 events):
No events

Internal exceptions (0 events):
No events

VM Operations (0 events):
No events

Events (0 events):
No events


Dynamic libraries:
0x00007ff7be100000 - 0x00007ff7be10e000 	C:\Program Files\Microsoft\jdk-17.0.11.9-hotspot\bin\java.exe
0x00007ff92bc90000 - 0x00007ff92bea7000 	C:\WINDOWS\SYSTEM32\ntdll.dll
0x00007ff92b020000 - 0x00007ff92b0e4000 	C:\WINDOWS\System32\KERNEL32.DLL
0x00007ff929370000 - 0x00007ff929727000 	C:\WINDOWS\System32\KERNELBASE.dll
0x00007ff928fa0000 - 0x00007ff9290b1000 	C:\WINDOWS\System32\ucrtbase.dll
0x00007ff91d7c0000 - 0x00007ff91d7db000 	C:\Program Files\Microsoft\jdk-17.0.11.9-hotspot\bin\VCRUNTIME140.dll
0x00007ff91d7a0000 - 0x00007ff91d7b7000 	C:\Program Files\Microsoft\jdk-17.0.11.9-hotspot\bin\jli.dll
0x00007ff92b280000 - 0x00007ff92b42f000 	C:\WINDOWS\System32\USER32.dll
0x00007ff929340000 - 0x00007ff929366000 	C:\WINDOWS\System32\win32u.dll
0x00007ff913a00000 - 0x00007ff913c93000 	C:\WINDOWS\WinSxS\amd64_microsoft.windows.common-controls_6595b64144ccf1df_6.0.22621.3672_none_2713b9d173822955\COMCTL32.dll
0x00007ff92a870000 - 0x00007ff92a917000 	C:\WINDOWS\System32\msvcrt.dll
0x00007ff92adb0000 - 0x00007ff92add9000 	C:\WINDOWS\System32\GDI32.dll
0x00007ff929160000 - 0x00007ff929278000 	C:\WINDOWS\System32\gdi32full.dll
0x00007ff9290c0000 - 0x00007ff92915a000 	C:\WINDOWS\System32\msvcp_win.dll
0x00007ff92b240000 - 0x00007ff92b271000 	C:\WINDOWS\System32\IMM32.DLL
0x00007ff91f9c0000 - 0x00007ff91f9cc000 	C:\Program Files\Microsoft\jdk-17.0.11.9-hotspot\bin\vcruntime140_1.dll
0x00007ff91d710000 - 0x00007ff91d79d000 	C:\Program Files\Microsoft\jdk-17.0.11.9-hotspot\bin\msvcp140.dll
0x00007ff8b49d0000 - 0x00007ff8b5636000 	C:\Program Files\Microsoft\jdk-17.0.11.9-hotspot\bin\server\jvm.dll
0x00007ff92b430000 - 0x00007ff92b4e2000 	C:\WINDOWS\System32\ADVAPI32.dll
0x00007ff92a920000 - 0x00007ff92a9c8000 	C:\WINDOWS\System32\sechost.dll
0x00007ff929730000 - 0x00007ff929758000 	C:\WINDOWS\System32\bcrypt.dll
0x00007ff92a750000 - 0x00007ff92a864000 	C:\WINDOWS\System32\RPCRT4.dll
0x00007ff906410000 - 0x00007ff906419000 	C:\WINDOWS\SYSTEM32\WSOCK32.dll
0x00007ff921c00000 - 0x00007ff921c34000 	C:\WINDOWS\SYSTEM32\WINMM.dll
0x00007ff92a6d0000 - 0x00007ff92a741000 	C:\WINDOWS\System32\WS2_32.dll
0x00007ff9146c0000 - 0x00007ff9146ca000 	C:\WINDOWS\SYSTEM32\VERSION.dll
0x00007ff928e70000 - 0x00007ff928ebd000 	C:\WINDOWS\SYSTEM32\POWRPROF.dll
0x00007ff928da0000 - 0x00007ff928db3000 	C:\WINDOWS\SYSTEM32\UMPDC.dll
0x00007ff927ff0000 - 0x00007ff928008000 	C:\WINDOWS\SYSTEM32\kernel.appcore.dll
0x00007ff91f990000 - 0x00007ff91f99a000 	C:\Program Files\Microsoft\jdk-17.0.11.9-hotspot\bin\jimage.dll
0x00007ff926860000 - 0x00007ff926a92000 	C:\WINDOWS\SYSTEM32\DBGHELP.DLL
0x00007ff92a230000 - 0x00007ff92a5be000 	C:\WINDOWS\System32\combase.dll
0x00007ff92b110000 - 0x00007ff92b1e7000 	C:\WINDOWS\System32\OLEAUT32.dll
0x00007ff8ffe70000 - 0x00007ff8ffea2000 	C:\WINDOWS\SYSTEM32\dbgcore.DLL
0x00007ff929940000 - 0x00007ff9299bb000 	C:\WINDOWS\System32\bcryptPrimitives.dll
0x00007ff91d6e0000 - 0x00007ff91d705000 	C:\Program Files\Microsoft\jdk-17.0.11.9-hotspot\bin\java.dll

dbghelp: loaded successfully - version: 4.0.5 - missing functions: none
symbol engine: initialized successfully - sym options: 0x614 - pdb path: .;C:\Program Files\Microsoft\jdk-17.0.11.9-hotspot\bin;C:\WINDOWS\SYSTEM32;C:\WINDOWS\WinSxS\amd64_microsoft.windows.common-controls_6595b64144ccf1df_6.0.22621.3672_none_2713b9d173822955;C:\Program Files\Microsoft\jdk-17.0.11.9-hotspot\bin\server

VM Arguments:
jvm_args: -Xmx64m -Xms64m -Dorg.gradle.appname=gradlew 
java_command: org.gradle.wrapper.GradleWrapperMain app:installDebug -PreactNativeDevServerPort=8081
java_class_path (initial): F:\XportSpot\WareHouse\WareHouse\android\\gradle\wrapper\gradle-wrapper.jar
Launcher Type: SUN_STANDARD

[Global flags]
     intx CICompilerCount                          = 3                                         {product} {ergonomic}
     uint ConcGCThreads                            = 1                                         {product} {ergonomic}
     uint G1ConcRefinementThreads                  = 4                                         {product} {ergonomic}
   size_t G1HeapRegionSize                         = 1048576                                   {product} {ergonomic}
    uintx GCDrainStackTargetSize                   = 64                                        {product} {ergonomic}
   size_t InitialHeapSize                          = 67108864                                  {product} {command line}
   size_t MarkStackSize                            = 4194304                                   {product} {ergonomic}
   size_t MaxHeapSize                              = 67108864                                  {product} {command line}
   size_t MinHeapDeltaBytes                        = 1048576                                   {product} {ergonomic}
   size_t MinHeapSize                              = 67108864                                  {product} {command line}
    uintx NonNMethodCodeHeapSize                   = 5832780                                {pd product} {ergonomic}
    uintx NonProfiledCodeHeapSize                  = 122912730                              {pd product} {ergonomic}
    uintx ProfiledCodeHeapSize                     = 122912730                              {pd product} {ergonomic}
    uintx ReservedCodeCacheSize                    = 251658240                              {pd product} {ergonomic}
     bool SegmentedCodeCache                       = true                                      {product} {ergonomic}
   size_t SoftMaxHeapSize                          = 67108864                               {manageable} {ergonomic}
     bool UseCompressedClassPointers               = true                           {product lp64_product} {ergonomic}
     bool UseCompressedOops                        = true                           {product lp64_product} {ergonomic}
     bool UseG1GC                                  = true                                      {product} {ergonomic}
     bool UseLargePagesIndividualAllocation        = false                                  {pd product} {ergonomic}

Logging:
Log output configuration:
 #0: stdout all=warning uptime,level,tags
 #1: stderr all=off uptime,level,tags

Environment Variables:
JAVA_HOME=C:\Program Files\Microsoft\jdk-17.0.11.9-hotspot\
CLASSPATH=F:\XportSpot\WareHouse\WareHouse\android\\gradle\wrapper\gradle-wrapper.jar
PATH=F:\XportSpot\WareHouse\WareHouse\node_modules\.bin;F:\XportSpot\WareHouse\WareHouse\node_modules\.bin;F:\XportSpot\WareHouse\node_modules\.bin;F:\XportSpot\node_modules\.bin;F:\node_modules\.bin;C:\Users\Ashraf Qureshi\AppData\Roaming\npm\node_modules\npm\node_modules\@npmcli\run-script\lib\node-gyp-bin;C:\Program Files\Microsoft\jdk-17.0.11.9-hotspot\bin;C:\WINDOWS\system32;C:\WINDOWS;C:\WINDOWS\System32\Wbem;C:\WINDOWS\System32\WindowsPowerShell\v1.0\;C:\WINDOWS\System32\OpenSSH\;C:\ProgramData\chocolatey\bin;C:\Program Files\nodejs\;C:\Program Files\Git\cmd;C:\Users\Ashraf Qureshi\AppData\Local\Microsoft\WindowsApps;C:\Users\Ashraf Qureshi\AppData\Roaming\npm;C:\Users\Ashraf Qureshi\AppData\Local\Programs\Microsoft VS Code\bin;F:\sdk\platform-tools;
USERNAME=Ashraf Qureshi
LANG=en_US.UTF-8
OS=Windows_NT
PROCESSOR_IDENTIFIER=Intel64 Family 6 Model 140 Stepping 1, GenuineIntel
TMP=C:\Users\ASHRAF~1\AppData\Local\Temp
TEMP=C:\Users\ASHRAF~1\AppData\Local\Temp



Periodic native trim disabled


---------------  S Y S T E M  ---------------

OS:
 Windows 11 , 64 bit Build 22621 (10.0.22621.3958)
OS uptime: 3 days 3:51 hours

CPU: total 4 (initial active 4) (2 cores per cpu, 2 threads per core) family 6 model 140 stepping 1 microcode 0x86, cx8, cmov, fxsr, ht, mmx, 3dnowpref, sse, sse2, sse3, ssse3, sse4.1, sse4.2, popcnt, lzcnt, tsc, tscinvbit, avx, avx2, aes, erms, clmul, bmi1, bmi2, adx, avx512f, avx512dq, avx512cd, avx512bw, avx512vl, sha, fma, vzeroupper, avx512_vpopcntdq, avx512_vpclmulqdq, avx512_vaes, avx512_vnni, clflush, clflushopt, clwb, avx512_vbmi2, avx512_vbmi
Processor Information for processor 0
  Max Mhz: 2995, Current Mhz: 2995, Mhz Limit: 2995
Processor Information for processor 1
  Max Mhz: 2995, Current Mhz: 2995, Mhz Limit: 2995
Processor Information for processor 2
  Max Mhz: 2995, Current Mhz: 2995, Mhz Limit: 2995
Processor Information for processor 3
  Max Mhz: 2995, Current Mhz: 1198, Mhz Limit: 2995

Memory: 4k page, system-wide physical 7957M (508M free)
TotalPageFile size 10005M (AvailPageFile size 32M)
current process WorkingSet (physical memory assigned to process): 11M, peak: 11M
current process commit charge ("private bytes"): 51M, peak: 115M

vm_info: OpenJDK 64-Bit Server VM (17.0.11+9-LTS) for windows-amd64 JRE (17.0.11+9-LTS), built on Apr  9 2024 22:05:54 by "MicrosoftCorporation" with MS VC++ 16.10 / 16.11 (VS2019)

END.
