#
# There is insufficient memory for the Java Runtime Environment to continue.
# Native memory allocation (mmap) failed to map 222298112 bytes. Error detail: G1 virtual space
# Possible reasons:
#   The system is out of physical RAM or swap space
#   This process is running with CompressedOops enabled, and the Java Heap may be blocking the growth of the native heap
# Possible solutions:
#   Reduce memory load on the system
#   Increase physical memory or swap space
#   Check if swap backing store is full
#   Decrease Java heap size (-Xmx/-Xms)
#   Decrease number of Java threads
#   Decrease Java thread stack sizes (-Xss)
#   Set larger code cache with -XX:ReservedCodeCacheSize=
#   JVM is running with Unscaled Compressed Oops mode in which the Java heap is
#     placed in the first 4GB address space. The Java Heap base address is the
#     maximum limit for the native heap growth. Please use -XX:HeapBaseMinAddress
#     to set the Java Heap base and to place the Java Heap above 4GB virtual address.
# This output file may be truncated or incomplete.
#
#  Out of Memory Error (os_windows.cpp:3613), pid=11656, tid=13624
#
# JRE version: OpenJDK Runtime Environment Microsoft-9388408 (17.0.11+9) (build 17.0.11+9-LTS)
# Java VM: OpenJDK 64-Bit Server VM Microsoft-9388408 (17.0.11+9-LTS, mixed mode, sharing, tiered, compressed oops, compressed class ptrs, g1 gc, windows-amd64)
# No core dump will be written. Minidumps are not enabled by default on client versions of Windows
#

---------------  S U M M A R Y ------------

Command Line: -XX:MaxMetaspaceSize=512m --add-opens=java.base/java.util=ALL-UNNAMED --add-opens=java.base/java.lang=ALL-UNNAMED --add-opens=java.base/java.lang.invoke=ALL-UNNAMED --add-opens=java.prefs/java.util.prefs=ALL-UNNAMED --add-opens=java.base/java.nio.charset=ALL-UNNAMED --add-opens=java.base/java.net=ALL-UNNAMED --add-opens=java.base/java.util.concurrent.atomic=ALL-UNNAMED -Xmx2048m -Dfile.encoding=windows-1252 -Duser.country=US -Duser.language=en -Duser.variant -javaagent:C:\Users\Ashraf Qureshi\.gradle\wrapper\dists\gradle-8.8-all\6gdy1pgp427xkqcjbxw3ylt6h\gradle-8.8\lib\agents\gradle-instrumentation-agent-8.8.jar org.gradle.launcher.daemon.bootstrap.GradleDaemon 8.8

Host: 11th Gen Intel(R) Core(TM) i3-1115G4 @ 3.00GHz, 4 cores, 7G,  Windows 11 , 64 bit Build 22621 (10.0.22621.3958)
Time: Wed Nov 20 18:13:31 2024 Pakistan Standard Time elapsed time: 25.990929 seconds (0d 0h 0m 25s)

---------------  T H R E A D  ---------------

Current thread (0x000001d63b79d140):  VMThread "VM Thread" [stack: 0x0000002877a00000,0x0000002877b00000] [id=13624]

Stack: [0x0000002877a00000,0x0000002877b00000]
Native frames: (J=compiled Java code, j=interpreted, Vv=VM code, C=native code)
V  [jvm.dll+0x67f6d9]
V  [jvm.dll+0x83773a]
V  [jvm.dll+0x8391fe]
V  [jvm.dll+0x839863]
V  [jvm.dll+0x247fbf]
V  [jvm.dll+0x67c519]
V  [jvm.dll+0x670f8a]
V  [jvm.dll+0x309bdb]
V  [jvm.dll+0x311086]
V  [jvm.dll+0x360a6e]
V  [jvm.dll+0x360c9f]
V  [jvm.dll+0x2e0928]
V  [jvm.dll+0x2ded34]
V  [jvm.dll+0x2de33c]
V  [jvm.dll+0x321d2b]
V  [jvm.dll+0x83dd5b]
V  [jvm.dll+0x83ea92]
V  [jvm.dll+0x83efad]
V  [jvm.dll+0x83f384]
V  [jvm.dll+0x83f450]
V  [jvm.dll+0x7e6cba]
V  [jvm.dll+0x67e5c5]
C  [ucrtbase.dll+0x29333]
C  [KERNEL32.DLL+0x1257d]
C  [ntdll.dll+0x5af08]

VM_Operation (0x00000028790f1c70): G1CollectForAllocation, mode: safepoint, requested by thread 0x000001d65c9329c0


---------------  P R O C E S S  ---------------

Threads class SMR info:
_java_thread_list=0x000001d66042da40, length=88, elements={
0x000001d61dbd36d0, 0x000001d63b79ff30, 0x000001d63b7a0af0, 0x000001d63b7bc500,
0x000001d63b7bcdd0, 0x000001d63b7bf6b0, 0x000001d63b7c0070, 0x000001d63b7c0e10,
0x000001d63b7c48e0, 0x000001d63b938050, 0x000001d63b78df50, 0x000001d63bb16190,
0x000001d65c714600, 0x000001d65c565000, 0x000001d65ca4e840, 0x000001d65c9519e0,
0x000001d65cc15520, 0x000001d65c931a90, 0x000001d65c9329c0, 0x000001d65c931580,
0x000001d65c931070, 0x000001d65c931fa0, 0x000001d65b0d4250, 0x000001d65b0d5180,
0x000001d65b0d4760, 0x000001d65b0d3830, 0x000001d65b0d65c0, 0x000001d65b0d4c70,
0x000001d65b0d5690, 0x000001d65b0d3d40, 0x000001d65b0d60b0, 0x000001d65b0d5ba0,
0x000001d65b0d74f0, 0x000001d65b0d14c0, 0x000001d65b0d19d0, 0x000001d65b0d1ee0,
0x000001d65b0d23f0, 0x000001d65b0d2900, 0x000001d65b0d3320, 0x000001d65d716c60,
0x000001d65d719f00, 0x000001d65d7194e0, 0x000001d65d7143e0, 0x000001d65d71a410,
0x000001d65d718ac0, 0x000001d65d717170, 0x000001d65d71a920, 0x000001d65d7148f0,
0x000001d65d717b90, 0x000001d65d7199f0, 0x000001d65d7185b0, 0x000001d65d7180a0,
0x000001d65d7134b0, 0x000001d65d715820, 0x000001d65d715d30, 0x000001d65d71ae30,
0x000001d65d713ed0, 0x000001d65d714e00, 0x000001d65d716750, 0x000001d65d716240,
0x000001d65d715310, 0x000001d65eee00a0, 0x000001d65eee4270, 0x000001d65eedec60,
0x000001d65eee14e0, 0x000001d65eee2920, 0x000001d65eee3850, 0x000001d65eee3d60,
0x000001d65eeddd30, 0x000001d65eee2410, 0x000001d65eee4780, 0x000001d65eede240,
0x000001d65eee05b0, 0x000001d65eedf170, 0x000001d65eee4c90, 0x000001d65eedf680,
0x000001d65eee1f00, 0x000001d65eedfb90, 0x000001d65eede750, 0x000001d65eee19f0,
0x000001d65eee0fd0, 0x000001d65eee3340, 0x000001d65eee51a0, 0x000001d65eee56b0,
0x000001d660217380, 0x000001d660218cd0, 0x000001d6602187c0, 0x000001d660215f40
}

Java Threads: ( => current thread )
  0x000001d61dbd36d0 JavaThread "main" [_thread_blocked, id=9348, stack(0x0000002877400000,0x0000002877500000)]
  0x000001d63b79ff30 JavaThread "Reference Handler" daemon [_thread_blocked, id=12648, stack(0x0000002877b00000,0x0000002877c00000)]
  0x000001d63b7a0af0 JavaThread "Finalizer" daemon [_thread_blocked, id=7252, stack(0x0000002877c00000,0x0000002877d00000)]
  0x000001d63b7bc500 JavaThread "Signal Dispatcher" daemon [_thread_blocked, id=7208, stack(0x0000002877d00000,0x0000002877e00000)]
  0x000001d63b7bcdd0 JavaThread "Attach Listener" daemon [_thread_blocked, id=11688, stack(0x0000002877e00000,0x0000002877f00000)]
  0x000001d63b7bf6b0 JavaThread "Service Thread" daemon [_thread_blocked, id=14240, stack(0x0000002877f00000,0x0000002878000000)]
  0x000001d63b7c0070 JavaThread "Monitor Deflation Thread" daemon [_thread_blocked, id=1844, stack(0x0000002878000000,0x0000002878100000)]
  0x000001d63b7c0e10 JavaThread "C2 CompilerThread0" daemon [_thread_blocked, id=10524, stack(0x0000002878100000,0x0000002878200000)]
  0x000001d63b7c48e0 JavaThread "C1 CompilerThread0" daemon [_thread_blocked, id=6740, stack(0x0000002878200000,0x0000002878300000)]
  0x000001d63b938050 JavaThread "Sweeper thread" daemon [_thread_blocked, id=12672, stack(0x0000002878300000,0x0000002878400000)]
  0x000001d63b78df50 JavaThread "Common-Cleaner" daemon [_thread_blocked, id=7704, stack(0x0000002878400000,0x0000002878500000)]
  0x000001d63bb16190 JavaThread "Notification Thread" daemon [_thread_blocked, id=4496, stack(0x0000002878500000,0x0000002878600000)]
  0x000001d65c714600 JavaThread "Daemon health stats" [_thread_blocked, id=5916, stack(0x0000002878900000,0x0000002878a00000)]
  0x000001d65c565000 JavaThread "Incoming local TCP Connector on port 50313" [_thread_in_native, id=11800, stack(0x0000002878b00000,0x0000002878c00000)]
  0x000001d65ca4e840 JavaThread "Daemon periodic checks" [_thread_blocked, id=9776, stack(0x0000002878c00000,0x0000002878d00000)]
  0x000001d65c9519e0 JavaThread "Daemon" [_thread_blocked, id=9300, stack(0x0000002878d00000,0x0000002878e00000)]
  0x000001d65cc15520 JavaThread "Handler for socket connection from /127.0.0.1:50313 to /127.0.0.1:50315" [_thread_in_native, id=11384, stack(0x0000002878e00000,0x0000002878f00000)]
  0x000001d65c931a90 JavaThread "Cancel handler" [_thread_blocked, id=3548, stack(0x0000002878f00000,0x0000002879000000)]
  0x000001d65c9329c0 JavaThread "Daemon worker" [_thread_blocked, id=11592, stack(0x0000002879000000,0x0000002879100000)]
  0x000001d65c931580 JavaThread "Asynchronous log dispatcher for DefaultDaemonConnection: socket connection from /127.0.0.1:50313 to /127.0.0.1:50315" [_thread_blocked, id=13248, stack(0x0000002879100000,0x0000002879200000)]
  0x000001d65c931070 JavaThread "Stdin handler" [_thread_blocked, id=12616, stack(0x0000002879200000,0x0000002879300000)]
  0x000001d65c931fa0 JavaThread "Daemon client event forwarder" [_thread_blocked, id=10252, stack(0x0000002879300000,0x0000002879400000)]
  0x000001d65b0d4250 JavaThread "Cache worker for journal cache (C:\Users\Ashraf Qureshi\.gradle\caches\journal-1)" [_thread_blocked, id=6096, stack(0x0000002879400000,0x0000002879500000)]
  0x000001d65b0d5180 JavaThread "File lock request listener" [_thread_in_native, id=3380, stack(0x0000002879500000,0x0000002879600000)]
  0x000001d65b0d4760 JavaThread "Cache worker for file hash cache (C:\Users\Ashraf Qureshi\.gradle\caches\8.8\fileHashes)" [_thread_blocked, id=12244, stack(0x0000002879600000,0x0000002879700000)]
  0x000001d65b0d3830 JavaThread "Cache worker for file hash cache (F:\XportSpot\WareHouse\WareHouse\android\.gradle\8.8\fileHashes)" [_thread_blocked, id=13620, stack(0x0000002879700000,0x0000002879800000)]
  0x000001d65b0d65c0 JavaThread "File watcher server" daemon [_thread_blocked, id=8736, stack(0x0000002879800000,0x0000002879900000)]
  0x000001d65b0d4c70 JavaThread "File watcher consumer" daemon [_thread_blocked, id=10164, stack(0x0000002879900000,0x0000002879a00000)]
  0x000001d65b0d5690 JavaThread "Cache worker for checksums cache (F:\XportSpot\WareHouse\WareHouse\android\.gradle\8.8\checksums)" [_thread_blocked, id=9048, stack(0x0000002879a00000,0x0000002879b00000)]
  0x000001d65b0d3d40 JavaThread "Cache worker for file content cache (C:\Users\Ashraf Qureshi\.gradle\caches\8.8\fileContent)" [_thread_blocked, id=14304, stack(0x0000002879b00000,0x0000002879c00000)]
  0x000001d65b0d60b0 JavaThread "Cache worker for cache directory md-rule (C:\Users\Ashraf Qureshi\.gradle\caches\8.8\md-rule)" [_thread_blocked, id=6056, stack(0x0000002879c00000,0x0000002879d00000)]
  0x000001d65b0d5ba0 JavaThread "Cache worker for cache directory md-supplier (C:\Users\Ashraf Qureshi\.gradle\caches\8.8\md-supplier)" [_thread_blocked, id=4968, stack(0x0000002879d00000,0x0000002879e00000)]
  0x000001d65b0d74f0 JavaThread "jar transforms" [_thread_blocked, id=13924, stack(0x000000287a000000,0x000000287a100000)]
  0x000001d65b0d14c0 JavaThread "Unconstrained build operations" [_thread_blocked, id=11916, stack(0x0000002879f00000,0x000000287a000000)]
  0x000001d65b0d19d0 JavaThread "Unconstrained build operations Thread 2" [_thread_blocked, id=5616, stack(0x000000287a100000,0x000000287a200000)]
  0x000001d65b0d1ee0 JavaThread "Unconstrained build operations Thread 3" [_thread_blocked, id=5488, stack(0x000000287a300000,0x000000287a400000)]
  0x000001d65b0d23f0 JavaThread "Unconstrained build operations Thread 4" [_thread_blocked, id=6820, stack(0x000000287a400000,0x000000287a500000)]
  0x000001d65b0d2900 JavaThread "Unconstrained build operations Thread 5" [_thread_blocked, id=10420, stack(0x000000287a500000,0x000000287a600000)]
  0x000001d65b0d3320 JavaThread "Unconstrained build operations Thread 6" [_thread_blocked, id=5452, stack(0x000000287a600000,0x000000287a700000)]
  0x000001d65d716c60 JavaThread "Cache worker for Build Output Cleanup Cache (F:\XportSpot\WareHouse\WareHouse\node_modules\@react-native\gradle-plugin\.gradle\buildOutputCleanup)" [_thread_blocked, id=7752, stack(0x000000287a700000,0x000000287a800000)]
  0x000001d65d719f00 JavaThread "Unconstrained build operations Thread 7" [_thread_blocked, id=13452, stack(0x000000287a800000,0x000000287a900000)]
  0x000001d65d7194e0 JavaThread "Unconstrained build operations Thread 8" [_thread_blocked, id=10872, stack(0x000000287a900000,0x000000287aa00000)]
  0x000001d65d7143e0 JavaThread "Unconstrained build operations Thread 9" [_thread_blocked, id=10136, stack(0x000000287aa00000,0x000000287ab00000)]
  0x000001d65d71a410 JavaThread "Unconstrained build operations Thread 10" [_thread_blocked, id=2040, stack(0x000000287ab00000,0x000000287ac00000)]
  0x000001d65d718ac0 JavaThread "Unconstrained build operations Thread 11" [_thread_blocked, id=3612, stack(0x000000287ac00000,0x000000287ad00000)]
  0x000001d65d717170 JavaThread "Unconstrained build operations Thread 12" [_thread_blocked, id=11028, stack(0x000000287ad00000,0x000000287ae00000)]
  0x000001d65d71a920 JavaThread "Unconstrained build operations Thread 13" [_thread_blocked, id=9912, stack(0x000000287ae00000,0x000000287af00000)]
  0x000001d65d7148f0 JavaThread "Unconstrained build operations Thread 14" [_thread_blocked, id=3036, stack(0x000000287af00000,0x000000287b000000)]
  0x000001d65d717b90 JavaThread "Unconstrained build operations Thread 15" [_thread_blocked, id=10772, stack(0x000000287b000000,0x000000287b100000)]
  0x000001d65d7199f0 JavaThread "Memory manager" [_thread_blocked, id=10192, stack(0x000000287b100000,0x000000287b200000)]
  0x000001d65d7185b0 JavaThread "build event listener" [_thread_blocked, id=8712, stack(0x000000287b200000,0x000000287b300000)]
  0x000001d65d7180a0 JavaThread "ForkJoinPool.commonPool-worker-1" daemon [_thread_blocked, id=9104, stack(0x000000287b300000,0x000000287b400000)]
  0x000001d65d7134b0 JavaThread "ForkJoinPool.commonPool-worker-2" daemon [_thread_blocked, id=8888, stack(0x000000287b400000,0x000000287b500000)]
  0x000001d65d715820 JavaThread "ForkJoinPool.commonPool-worker-3" daemon [_thread_blocked, id=12928, stack(0x000000287b500000,0x000000287b600000)]
  0x000001d65d715d30 JavaThread "included builds" [_thread_blocked, id=7844, stack(0x000000287b600000,0x000000287b700000)]
  0x000001d65d71ae30 JavaThread "Execution worker" [_thread_blocked, id=12668, stack(0x000000287b700000,0x000000287b800000)]
  0x000001d65d713ed0 JavaThread "Execution worker Thread 2" [_thread_blocked, id=3868, stack(0x000000287b800000,0x000000287b900000)]
  0x000001d65d714e00 JavaThread "Execution worker Thread 3" [_thread_blocked, id=10896, stack(0x000000287b900000,0x000000287ba00000)]
  0x000001d65d716750 JavaThread "Cache worker for execution history cache (F:\XportSpot\WareHouse\WareHouse\node_modules\@react-native\gradle-plugin\.gradle\8.8\executionHistory)" [_thread_blocked, id=10320, stack(0x000000287ba00000,0x000000287bb00000)]
  0x000001d65d716240 JavaThread "Unconstrained build operations Thread 16" [_thread_blocked, id=7500, stack(0x000000287bb00000,0x000000287bc00000)]
  0x000001d65d715310 JavaThread "Unconstrained build operations Thread 17" [_thread_blocked, id=12624, stack(0x000000287bc00000,0x000000287bd00000)]
  0x000001d65eee00a0 JavaThread "Unconstrained build operations Thread 18" [_thread_blocked, id=11764, stack(0x000000287bd00000,0x000000287be00000)]
  0x000001d65eee4270 JavaThread "Unconstrained build operations Thread 19" [_thread_blocked, id=13044, stack(0x000000287be00000,0x000000287bf00000)]
  0x000001d65eedec60 JavaThread "Unconstrained build operations Thread 20" [_thread_blocked, id=2160, stack(0x000000287bf00000,0x000000287c000000)]
  0x000001d65eee14e0 JavaThread "Unconstrained build operations Thread 21" [_thread_blocked, id=5984, stack(0x000000287c000000,0x000000287c100000)]
  0x000001d65eee2920 JavaThread "Unconstrained build operations Thread 22" [_thread_blocked, id=8008, stack(0x000000287c100000,0x000000287c200000)]
  0x000001d65eee3850 JavaThread "Unconstrained build operations Thread 23" [_thread_blocked, id=5272, stack(0x000000287c200000,0x000000287c300000)]
  0x000001d65eee3d60 JavaThread "Unconstrained build operations Thread 24" [_thread_blocked, id=8984, stack(0x000000287c300000,0x000000287c400000)]
  0x000001d65eeddd30 JavaThread "Unconstrained build operations Thread 25" [_thread_blocked, id=10332, stack(0x000000287c400000,0x000000287c500000)]
  0x000001d65eee2410 JavaThread "Unconstrained build operations Thread 26" [_thread_blocked, id=6060, stack(0x000000287c500000,0x000000287c600000)]
  0x000001d65eee4780 JavaThread "Unconstrained build operations Thread 27" [_thread_blocked, id=6064, stack(0x000000287c600000,0x000000287c700000)]
  0x000001d65eede240 JavaThread "Unconstrained build operations Thread 28" [_thread_blocked, id=5760, stack(0x000000287c700000,0x000000287c800000)]
  0x000001d65eee05b0 JavaThread "Unconstrained build operations Thread 29" [_thread_blocked, id=13800, stack(0x000000287c800000,0x000000287c900000)]
  0x000001d65eedf170 JavaThread "Unconstrained build operations Thread 30" [_thread_blocked, id=14224, stack(0x000000287c900000,0x000000287ca00000)]
  0x000001d65eee4c90 JavaThread "Unconstrained build operations Thread 31" [_thread_blocked, id=13524, stack(0x000000287ca00000,0x000000287cb00000)]
  0x000001d65eedf680 JavaThread "Unconstrained build operations Thread 32" [_thread_blocked, id=3448, stack(0x000000287cb00000,0x000000287cc00000)]
  0x000001d65eee1f00 JavaThread "Unconstrained build operations Thread 33" [_thread_blocked, id=3520, stack(0x000000287cc00000,0x000000287cd00000)]
  0x000001d65eedfb90 JavaThread "Unconstrained build operations Thread 34" [_thread_blocked, id=5284, stack(0x000000287cd00000,0x000000287ce00000)]
  0x000001d65eede750 JavaThread "Unconstrained build operations Thread 35" [_thread_blocked, id=12032, stack(0x000000287ce00000,0x000000287cf00000)]
  0x000001d65eee19f0 JavaThread "Unconstrained build operations Thread 36" [_thread_blocked, id=11776, stack(0x000000287cf00000,0x000000287d000000)]
  0x000001d65eee0fd0 JavaThread "jar transforms Thread 2" [_thread_blocked, id=3336, stack(0x000000287d000000,0x000000287d100000)]
  0x000001d65eee3340 JavaThread "Cache worker for Build Output Cleanup Cache (F:\XportSpot\WareHouse\WareHouse\android\.gradle\buildOutputCleanup)" [_thread_blocked, id=12252, stack(0x000000287d100000,0x000000287d200000)]
  0x000001d65eee51a0 JavaThread "jar transforms Thread 3" [_thread_blocked, id=10308, stack(0x000000287d200000,0x000000287d300000)]
  0x000001d65eee56b0 JavaThread "Unconstrained build operations Thread 37" [_thread_blocked, id=12400, stack(0x000000287d300000,0x000000287d400000)]
  0x000001d660217380 JavaThread "Unconstrained build operations Thread 38" [_thread_blocked, id=9112, stack(0x000000287d400000,0x000000287d500000)]
  0x000001d660218cd0 JavaThread "Unconstrained build operations Thread 39" [_thread_blocked, id=4680, stack(0x000000287d500000,0x000000287d600000)]
  0x000001d6602187c0 JavaThread "Unconstrained build operations Thread 40" [_thread_blocked, id=4860, stack(0x000000287d600000,0x000000287d700000)]
  0x000001d660215f40 JavaThread "jar transforms Thread 4" [_thread_blocked, id=8716, stack(0x000000287d700000,0x000000287d800000)]

Other Threads:
=>0x000001d63b79d140 VMThread "VM Thread" [stack: 0x0000002877a00000,0x0000002877b00000] [id=13624]
  0x000001d63baa39a0 WatcherThread [stack: 0x0000002878600000,0x0000002878700000] [id=4716]
  0x000001d61dc2ca60 GCTaskThread "GC Thread#0" [stack: 0x0000002877500000,0x0000002877600000] [id=8072]
  0x000001d63bb57080 GCTaskThread "GC Thread#1" [stack: 0x0000002878700000,0x0000002878800000] [id=10640]
  0x000001d63bb57340 GCTaskThread "GC Thread#2" [stack: 0x0000002878800000,0x0000002878900000] [id=6300]
  0x000001d65b921a50 GCTaskThread "GC Thread#3" [stack: 0x0000002878a00000,0x0000002878b00000] [id=3948]
  0x000001d61dc3d9b0 ConcurrentGCThread "G1 Main Marker" [stack: 0x0000002877600000,0x0000002877700000] [id=11732]
  0x000001d61dc3e3d0 ConcurrentGCThread "G1 Conc#0" [stack: 0x0000002877700000,0x0000002877800000] [id=9344]
  0x000001d61dc7e4e0 ConcurrentGCThread "G1 Refine#0" [stack: 0x0000002877800000,0x0000002877900000] [id=7280]
  0x000001d65c37f650 ConcurrentGCThread "G1 Refine#1" [stack: 0x0000002879e00000,0x0000002879f00000] [id=5200]
  0x000001d63b6580f0 ConcurrentGCThread "G1 Service" [stack: 0x0000002877900000,0x0000002877a00000] [id=7212]

Threads with active compile tasks:
C2 CompilerThread0    26023 10893       4       java.util.jar.JarFile::getManifest (5 bytes)
C1 CompilerThread0    26023 11015       3       org.gradle.api.internal.provider.sources.GradlePropertyValueSource$Parameters_Decorated::$gradleInit (10 bytes)

VM state: at safepoint (normal execution)

VM Mutex/Monitor currently owned by a thread:  ([mutex/lock_event])
[0x000001d61dbcd910] Threads_lock - owner thread: 0x000001d63b79d140
[0x000001d61dbce180] Heap_lock - owner thread: 0x000001d65c9329c0

Heap address: 0x0000000080000000, size: 2048 MB, Compressed Oops mode: 32-bit

CDS archive(s) mapped at: [0x000001d63c000000-0x000001d63cbb0000-0x000001d63cbb0000), size 12255232, SharedBaseAddress: 0x000001d63c000000, ArchiveRelocationMode: 1.
Compressed class space mapped at: 0x000001d63d000000-0x000001d657000000, reserved size: 436207616
Narrow klass base: 0x000001d63c000000, Narrow klass shift: 0, Narrow klass range: 0x100000000

GC Precious Log:
 CPUs: 4 total, 4 available
 Memory: 7957M
 Large Page Support: Disabled
 NUMA Support: Disabled
 Compressed Oops: Enabled (32-bit)
 Heap Region Size: 1M
 Heap Min Capacity: 8M
 Heap Initial Capacity: 126M
 Heap Max Capacity: 2G
 Pre-touch: Disabled
 Parallel Workers: 4
 Concurrent Workers: 1
 Concurrent Refinement Workers: 4
 Periodic GC: Disabled

Heap:
 garbage-first heap   total 153600K, used 93994K [0x0000000080000000, 0x0000000100000000)
  region size 1024K, 1 young (1024K), 1 survivors (1024K)
 Metaspace       used 76699K, committed 77504K, reserved 557056K
  class space    used 10631K, committed 11008K, reserved 425984K

Heap Regions: E=young(eden), S=young(survivor), O=old, HS=humongous(starts), HC=humongous(continues), CS=collection set, F=free, OA=open archive, CA=closed archive, TAMS=top-at-mark-start (previous, next)
|   0|0x0000000080000000, 0x0000000080100000, 0x0000000080100000|100%|HS|  |TAMS 0x0000000080100000, 0x0000000080100000| Complete 
|   1|0x0000000080100000, 0x0000000080200000, 0x0000000080200000|100%|HC|  |TAMS 0x0000000080200000, 0x0000000080200000| Complete 
|   2|0x0000000080200000, 0x0000000080300000, 0x0000000080300000|100%|HC|  |TAMS 0x0000000080300000, 0x0000000080300000| Complete 
|   3|0x0000000080300000, 0x0000000080400000, 0x0000000080400000|100%|HC|  |TAMS 0x0000000080400000, 0x0000000080400000| Complete 
|   4|0x0000000080400000, 0x0000000080500000, 0x0000000080500000|100%| O|  |TAMS 0x0000000080500000, 0x0000000080500000| Untracked 
|   5|0x0000000080500000, 0x0000000080600000, 0x0000000080600000|100%| O|  |TAMS 0x0000000080600000, 0x0000000080600000| Untracked 
|   6|0x0000000080600000, 0x0000000080700000, 0x0000000080700000|100%| O|  |TAMS 0x0000000080700000, 0x0000000080700000| Untracked 
|   7|0x0000000080700000, 0x0000000080800000, 0x0000000080800000|100%| O|  |TAMS 0x0000000080800000, 0x0000000080800000| Untracked 
|   8|0x0000000080800000, 0x0000000080900000, 0x0000000080900000|100%|HS|  |TAMS 0x0000000080900000, 0x0000000080900000| Complete 
|   9|0x0000000080900000, 0x0000000080a00000, 0x0000000080a00000|100%| O|  |TAMS 0x0000000080a00000, 0x0000000080a00000| Untracked 
|  10|0x0000000080a00000, 0x0000000080b00000, 0x0000000080b00000|100%| O|  |TAMS 0x0000000080b00000, 0x0000000080b00000| Untracked 
|  11|0x0000000080b00000, 0x0000000080c00000, 0x0000000080c00000|100%| O|  |TAMS 0x0000000080c00000, 0x0000000080c00000| Untracked 
|  12|0x0000000080c00000, 0x0000000080d00000, 0x0000000080d00000|100%| O|  |TAMS 0x0000000080d00000, 0x0000000080d00000| Untracked 
|  13|0x0000000080d00000, 0x0000000080e00000, 0x0000000080e00000|100%| O|  |TAMS 0x0000000080e00000, 0x0000000080e00000| Untracked 
|  14|0x0000000080e00000, 0x0000000080f00000, 0x0000000080f00000|100%| O|  |TAMS 0x0000000080f00000, 0x0000000080f00000| Untracked 
|  15|0x0000000080f00000, 0x0000000081000000, 0x0000000081000000|100%| O|  |TAMS 0x0000000081000000, 0x0000000081000000| Untracked 
|  16|0x0000000081000000, 0x0000000081100000, 0x0000000081100000|100%| O|  |TAMS 0x0000000081100000, 0x0000000081100000| Untracked 
|  17|0x0000000081100000, 0x0000000081200000, 0x0000000081200000|100%| O|  |TAMS 0x0000000081200000, 0x0000000081200000| Untracked 
|  18|0x0000000081200000, 0x0000000081300000, 0x0000000081300000|100%| O|  |TAMS 0x0000000081300000, 0x0000000081300000| Untracked 
|  19|0x0000000081300000, 0x0000000081400000, 0x0000000081400000|100%| O|  |TAMS 0x0000000081400000, 0x0000000081400000| Untracked 
|  20|0x0000000081400000, 0x0000000081500000, 0x0000000081500000|100%| O|  |TAMS 0x0000000081500000, 0x0000000081500000| Untracked 
|  21|0x0000000081500000, 0x0000000081600000, 0x0000000081600000|100%| O|  |TAMS 0x0000000081600000, 0x0000000081600000| Untracked 
|  22|0x0000000081600000, 0x0000000081700000, 0x0000000081700000|100%| O|  |TAMS 0x0000000081700000, 0x0000000081700000| Untracked 
|  23|0x0000000081700000, 0x0000000081800000, 0x0000000081800000|100%| O|  |TAMS 0x0000000081800000, 0x0000000081800000| Untracked 
|  24|0x0000000081800000, 0x0000000081900000, 0x0000000081900000|100%| O|  |TAMS 0x0000000081900000, 0x0000000081900000| Untracked 
|  25|0x0000000081900000, 0x0000000081a00000, 0x0000000081a00000|100%| O|  |TAMS 0x0000000081a00000, 0x0000000081a00000| Untracked 
|  26|0x0000000081a00000, 0x0000000081b00000, 0x0000000081b00000|100%| O|  |TAMS 0x0000000081b00000, 0x0000000081b00000| Untracked 
|  27|0x0000000081b00000, 0x0000000081c00000, 0x0000000081c00000|100%| O|  |TAMS 0x0000000081c00000, 0x0000000081c00000| Untracked 
|  28|0x0000000081c00000, 0x0000000081d00000, 0x0000000081d00000|100%| O|  |TAMS 0x0000000081d00000, 0x0000000081d00000| Untracked 
|  29|0x0000000081d00000, 0x0000000081e00000, 0x0000000081e00000|100%| O|  |TAMS 0x0000000081e00000, 0x0000000081e00000| Untracked 
|  30|0x0000000081e00000, 0x0000000081f00000, 0x0000000081f00000|100%| O|  |TAMS 0x0000000081f00000, 0x0000000081f00000| Untracked 
|  31|0x0000000081f00000, 0x0000000082000000, 0x0000000082000000|100%| O|  |TAMS 0x0000000082000000, 0x0000000082000000| Untracked 
|  32|0x0000000082000000, 0x0000000082100000, 0x0000000082100000|100%| O|  |TAMS 0x0000000082100000, 0x0000000082100000| Untracked 
|  33|0x0000000082100000, 0x0000000082200000, 0x0000000082200000|100%| O|  |TAMS 0x0000000082200000, 0x0000000082200000| Untracked 
|  34|0x0000000082200000, 0x0000000082300000, 0x0000000082300000|100%| O|  |TAMS 0x0000000082300000, 0x0000000082300000| Untracked 
|  35|0x0000000082300000, 0x0000000082400000, 0x0000000082400000|100%| O|  |TAMS 0x0000000082400000, 0x0000000082400000| Untracked 
|  36|0x0000000082400000, 0x0000000082500000, 0x0000000082500000|100%| O|  |TAMS 0x0000000082500000, 0x0000000082500000| Untracked 
|  37|0x0000000082500000, 0x0000000082600000, 0x0000000082600000|100%| O|  |TAMS 0x0000000082600000, 0x0000000082600000| Untracked 
|  38|0x0000000082600000, 0x0000000082700000, 0x0000000082700000|100%| O|  |TAMS 0x0000000082700000, 0x0000000082700000| Untracked 
|  39|0x0000000082700000, 0x0000000082800000, 0x0000000082800000|100%| O|  |TAMS 0x0000000082800000, 0x0000000082800000| Untracked 
|  40|0x0000000082800000, 0x0000000082900000, 0x0000000082900000|100%| O|  |TAMS 0x0000000082900000, 0x0000000082900000| Untracked 
|  41|0x0000000082900000, 0x0000000082a00000, 0x0000000082a00000|100%|HS|  |TAMS 0x0000000082a00000, 0x0000000082a00000| Complete 
|  42|0x0000000082a00000, 0x0000000082b00000, 0x0000000082b00000|100%|HC|  |TAMS 0x0000000082b00000, 0x0000000082b00000| Complete 
|  43|0x0000000082b00000, 0x0000000082c00000, 0x0000000082c00000|100%|HS|  |TAMS 0x0000000082c00000, 0x0000000082c00000| Complete 
|  44|0x0000000082c00000, 0x0000000082d00000, 0x0000000082d00000|100%|HC|  |TAMS 0x0000000082d00000, 0x0000000082d00000| Complete 
|  45|0x0000000082d00000, 0x0000000082e00000, 0x0000000082e00000|100%|HS|  |TAMS 0x0000000082e00000, 0x0000000082e00000| Complete 
|  46|0x0000000082e00000, 0x0000000082f00000, 0x0000000082f00000|100%|HC|  |TAMS 0x0000000082f00000, 0x0000000082f00000| Complete 
|  47|0x0000000082f00000, 0x0000000083000000, 0x0000000083000000|100%|HC|  |TAMS 0x0000000083000000, 0x0000000083000000| Complete 
|  48|0x0000000083000000, 0x0000000083100000, 0x0000000083100000|100%|HC|  |TAMS 0x0000000083100000, 0x0000000083100000| Complete 
|  49|0x0000000083100000, 0x0000000083200000, 0x0000000083200000|100%|HS|  |TAMS 0x0000000083200000, 0x0000000083200000| Complete 
|  50|0x0000000083200000, 0x0000000083300000, 0x0000000083300000|100%|HC|  |TAMS 0x0000000083300000, 0x0000000083300000| Complete 
|  51|0x0000000083300000, 0x0000000083400000, 0x0000000083400000|100%|HC|  |TAMS 0x0000000083400000, 0x0000000083400000| Complete 
|  52|0x0000000083400000, 0x0000000083500000, 0x0000000083500000|100%|HC|  |TAMS 0x0000000083500000, 0x0000000083500000| Complete 
|  53|0x0000000083500000, 0x0000000083600000, 0x0000000083600000|100%| O|  |TAMS 0x0000000083600000, 0x0000000083600000| Untracked 
|  54|0x0000000083600000, 0x0000000083700000, 0x0000000083700000|100%| O|  |TAMS 0x0000000083700000, 0x0000000083700000| Untracked 
|  55|0x0000000083700000, 0x0000000083800000, 0x0000000083800000|100%| O|  |TAMS 0x0000000083800000, 0x0000000083800000| Untracked 
|  56|0x0000000083800000, 0x0000000083900000, 0x0000000083900000|100%| O|  |TAMS 0x0000000083900000, 0x0000000083900000| Untracked 
|  57|0x0000000083900000, 0x0000000083a00000, 0x0000000083a00000|100%| O|  |TAMS 0x0000000083a00000, 0x0000000083a00000| Untracked 
|  58|0x0000000083a00000, 0x0000000083b00000, 0x0000000083b00000|100%| O|  |TAMS 0x0000000083b00000, 0x0000000083b00000| Untracked 
|  59|0x0000000083b00000, 0x0000000083c00000, 0x0000000083c00000|100%| O|  |TAMS 0x0000000083c00000, 0x0000000083c00000| Untracked 
|  60|0x0000000083c00000, 0x0000000083d00000, 0x0000000083d00000|100%| O|  |TAMS 0x0000000083d00000, 0x0000000083d00000| Untracked 
|  61|0x0000000083d00000, 0x0000000083e00000, 0x0000000083e00000|100%| O|  |TAMS 0x0000000083e00000, 0x0000000083e00000| Untracked 
|  62|0x0000000083e00000, 0x0000000083f00000, 0x0000000083f00000|100%| O|  |TAMS 0x0000000083f00000, 0x0000000083f00000| Untracked 
|  63|0x0000000083f00000, 0x0000000084000000, 0x0000000084000000|100%| O|  |TAMS 0x0000000084000000, 0x0000000084000000| Untracked 
|  64|0x0000000084000000, 0x0000000084000000, 0x0000000084100000|  0%| F|  |TAMS 0x0000000084000000, 0x0000000084000000| Untracked 
|  65|0x0000000084100000, 0x0000000084200000, 0x0000000084200000|100%| O|  |TAMS 0x0000000084200000, 0x0000000084200000| Untracked 
|  66|0x0000000084200000, 0x0000000084300000, 0x0000000084300000|100%| O|  |TAMS 0x0000000084300000, 0x0000000084300000| Untracked 
|  67|0x0000000084300000, 0x0000000084400000, 0x0000000084400000|100%| O|  |TAMS 0x0000000084400000, 0x0000000084400000| Untracked 
|  68|0x0000000084400000, 0x0000000084500000, 0x0000000084500000|100%| O|  |TAMS 0x0000000084500000, 0x0000000084500000| Untracked 
|  69|0x0000000084500000, 0x0000000084600000, 0x0000000084600000|100%| O|  |TAMS 0x0000000084600000, 0x0000000084600000| Untracked 
|  70|0x0000000084600000, 0x0000000084700000, 0x0000000084700000|100%| O|  |TAMS 0x0000000084700000, 0x0000000084700000| Untracked 
|  71|0x0000000084700000, 0x0000000084800000, 0x0000000084800000|100%|HS|  |TAMS 0x0000000084700000, 0x0000000084800000| Complete 
|  72|0x0000000084800000, 0x0000000084900000, 0x0000000084900000|100%| O|  |TAMS 0x0000000084900000, 0x0000000084900000| Untracked 
|  73|0x0000000084900000, 0x0000000084a00000, 0x0000000084a00000|100%| O|  |TAMS 0x0000000084a00000, 0x0000000084a00000| Untracked 
|  74|0x0000000084a00000, 0x0000000084b00000, 0x0000000084b00000|100%| O|  |TAMS 0x0000000084b00000, 0x0000000084b00000| Untracked 
|  75|0x0000000084b00000, 0x0000000084c00000, 0x0000000084c00000|100%| O|  |TAMS 0x0000000084c00000, 0x0000000084c00000| Untracked 
|  76|0x0000000084c00000, 0x0000000084d00000, 0x0000000084d00000|100%| O|  |TAMS 0x0000000084d00000, 0x0000000084d00000| Untracked 
|  77|0x0000000084d00000, 0x0000000084e00000, 0x0000000084e00000|100%| O|  |TAMS 0x0000000084e00000, 0x0000000084e00000| Untracked 
|  78|0x0000000084e00000, 0x0000000084f00000, 0x0000000084f00000|100%| O|  |TAMS 0x0000000084f00000, 0x0000000084f00000| Untracked 
|  79|0x0000000084f00000, 0x0000000085000000, 0x0000000085000000|100%| O|  |TAMS 0x0000000084f46a00, 0x0000000085000000| Untracked 
|  80|0x0000000085000000, 0x0000000085100000, 0x0000000085100000|100%|HS|  |TAMS 0x0000000085000000, 0x0000000085100000| Complete 
|  81|0x0000000085100000, 0x0000000085200000, 0x0000000085200000|100%|HS|  |TAMS 0x0000000085100000, 0x0000000085200000| Complete 
|  82|0x0000000085200000, 0x0000000085300000, 0x0000000085300000|100%|HS|  |TAMS 0x0000000085200000, 0x0000000085300000| Complete 
|  83|0x0000000085300000, 0x0000000085400000, 0x0000000085400000|100%| O|  |TAMS 0x0000000085300000, 0x0000000085400000| Untracked 
|  84|0x0000000085400000, 0x0000000085500000, 0x0000000085500000|100%|HS|  |TAMS 0x0000000085400000, 0x0000000085500000| Complete 
|  85|0x0000000085500000, 0x0000000085600000, 0x0000000085600000|100%|HS|  |TAMS 0x0000000085500000, 0x0000000085600000| Complete 
|  86|0x0000000085600000, 0x0000000085700000, 0x0000000085700000|100%| O|  |TAMS 0x0000000085600000, 0x0000000085700000| Untracked 
|  87|0x0000000085700000, 0x0000000085800000, 0x0000000085800000|100%| O|  |TAMS 0x0000000085700000, 0x0000000085800000| Untracked 
|  88|0x0000000085800000, 0x0000000085900000, 0x0000000085900000|100%| O|  |TAMS 0x0000000085800000, 0x0000000085900000| Untracked 
|  89|0x0000000085900000, 0x0000000085a00000, 0x0000000085a00000|100%| O|  |TAMS 0x0000000085900000, 0x0000000085a00000| Untracked 
|  90|0x0000000085a00000, 0x0000000085b00000, 0x0000000085b00000|100%| O|  |TAMS 0x0000000085a00000, 0x0000000085b00000| Untracked 
|  91|0x0000000085b00000, 0x0000000085be8800, 0x0000000085c00000| 90%| O|  |TAMS 0x0000000085b00000, 0x0000000085be8800| Untracked 
|  92|0x0000000085c00000, 0x0000000085c00000, 0x0000000085d00000|  0%| F|  |TAMS 0x0000000085c00000, 0x0000000085c00000| Untracked 
|  93|0x0000000085d00000, 0x0000000085d00000, 0x0000000085e00000|  0%| F|  |TAMS 0x0000000085d00000, 0x0000000085d00000| Untracked 
|  94|0x0000000085e00000, 0x0000000085e00000, 0x0000000085f00000|  0%| F|  |TAMS 0x0000000085e00000, 0x0000000085e00000| Untracked 
|  95|0x0000000085f00000, 0x0000000085f00000, 0x0000000086000000|  0%| F|  |TAMS 0x0000000085f00000, 0x0000000085f00000| Untracked 
|  96|0x0000000086000000, 0x0000000086000000, 0x0000000086100000|  0%| F|  |TAMS 0x0000000086000000, 0x0000000086000000| Untracked 
|  97|0x0000000086100000, 0x0000000086100000, 0x0000000086200000|  0%| F|  |TAMS 0x0000000086100000, 0x0000000086100000| Untracked 
|  98|0x0000000086200000, 0x0000000086200000, 0x0000000086300000|  0%| F|  |TAMS 0x0000000086200000, 0x0000000086200000| Untracked 
|  99|0x0000000086300000, 0x0000000086300000, 0x0000000086400000|  0%| F|  |TAMS 0x0000000086300000, 0x0000000086300000| Untracked 
| 100|0x0000000086400000, 0x0000000086400000, 0x0000000086500000|  0%| F|  |TAMS 0x0000000086400000, 0x0000000086400000| Untracked 
| 101|0x0000000086500000, 0x0000000086500000, 0x0000000086600000|  0%| F|  |TAMS 0x0000000086500000, 0x0000000086500000| Untracked 
| 102|0x0000000086600000, 0x0000000086600000, 0x0000000086700000|  0%| F|  |TAMS 0x0000000086600000, 0x0000000086600000| Untracked 
| 103|0x0000000086700000, 0x0000000086700000, 0x0000000086800000|  0%| F|  |TAMS 0x0000000086700000, 0x0000000086700000| Untracked 
| 104|0x0000000086800000, 0x0000000086800000, 0x0000000086900000|  0%| F|  |TAMS 0x0000000086800000, 0x0000000086800000| Untracked 
| 105|0x0000000086900000, 0x0000000086900000, 0x0000000086a00000|  0%| F|  |TAMS 0x0000000086900000, 0x0000000086900000| Untracked 
| 106|0x0000000086a00000, 0x0000000086a00000, 0x0000000086b00000|  0%| F|  |TAMS 0x0000000086a00000, 0x0000000086a00000| Untracked 
| 107|0x0000000086b00000, 0x0000000086b00000, 0x0000000086c00000|  0%| F|  |TAMS 0x0000000086b00000, 0x0000000086b00000| Untracked 
| 108|0x0000000086c00000, 0x0000000086c00000, 0x0000000086d00000|  0%| F|  |TAMS 0x0000000086c00000, 0x0000000086c00000| Untracked 
| 109|0x0000000086d00000, 0x0000000086d00000, 0x0000000086e00000|  0%| F|  |TAMS 0x0000000086d00000, 0x0000000086d00000| Untracked 
| 110|0x0000000086e00000, 0x0000000086e00000, 0x0000000086f00000|  0%| F|  |TAMS 0x0000000086e00000, 0x0000000086e00000| Untracked 
| 111|0x0000000086f00000, 0x0000000086f00000, 0x0000000087000000|  0%| F|  |TAMS 0x0000000086f00000, 0x0000000086f00000| Untracked 
| 112|0x0000000087000000, 0x00000000870e23d8, 0x0000000087100000| 88%| S|CS|TAMS 0x0000000087000000, 0x0000000087000000| Complete 
| 113|0x0000000087100000, 0x0000000087100000, 0x0000000087200000|  0%| F|  |TAMS 0x0000000087100000, 0x0000000087100000| Untracked 
| 114|0x0000000087200000, 0x0000000087200000, 0x0000000087300000|  0%| F|  |TAMS 0x0000000087200000, 0x0000000087200000| Untracked 
| 115|0x0000000087300000, 0x0000000087300000, 0x0000000087400000|  0%| F|  |TAMS 0x0000000087300000, 0x0000000087300000| Untracked 
| 116|0x0000000087400000, 0x0000000087400000, 0x0000000087500000|  0%| F|  |TAMS 0x0000000087400000, 0x0000000087400000| Untracked 
| 117|0x0000000087500000, 0x0000000087500000, 0x0000000087600000|  0%| F|  |TAMS 0x0000000087500000, 0x0000000087500000| Untracked 
| 118|0x0000000087600000, 0x0000000087600000, 0x0000000087700000|  0%| F|  |TAMS 0x0000000087600000, 0x0000000087600000| Untracked 
| 119|0x0000000087700000, 0x0000000087700000, 0x0000000087800000|  0%| F|  |TAMS 0x0000000087700000, 0x0000000087700000| Untracked 
| 120|0x0000000087800000, 0x0000000087800000, 0x0000000087900000|  0%| F|  |TAMS 0x0000000087800000, 0x0000000087800000| Untracked 
| 121|0x0000000087900000, 0x0000000087900000, 0x0000000087a00000|  0%| F|  |TAMS 0x0000000087900000, 0x0000000087900000| Untracked 
| 122|0x0000000087a00000, 0x0000000087a00000, 0x0000000087b00000|  0%| F|  |TAMS 0x0000000087a00000, 0x0000000087a00000| Untracked 
| 123|0x0000000087b00000, 0x0000000087b00000, 0x0000000087c00000|  0%| F|  |TAMS 0x0000000087b00000, 0x0000000087b00000| Untracked 
| 124|0x0000000087c00000, 0x0000000087c00000, 0x0000000087d00000|  0%| F|  |TAMS 0x0000000087c00000, 0x0000000087c00000| Untracked 
| 125|0x0000000087d00000, 0x0000000087d00000, 0x0000000087e00000|  0%| F|  |TAMS 0x0000000087d00000, 0x0000000087d00000| Untracked 
| 126|0x0000000087e00000, 0x0000000087e00000, 0x0000000087f00000|  0%| F|  |TAMS 0x0000000087e00000, 0x0000000087e00000| Untracked 
| 127|0x0000000087f00000, 0x0000000087f00000, 0x0000000088000000|  0%| F|  |TAMS 0x0000000087f00000, 0x0000000087f00000| Untracked 
| 128|0x0000000088000000, 0x0000000088000000, 0x0000000088100000|  0%| F|  |TAMS 0x0000000088000000, 0x0000000088000000| Untracked 
| 129|0x0000000088100000, 0x0000000088100000, 0x0000000088200000|  0%| F|  |TAMS 0x0000000088100000, 0x0000000088100000| Untracked 
| 130|0x0000000088200000, 0x0000000088200000, 0x0000000088300000|  0%| F|  |TAMS 0x0000000088200000, 0x0000000088200000| Untracked 
| 131|0x0000000088300000, 0x0000000088300000, 0x0000000088400000|  0%| F|  |TAMS 0x0000000088300000, 0x0000000088300000| Untracked 
| 132|0x0000000088400000, 0x0000000088400000, 0x0000000088500000|  0%| F|  |TAMS 0x0000000088400000, 0x0000000088400000| Untracked 
| 133|0x0000000088500000, 0x0000000088500000, 0x0000000088600000|  0%| F|  |TAMS 0x0000000088500000, 0x0000000088500000| Untracked 
| 134|0x0000000088600000, 0x0000000088600000, 0x0000000088700000|  0%| F|  |TAMS 0x0000000088600000, 0x0000000088600000| Untracked 
| 135|0x0000000088700000, 0x0000000088700000, 0x0000000088800000|  0%| F|  |TAMS 0x0000000088700000, 0x0000000088700000| Untracked 
| 136|0x0000000088800000, 0x0000000088800000, 0x0000000088900000|  0%| F|  |TAMS 0x0000000088800000, 0x0000000088800000| Untracked 
| 137|0x0000000088900000, 0x0000000088900000, 0x0000000088a00000|  0%| F|  |TAMS 0x0000000088900000, 0x0000000088900000| Untracked 
| 138|0x0000000088a00000, 0x0000000088a00000, 0x0000000088b00000|  0%| F|  |TAMS 0x0000000088a00000, 0x0000000088a00000| Untracked 
| 139|0x0000000088b00000, 0x0000000088b00000, 0x0000000088c00000|  0%| F|  |TAMS 0x0000000088b00000, 0x0000000088b00000| Untracked 
| 140|0x0000000088c00000, 0x0000000088c00000, 0x0000000088d00000|  0%| F|  |TAMS 0x0000000088c00000, 0x0000000088c00000| Untracked 
| 141|0x0000000088d00000, 0x0000000088d00000, 0x0000000088e00000|  0%| F|  |TAMS 0x0000000088d00000, 0x0000000088d00000| Untracked 
| 142|0x0000000088e00000, 0x0000000088e00000, 0x0000000088f00000|  0%| F|  |TAMS 0x0000000088e00000, 0x0000000088e00000| Untracked 
| 143|0x0000000088f00000, 0x0000000088f00000, 0x0000000089000000|  0%| F|  |TAMS 0x0000000088f00000, 0x0000000088f00000| Untracked 
| 144|0x0000000089000000, 0x0000000089000000, 0x0000000089100000|  0%| F|  |TAMS 0x0000000089000000, 0x0000000089000000| Untracked 
| 145|0x0000000089100000, 0x0000000089100000, 0x0000000089200000|  0%| F|  |TAMS 0x0000000089100000, 0x0000000089100000| Untracked 
| 146|0x0000000089200000, 0x0000000089200000, 0x0000000089300000|  0%| F|  |TAMS 0x0000000089200000, 0x0000000089200000| Untracked 
| 147|0x0000000089300000, 0x0000000089300000, 0x0000000089400000|  0%| F|  |TAMS 0x0000000089300000, 0x0000000089300000| Untracked 
| 148|0x0000000089400000, 0x0000000089400000, 0x0000000089500000|  0%| F|  |TAMS 0x0000000089400000, 0x0000000089400000| Untracked 
| 149|0x0000000089500000, 0x0000000089500000, 0x0000000089600000|  0%| F|  |TAMS 0x0000000089500000, 0x0000000089500000| Untracked 

Card table byte_map: [0x000001d634af0000,0x000001d634ef0000] _byte_map_base: 0x000001d6346f0000

Marking Bits (Prev, Next): (CMBitMap*) 0x000001d61dc2d0c0, (CMBitMap*) 0x000001d61dc2d080
 Prev Bits: [0x000001d6372f0000, 0x000001d6392f0000)
 Next Bits: [0x000001d6352f0000, 0x000001d6372f0000)

Polling page: 0x000001d61bb50000

Metaspace:

Usage:
  Non-class:     64.52 MB used.
      Class:     10.38 MB used.
       Both:     74.90 MB used.

Virtual space:
  Non-class space:      128.00 MB reserved,      64.94 MB ( 51%) committed,  2 nodes.
      Class space:      416.00 MB reserved,      10.75 MB (  3%) committed,  1 nodes.
             Both:      544.00 MB reserved,      75.69 MB ( 14%) committed. 

Chunk freelists:
   Non-Class:  14.95 MB
       Class:  5.28 MB
        Both:  20.24 MB

MaxMetaspaceSize: 512.00 MB
CompressedClassSpaceSize: 416.00 MB
Initial GC threshold: 21.00 MB
Current GC threshold: 116.06 MB
CDS: on
MetaspaceReclaimPolicy: balanced
 - commit_granule_bytes: 65536.
 - commit_granule_words: 8192.
 - virtual_space_node_default_size: 8388608.
 - enlarge_chunks_in_place: 1.
 - new_chunks_are_fully_committed: 0.
 - uncommit_free_chunks: 1.
 - use_allocation_guard: 0.
 - handle_deallocations: 1.


Internal statistics:

num_allocs_failed_limit: 6.
num_arena_births: 1092.
num_arena_deaths: 0.
num_vsnodes_births: 3.
num_vsnodes_deaths: 0.
num_space_committed: 1211.
num_space_uncommitted: 0.
num_chunks_returned_to_freelist: 6.
num_chunks_taken_from_freelist: 4404.
num_chunk_merges: 6.
num_chunk_splits: 2863.
num_chunks_enlarged: 1850.
num_inconsistent_stats: 0.

CodeHeap 'non-profiled nmethods': size=120000Kb used=5647Kb max_used=5786Kb free=114352Kb
 bounds [0x000001d62d1c0000, 0x000001d62d780000, 0x000001d6346f0000]
CodeHeap 'profiled nmethods': size=120000Kb used=17713Kb max_used=19570Kb free=102286Kb
 bounds [0x000001d6256f0000, 0x000001d626a10000, 0x000001d62cc20000]
CodeHeap 'non-nmethods': size=5760Kb used=2386Kb max_used=2430Kb free=3373Kb
 bounds [0x000001d62cc20000, 0x000001d62ce90000, 0x000001d62d1c0000]
 total_blobs=10301 nmethods=9396 adapters=818
 compilation: enabled
              stopped_count=0, restarted_count=0
 full_count=0

Compilation events (20 events):
Event: 25.958 Thread 0x000001d63b7c48e0 nmethod 11004 0x000001d625b06890 code [0x000001d625b06a60, 0x000001d625b06ef8]
Event: 25.958 Thread 0x000001d63b7c48e0 11005       3       com.android.build.gradle.options.ProjectOptions$OptionValue::getValue (20 bytes)
Event: 25.958 Thread 0x000001d63b7c48e0 nmethod 11005 0x000001d625da8090 code [0x000001d625da8240, 0x000001d625da8428]
Event: 25.958 Thread 0x000001d63b7c48e0 11006       3       com.android.build.gradle.options.ProjectOptions$OptionValue$$Lambda$1806/0x000001d63da54520::call (12 bytes)
Event: 25.958 Thread 0x000001d63b7c48e0 nmethod 11006 0x000001d625b43090 code [0x000001d625b43280, 0x000001d625b438c8]
Event: 25.966 Thread 0x000001d63b7c48e0 11007       3       org.gradle.internal.instantiation.generator.AsmBackedClassGenerator$ClassBuilderImpl::addServiceSupport (21 bytes)
Event: 25.966 Thread 0x000001d63b7c48e0 nmethod 11007 0x000001d6257a2390 code [0x000001d6257a2560, 0x000001d6257a28c8]
Event: 25.966 Thread 0x000001d63b7c48e0 11008       3       org.gradle.internal.instantiation.generator.AsmBackedClassGenerator$ClassBuilderImpl::addServiceGetter (20 bytes)
Event: 25.966 Thread 0x000001d63b7c48e0 nmethod 11008 0x000001d625f5a510 code [0x000001d625f5a720, 0x000001d625f5ad58]
Event: 25.978 Thread 0x000001d63b7c48e0 11010       3       java.lang.Class::getFactory (9 bytes)
Event: 25.978 Thread 0x000001d63b7c48e0 nmethod 11010 0x000001d625b00190 code [0x000001d625b00360, 0x000001d625b008d8]
Event: 25.978 Thread 0x000001d63b7c48e0 11011       3       org.gradle.api.services.internal.DefaultBuildServicesRegistry$DefaultServiceRegistration_Decorated::getName (39 bytes)
Event: 25.978 Thread 0x000001d63b7c48e0 nmethod 11011 0x000001d626525610 code [0x000001d6265257e0, 0x000001d626525b58]
Event: 25.981 Thread 0x000001d63b7c48e0 11013       3       org.gradle.api.internal.DefaultNamedDomainObjectCollection$UnfilteredIndex::put (13 bytes)
Event: 25.982 Thread 0x000001d63b7c48e0 nmethod 11013 0x000001d625dad790 code [0x000001d625dad940, 0x000001d625dadb08]
Event: 25.982 Thread 0x000001d63b7c48e0 11014       3       org.gradle.api.internal.provider.sources.GradlePropertyValueSource$Parameters_Decorated::<init> (9 bytes)
Event: 25.984 Thread 0x000001d63b7c48e0 nmethod 11014 0x000001d625cc7810 code [0x000001d625cc7b00, 0x000001d625cc8c68]
Event: 25.984 Thread 0x000001d63b7c48e0 11020       3       com.google.common.collect.AbstractIndexedListIterator::hasNext (17 bytes)
Event: 25.984 Thread 0x000001d63b7c48e0 nmethod 11020 0x000001d625e85b10 code [0x000001d625e85ca0, 0x000001d625e85e18]
Event: 25.984 Thread 0x000001d63b7c48e0 11015       3       org.gradle.api.internal.provider.sources.GradlePropertyValueSource$Parameters_Decorated::$gradleInit (10 bytes)

GC Heap History (20 events):
Event: 22.221 GC heap after
{Heap after GC invocations=29 (full 0):
 garbage-first heap   total 124928K, used 72871K [0x0000000080000000, 0x0000000100000000)
  region size 1024K, 3 young (3072K), 3 survivors (3072K)
 Metaspace       used 68726K, committed 69440K, reserved 491520K
  class space    used 9792K, committed 10112K, reserved 425984K
}
Event: 22.244 GC heap before
{Heap before GC invocations=29 (full 0):
 garbage-first heap   total 124928K, used 72871K [0x0000000080000000, 0x0000000100000000)
  region size 1024K, 4 young (4096K), 3 survivors (3072K)
 Metaspace       used 68816K, committed 69504K, reserved 491520K
  class space    used 9807K, committed 10112K, reserved 425984K
}
Event: 22.249 GC heap after
{Heap after GC invocations=30 (full 0):
 garbage-first heap   total 150528K, used 73083K [0x0000000080000000, 0x0000000100000000)
  region size 1024K, 1 young (1024K), 1 survivors (1024K)
 Metaspace       used 68816K, committed 69504K, reserved 491520K
  class space    used 9807K, committed 10112K, reserved 425984K
}
Event: 23.312 GC heap before
{Heap before GC invocations=31 (full 0):
 garbage-first heap   total 150528K, used 120187K [0x0000000080000000, 0x0000000100000000)
  region size 1024K, 47 young (48128K), 1 survivors (1024K)
 Metaspace       used 70475K, committed 71232K, reserved 491520K
  class space    used 9971K, committed 10304K, reserved 425984K
}
Event: 23.321 GC heap after
{Heap after GC invocations=32 (full 0):
 garbage-first heap   total 150528K, used 77918K [0x0000000080000000, 0x0000000100000000)
  region size 1024K, 6 young (6144K), 6 survivors (6144K)
 Metaspace       used 70475K, committed 71232K, reserved 491520K
  class space    used 9971K, committed 10304K, reserved 425984K
}
Event: 23.338 GC heap before
{Heap before GC invocations=32 (full 0):
 garbage-first heap   total 150528K, used 77918K [0x0000000080000000, 0x0000000100000000)
  region size 1024K, 7 young (7168K), 6 survivors (6144K)
 Metaspace       used 70478K, committed 71232K, reserved 491520K
  class space    used 9971K, committed 10304K, reserved 425984K
}
Event: 23.344 GC heap after
{Heap after GC invocations=33 (full 0):
 garbage-first heap   total 150528K, used 78620K [0x0000000080000000, 0x0000000100000000)
  region size 1024K, 1 young (1024K), 1 survivors (1024K)
 Metaspace       used 70478K, committed 71232K, reserved 491520K
  class space    used 9971K, committed 10304K, reserved 425984K
}
Event: 23.806 GC heap before
{Heap before GC invocations=33 (full 0):
 garbage-first heap   total 150528K, used 120604K [0x0000000080000000, 0x0000000100000000)
  region size 1024K, 43 young (44032K), 1 survivors (1024K)
 Metaspace       used 70570K, committed 71296K, reserved 491520K
  class space    used 9972K, committed 10304K, reserved 425984K
}
Event: 23.810 GC heap after
{Heap after GC invocations=34 (full 0):
 garbage-first heap   total 150528K, used 79588K [0x0000000080000000, 0x0000000100000000)
  region size 1024K, 2 young (2048K), 2 survivors (2048K)
 Metaspace       used 70570K, committed 71296K, reserved 491520K
  class space    used 9972K, committed 10304K, reserved 425984K
}
Event: 24.378 GC heap before
{Heap before GC invocations=35 (full 0):
 garbage-first heap   total 153600K, used 122596K [0x0000000080000000, 0x0000000100000000)
  region size 1024K, 45 young (46080K), 2 survivors (2048K)
 Metaspace       used 70573K, committed 71296K, reserved 491520K
  class space    used 9972K, committed 10304K, reserved 425984K
}
Event: 24.383 GC heap after
{Heap after GC invocations=36 (full 0):
 garbage-first heap   total 153600K, used 80757K [0x0000000080000000, 0x0000000100000000)
  region size 1024K, 3 young (3072K), 3 survivors (3072K)
 Metaspace       used 70573K, committed 71296K, reserved 491520K
  class space    used 9972K, committed 10304K, reserved 425984K
}
Event: 24.421 GC heap before
{Heap before GC invocations=36 (full 0):
 garbage-first heap   total 153600K, used 83829K [0x0000000080000000, 0x0000000100000000)
  region size 1024K, 7 young (7168K), 3 survivors (3072K)
 Metaspace       used 70573K, committed 71296K, reserved 491520K
  class space    used 9972K, committed 10304K, reserved 425984K
}
Event: 24.426 GC heap after
{Heap after GC invocations=37 (full 0):
 garbage-first heap   total 153600K, used 80645K [0x0000000080000000, 0x0000000100000000)
  region size 1024K, 1 young (1024K), 1 survivors (1024K)
 Metaspace       used 70573K, committed 71296K, reserved 491520K
  class space    used 9972K, committed 10304K, reserved 425984K
}
Event: 24.546 GC heap before
{Heap before GC invocations=37 (full 0):
 garbage-first heap   total 153600K, used 88837K [0x0000000080000000, 0x0000000100000000)
  region size 1024K, 10 young (10240K), 1 survivors (1024K)
 Metaspace       used 70601K, committed 71360K, reserved 491520K
  class space    used 9976K, committed 10368K, reserved 425984K
}
Event: 24.549 GC heap after
{Heap after GC invocations=38 (full 0):
 garbage-first heap   total 153600K, used 80873K [0x0000000080000000, 0x0000000100000000)
  region size 1024K, 1 young (1024K), 1 survivors (1024K)
 Metaspace       used 70601K, committed 71360K, reserved 491520K
  class space    used 9976K, committed 10368K, reserved 425984K
}
Event: 25.447 GC heap before
{Heap before GC invocations=39 (full 0):
 garbage-first heap   total 153600K, used 134121K [0x0000000080000000, 0x0000000100000000)
  region size 1024K, 47 young (48128K), 1 survivors (1024K)
 Metaspace       used 73285K, committed 74112K, reserved 491520K
  class space    used 10295K, committed 10688K, reserved 425984K
}
Event: 25.453 GC heap after
{Heap after GC invocations=40 (full 0):
 garbage-first heap   total 153600K, used 93735K [0x0000000080000000, 0x0000000100000000)
  region size 1024K, 6 young (6144K), 6 survivors (6144K)
 Metaspace       used 73285K, committed 74112K, reserved 491520K
  class space    used 10295K, committed 10688K, reserved 425984K
}
Event: 25.461 GC heap before
{Heap before GC invocations=40 (full 0):
 garbage-first heap   total 153600K, used 94759K [0x0000000080000000, 0x0000000100000000)
  region size 1024K, 7 young (7168K), 6 survivors (6144K)
 Metaspace       used 73420K, committed 74240K, reserved 491520K
  class space    used 10300K, committed 10688K, reserved 425984K
}
Event: 25.466 GC heap after
{Heap after GC invocations=41 (full 0):
 garbage-first heap   total 153600K, used 93288K [0x0000000080000000, 0x0000000100000000)
  region size 1024K, 1 young (1024K), 1 survivors (1024K)
 Metaspace       used 73420K, committed 74240K, reserved 491520K
  class space    used 10300K, committed 10688K, reserved 425984K
}
Event: 25.985 GC heap before
{Heap before GC invocations=41 (full 0):
 garbage-first heap   total 153600K, used 129128K [0x0000000080000000, 0x0000000100000000)
  region size 1024K, 37 young (37888K), 1 survivors (1024K)
 Metaspace       used 76699K, committed 77504K, reserved 557056K
  class space    used 10631K, committed 11008K, reserved 425984K
}

Dll operation events (15 events):
Event: 0.015 Loaded shared library C:\Program Files\Microsoft\jdk-17.0.11.9-hotspot\bin\java.dll
Event: 0.038 Loaded shared library C:\Program Files\Microsoft\jdk-17.0.11.9-hotspot\bin\jsvml.dll
Event: 0.139 Loaded shared library C:\Program Files\Microsoft\jdk-17.0.11.9-hotspot\bin\zip.dll
Event: 0.180 Loaded shared library C:\Program Files\Microsoft\jdk-17.0.11.9-hotspot\bin\instrument.dll
Event: 0.189 Loaded shared library C:\Program Files\Microsoft\jdk-17.0.11.9-hotspot\bin\net.dll
Event: 0.190 Loaded shared library C:\Program Files\Microsoft\jdk-17.0.11.9-hotspot\bin\nio.dll
Event: 0.195 Loaded shared library C:\Program Files\Microsoft\jdk-17.0.11.9-hotspot\bin\zip.dll
Event: 0.754 Loaded shared library C:\Program Files\Microsoft\jdk-17.0.11.9-hotspot\bin\jimage.dll
Event: 0.888 Loaded shared library C:\Program Files\Microsoft\jdk-17.0.11.9-hotspot\bin\verify.dll
Event: 1.145 Loaded shared library C:\Users\Ashraf Qureshi\.gradle\native\c067742578af261105cb4f569cf0c3c89f3d7b1fecec35dd04571415982c5e48\windows-amd64\native-platform.dll
Event: 1.173 Loaded shared library C:\Users\Ashraf Qureshi\.gradle\native\100fb08df4bc3b14c8652ba06237920a3bd2aa13389f12d3474272988ae205f9\windows-amd64\native-platform-file-events.dll
Event: 3.422 Loaded shared library C:\Program Files\Microsoft\jdk-17.0.11.9-hotspot\bin\management.dll
Event: 3.447 Loaded shared library C:\Program Files\Microsoft\jdk-17.0.11.9-hotspot\bin\management_ext.dll
Event: 4.045 Loaded shared library C:\Program Files\Microsoft\jdk-17.0.11.9-hotspot\bin\extnet.dll
Event: 4.324 Loaded shared library C:\Program Files\Microsoft\jdk-17.0.11.9-hotspot\bin\sunmscapi.dll

Deoptimization events (20 events):
Event: 25.320 Thread 0x000001d65c9329c0 Uncommon trap: trap_request=0xffffffc6 fr.pc=0x000001d62d703694 relative=0x0000000000000994
Event: 25.320 Thread 0x000001d65c9329c0 Uncommon trap: reason=bimorphic_or_optimized_type_check action=maybe_recompile pc=0x000001d62d703694 method=java.io.BufferedInputStream.read1([BII)I @ 39 c2
Event: 25.321 Thread 0x000001d65c9329c0 DEOPT PACKING pc=0x000001d62d703694 sp=0x00000028790f4070
Event: 25.321 Thread 0x000001d65c9329c0 DEOPT UNPACKING pc=0x000001d62cc7a1a3 sp=0x00000028790f3f88 mode 2
Event: 25.321 Thread 0x000001d65c9329c0 Uncommon trap: trap_request=0xffffffde fr.pc=0x000001d62d3cb890 relative=0x00000000000001d0
Event: 25.321 Thread 0x000001d65c9329c0 Uncommon trap: reason=class_check action=maybe_recompile pc=0x000001d62d3cb890 method=java.io.BufferedInputStream.read1([BII)I @ 39 c2
Event: 25.321 Thread 0x000001d65c9329c0 DEOPT PACKING pc=0x000001d62d3cb890 sp=0x00000028790f3fd0
Event: 25.321 Thread 0x000001d65c9329c0 DEOPT UNPACKING pc=0x000001d62cc7a1a3 sp=0x00000028790f3f78 mode 2
Event: 25.369 Thread 0x000001d65c9329c0 Uncommon trap: trap_request=0xffffffde fr.pc=0x000001d62d4f6768 relative=0x0000000000005fc8
Event: 25.369 Thread 0x000001d65c9329c0 Uncommon trap: reason=class_check action=maybe_recompile pc=0x000001d62d4f6768 method=java.util.jar.JarFile.getManifestFromReference()Ljava/util/jar/Manifest; @ 152 c2
Event: 25.369 Thread 0x000001d65c9329c0 DEOPT PACKING pc=0x000001d62d4f6768 sp=0x00000028790f3690
Event: 25.369 Thread 0x000001d65c9329c0 DEOPT UNPACKING pc=0x000001d62cc7a1a3 sp=0x00000028790f34e8 mode 2
Event: 25.453 Thread 0x000001d63b78df50 Uncommon trap: trap_request=0xffffffde fr.pc=0x000001d62d3dd1a8 relative=0x0000000000000488
Event: 25.453 Thread 0x000001d63b78df50 Uncommon trap: reason=class_check action=maybe_recompile pc=0x000001d62d3dd1a8 method=jdk.internal.ref.PhantomCleanable.clean()V @ 12 c2
Event: 25.453 Thread 0x000001d63b78df50 DEOPT PACKING pc=0x000001d62d3dd1a8 sp=0x00000028784ff360
Event: 25.453 Thread 0x000001d63b78df50 DEOPT UNPACKING pc=0x000001d62cc7a1a3 sp=0x00000028784ff340 mode 2
Event: 25.913 Thread 0x000001d65c9329c0 Uncommon trap: trap_request=0xfffffff4 fr.pc=0x000001d62d2f8b68 relative=0x0000000000000068
Event: 25.913 Thread 0x000001d65c9329c0 Uncommon trap: reason=null_check action=make_not_entrant pc=0x000001d62d2f8b68 method=java.lang.Class.isAnnotation()Z @ 1 c2
Event: 25.913 Thread 0x000001d65c9329c0 DEOPT PACKING pc=0x000001d62d2f8b68 sp=0x00000028790f36f0
Event: 25.913 Thread 0x000001d65c9329c0 DEOPT UNPACKING pc=0x000001d62cc7a1a3 sp=0x00000028790f3680 mode 2

Classes unloaded (0 events):
No events

Classes redefined (0 events):
No events

Internal exceptions (20 events):
Event: 22.565 Thread 0x000001d65c9329c0 Exception <a 'java/lang/ClassNotFoundException'{0x0000000088080588}: org/gradle/api/internal/DefaultNamedDomainObjectListCustomizer> (0x0000000088080588) 
thrown [s\src\hotspot\share\classfile\systemDictionary.cpp, line 256]
Event: 22.567 Thread 0x000001d65c9329c0 Exception <a 'java/lang/ClassNotFoundException'{0x00000000880b6c90}: org/gradle/api/internal/artifacts/DefaultArtifactRepositoryContainerCustomizer> (0x00000000880b6c90) 
thrown [s\src\hotspot\share\classfile\systemDictionary.cpp, line 256]
Event: 22.569 Thread 0x000001d65c9329c0 Exception <a 'java/lang/ClassNotFoundException'{0x00000000880e1580}: org/gradle/api/internal/artifacts/dsl/DefaultRepositoryHandlerCustomizer> (0x00000000880e1580) 
thrown [s\src\hotspot\share\classfile\systemDictionary.cpp, line 256]
Event: 22.572 Thread 0x000001d65c9329c0 Exception <a 'java/lang/ClassNotFoundException'{0x0000000087f19ce8}: org/gradle/api/internal/artifacts/dsl/DefaultRepositoryHandler_DecoratedCustomizer> (0x0000000087f19ce8) 
thrown [s\src\hotspot\share\classfile\systemDictionary.cpp, line 256]
Event: 22.581 Thread 0x000001d65c9329c0 Exception <a 'java/lang/ClassNotFoundException'{0x0000000087fc2a60}: org/gradle/api/internal/artifacts/dsl/dependencies/DefaultDependencyHandler_DecoratedBeanInfo> (0x0000000087fc2a60) 
thrown [s\src\hotspot\share\classfile\systemDictionary.cpp, line 256]
Event: 22.583 Thread 0x000001d65c9329c0 Exception <a 'java/lang/ClassNotFoundException'{0x0000000087fdaaf0}: org/gradle/api/internal/artifacts/dsl/dependencies/DefaultDependencyHandlerBeanInfo> (0x0000000087fdaaf0) 
thrown [s\src\hotspot\share\classfile\systemDictionary.cpp, line 256]
Event: 22.583 Thread 0x000001d65c9329c0 Exception <a 'java/lang/ClassNotFoundException'{0x0000000087ff25f0}: org/gradle/api/internal/artifacts/dsl/dependencies/DefaultDependencyHandlerCustomizer> (0x0000000087ff25f0) 
thrown [s\src\hotspot\share\classfile\systemDictionary.cpp, line 256]
Event: 22.591 Thread 0x000001d65c9329c0 Exception <a 'java/lang/ClassNotFoundException'{0x0000000087e326f0}: org/gradle/api/internal/artifacts/dsl/dependencies/DefaultDependencyHandler_DecoratedCustomizer> (0x0000000087e326f0) 
thrown [s\src\hotspot\share\classfile\systemDictionary.cpp, line 256]
Event: 23.154 Thread 0x000001d65d715d30 Exception <a 'sun/nio/fs/WindowsException'{0x0000000086ace2c0}> (0x0000000086ace2c0) 
thrown [s\src\hotspot\share\prims\jni.cpp, line 516]
Event: 23.154 Thread 0x000001d65d715d30 Exception <a 'sun/nio/fs/WindowsException'{0x0000000086ad0d50}> (0x0000000086ad0d50) 
thrown [s\src\hotspot\share\prims\jni.cpp, line 516]
Event: 23.154 Thread 0x000001d65d715d30 Exception <a 'sun/nio/fs/WindowsException'{0x0000000086ad3700}> (0x0000000086ad3700) 
thrown [s\src\hotspot\share\prims\jni.cpp, line 516]
Event: 23.155 Thread 0x000001d65d715d30 Exception <a 'sun/nio/fs/WindowsException'{0x0000000086ae39f8}> (0x0000000086ae39f8) 
thrown [s\src\hotspot\share\prims\jni.cpp, line 516]
Event: 23.514 Thread 0x000001d65d7143e0 Implicit null exception at 0x000001d62d727fc4 to 0x000001d62d7286b0
Event: 23.514 Thread 0x000001d65d7194e0 Implicit null exception at 0x000001d62d727fc4 to 0x000001d62d7286b0
Event: 24.539 Thread 0x000001d65c9329c0 Exception <a 'java/lang/ClassNotFoundException'{0x0000000088ca8900}: build_dac2x2hmkkbrpojcr07h2r3dpBeanInfo> (0x0000000088ca8900) 
thrown [s\src\hotspot\share\classfile\systemDictionary.cpp, line 256]
Event: 24.539 Thread 0x000001d65c9329c0 Exception <a 'java/lang/ClassNotFoundException'{0x0000000088cafbe8}: build_dac2x2hmkkbrpojcr07h2r3dpCustomizer> (0x0000000088cafbe8) 
thrown [s\src\hotspot\share\classfile\systemDictionary.cpp, line 256]
Event: 24.804 Thread 0x000001d65c9329c0 Exception <a 'java/lang/ClassNotFoundException'{0x0000000088e5c3a0}: org/gradle/api/internal/plugins/DefaultObjectConfigurationActionBeanInfo> (0x0000000088e5c3a0) 
thrown [s\src\hotspot\share\classfile\systemDictionary.cpp, line 256]
Event: 24.805 Thread 0x000001d65c9329c0 Exception <a 'java/lang/ClassNotFoundException'{0x0000000088e709b0}: org/gradle/api/internal/plugins/DefaultObjectConfigurationActionCustomizer> (0x0000000088e709b0) 
thrown [s\src\hotspot\share\classfile\systemDictionary.cpp, line 256]
Event: 24.838 Thread 0x000001d65c9329c0 Exception <a 'java/lang/ClassNotFoundException'{0x0000000088dd6cd8}: build_6f2ls6hmelgw6b7ec56sm5ysgBeanInfo> (0x0000000088dd6cd8) 
thrown [s\src\hotspot\share\classfile\systemDictionary.cpp, line 256]
Event: 24.838 Thread 0x000001d65c9329c0 Exception <a 'java/lang/ClassNotFoundException'{0x0000000088de3f40}: build_6f2ls6hmelgw6b7ec56sm5ysgCustomizer> (0x0000000088de3f40) 
thrown [s\src\hotspot\share\classfile\systemDictionary.cpp, line 256]

VM Operations (20 events):
Event: 24.057 Executing VM operation: HandshakeAllThreads done
Event: 24.097 Executing VM operation: HandshakeAllThreads
Event: 24.098 Executing VM operation: HandshakeAllThreads done
Event: 24.378 Executing VM operation: G1CollectForAllocation
Event: 24.384 Executing VM operation: G1CollectForAllocation done
Event: 24.421 Executing VM operation: G1CollectForAllocation
Event: 24.426 Executing VM operation: G1CollectForAllocation done
Event: 24.546 Executing VM operation: G1TryInitiateConcMark
Event: 24.549 Executing VM operation: G1TryInitiateConcMark done
Event: 24.621 Executing VM operation: HandshakeAllThreads
Event: 24.621 Executing VM operation: HandshakeAllThreads done
Event: 24.706 Executing VM operation: G1PauseRemark
Event: 24.711 Executing VM operation: G1PauseRemark done
Event: 24.775 Executing VM operation: G1PauseCleanup
Event: 24.775 Executing VM operation: G1PauseCleanup done
Event: 25.447 Executing VM operation: G1CollectForAllocation
Event: 25.453 Executing VM operation: G1CollectForAllocation done
Event: 25.461 Executing VM operation: G1CollectForAllocation
Event: 25.466 Executing VM operation: G1CollectForAllocation done
Event: 25.984 Executing VM operation: G1CollectForAllocation

Events (20 events):
Event: 24.111 Thread 0x000001d63b938050 flushing nmethod 0x000001d6266b9590
Event: 24.111 Thread 0x000001d63b938050 flushing nmethod 0x000001d6266c7190
Event: 24.111 Thread 0x000001d63b938050 flushing nmethod 0x000001d6266c7990
Event: 24.111 Thread 0x000001d63b938050 flushing nmethod 0x000001d6266e3910
Event: 24.112 Thread 0x000001d63b938050 flushing nmethod 0x000001d626743e90
Event: 24.112 Thread 0x000001d63b938050 flushing nmethod 0x000001d626744f10
Event: 24.112 Thread 0x000001d63b938050 flushing nmethod 0x000001d626760c10
Event: 24.112 Thread 0x000001d63b938050 flushing nmethod 0x000001d626771f90
Event: 24.112 Thread 0x000001d63b938050 flushing nmethod 0x000001d626774690
Event: 24.112 Thread 0x000001d63b938050 flushing nmethod 0x000001d626776610
Event: 24.112 Thread 0x000001d63b938050 flushing nmethod 0x000001d62677ce10
Event: 24.112 Thread 0x000001d63b938050 flushing nmethod 0x000001d6268a4690
Event: 24.113 Thread 0x000001d63b938050 flushing nmethod 0x000001d626934090
Event: 24.113 Thread 0x000001d63b938050 flushing nmethod 0x000001d62699e810
Event: 24.532 Thread 0x000001d660215f40 Thread added: 0x000001d660215f40
Event: 25.099 Thread 0x000001d65e479520 Thread exited: 0x000001d65e479520
Event: 25.657 loading class java/util/concurrent/Executors$DefaultThreadFactory
Event: 25.657 loading class java/util/concurrent/Executors$DefaultThreadFactory done
Event: 25.791 loading class java/nio/charset/UnsupportedCharsetException
Event: 25.791 loading class java/nio/charset/UnsupportedCharsetException done


Dynamic libraries:
0x00007ff632d90000 - 0x00007ff632d9e000 	C:\Program Files\Microsoft\jdk-17.0.11.9-hotspot\bin\java.exe
0x00007ffdf17b0000 - 0x00007ffdf19c7000 	C:\WINDOWS\SYSTEM32\ntdll.dll
0x00007ffdf0ac0000 - 0x00007ffdf0b84000 	C:\WINDOWS\System32\KERNEL32.DLL
0x00007ffdeeac0000 - 0x00007ffdeee77000 	C:\WINDOWS\System32\KERNELBASE.dll
0x00007ffdef2a0000 - 0x00007ffdef3b1000 	C:\WINDOWS\System32\ucrtbase.dll
0x00007ffdd17e0000 - 0x00007ffdd17f7000 	C:\Program Files\Microsoft\jdk-17.0.11.9-hotspot\bin\jli.dll
0x00007ffdef7a0000 - 0x00007ffdef94f000 	C:\WINDOWS\System32\USER32.dll
0x00007ffdef1f0000 - 0x00007ffdef216000 	C:\WINDOWS\System32\win32u.dll
0x00007ffdf0cf0000 - 0x00007ffdf0d19000 	C:\WINDOWS\System32\GDI32.dll
0x00007ffdef3c0000 - 0x00007ffdef4d8000 	C:\WINDOWS\System32\gdi32full.dll
0x00007ffdef0e0000 - 0x00007ffdef17a000 	C:\WINDOWS\System32\msvcp_win.dll
0x00007ffdcf760000 - 0x00007ffdcf77b000 	C:\Program Files\Microsoft\jdk-17.0.11.9-hotspot\bin\VCRUNTIME140.dll
0x00007ffdedcb0000 - 0x00007ffdedf43000 	C:\WINDOWS\WinSxS\amd64_microsoft.windows.common-controls_6595b64144ccf1df_6.0.22621.3672_none_2713b9d173822955\COMCTL32.dll
0x00007ffdf1360000 - 0x00007ffdf1407000 	C:\WINDOWS\System32\msvcrt.dll
0x00007ffdf1670000 - 0x00007ffdf16a1000 	C:\WINDOWS\System32\IMM32.DLL
0x00007ffdd17d0000 - 0x00007ffdd17dc000 	C:\Program Files\Microsoft\jdk-17.0.11.9-hotspot\bin\vcruntime140_1.dll
0x00007ffdcdb40000 - 0x00007ffdcdbcd000 	C:\Program Files\Microsoft\jdk-17.0.11.9-hotspot\bin\msvcp140.dll
0x00007ffd81210000 - 0x00007ffd81e76000 	C:\Program Files\Microsoft\jdk-17.0.11.9-hotspot\bin\server\jvm.dll
0x00007ffdf16b0000 - 0x00007ffdf1762000 	C:\WINDOWS\System32\ADVAPI32.dll
0x00007ffdf1410000 - 0x00007ffdf14b8000 	C:\WINDOWS\System32\sechost.dll
0x00007ffdef0b0000 - 0x00007ffdef0d8000 	C:\WINDOWS\System32\bcrypt.dll
0x00007ffdef4e0000 - 0x00007ffdef5f4000 	C:\WINDOWS\System32\RPCRT4.dll
0x00007ffdee990000 - 0x00007ffdee9dd000 	C:\WINDOWS\SYSTEM32\POWRPROF.dll
0x00007ffdcb490000 - 0x00007ffdcb499000 	C:\WINDOWS\SYSTEM32\WSOCK32.dll
0x00007ffdf0d30000 - 0x00007ffdf0da1000 	C:\WINDOWS\System32\WS2_32.dll
0x00007ffde4040000 - 0x00007ffde4074000 	C:\WINDOWS\SYSTEM32\WINMM.dll
0x00007ffddde20000 - 0x00007ffddde2a000 	C:\WINDOWS\SYSTEM32\VERSION.dll
0x00007ffdee970000 - 0x00007ffdee983000 	C:\WINDOWS\SYSTEM32\UMPDC.dll
0x00007ffded420000 - 0x00007ffded438000 	C:\WINDOWS\SYSTEM32\kernel.appcore.dll
0x00007ffdcef50000 - 0x00007ffdcef5a000 	C:\Program Files\Microsoft\jdk-17.0.11.9-hotspot\bin\jimage.dll
0x00007ffdee340000 - 0x00007ffdee572000 	C:\WINDOWS\SYSTEM32\DBGHELP.DLL
0x00007ffdef950000 - 0x00007ffdefcde000 	C:\WINDOWS\System32\combase.dll
0x00007ffdf09e0000 - 0x00007ffdf0ab7000 	C:\WINDOWS\System32\OLEAUT32.dll
0x00007ffdee220000 - 0x00007ffdee252000 	C:\WINDOWS\SYSTEM32\dbgcore.DLL
0x00007ffdef220000 - 0x00007ffdef29b000 	C:\WINDOWS\System32\bcryptPrimitives.dll
0x00007ffdcd670000 - 0x00007ffdcd67e000 	C:\Program Files\Microsoft\jdk-17.0.11.9-hotspot\bin\instrument.dll
0x00007ffdcece0000 - 0x00007ffdced05000 	C:\Program Files\Microsoft\jdk-17.0.11.9-hotspot\bin\java.dll
0x00007ffdcd0f0000 - 0x00007ffdcd1c7000 	C:\Program Files\Microsoft\jdk-17.0.11.9-hotspot\bin\jsvml.dll
0x00007ffdf0170000 - 0x00007ffdf09d9000 	C:\WINDOWS\System32\SHELL32.dll
0x00007ffdec0f0000 - 0x00007ffdec9ef000 	C:\WINDOWS\SYSTEM32\windows.storage.dll
0x00007ffdebfb0000 - 0x00007ffdec0ef000 	C:\WINDOWS\SYSTEM32\wintypes.dll
0x00007ffdf1260000 - 0x00007ffdf1359000 	C:\WINDOWS\System32\SHCORE.dll
0x00007ffdefe90000 - 0x00007ffdefeee000 	C:\WINDOWS\System32\shlwapi.dll
0x00007ffdee9f0000 - 0x00007ffdeea17000 	C:\WINDOWS\SYSTEM32\profapi.dll
0x00007ffdcdb20000 - 0x00007ffdcdb38000 	C:\Program Files\Microsoft\jdk-17.0.11.9-hotspot\bin\zip.dll
0x00007ffdcecc0000 - 0x00007ffdcecd9000 	C:\Program Files\Microsoft\jdk-17.0.11.9-hotspot\bin\net.dll
0x00007ffde5b90000 - 0x00007ffde5cc6000 	C:\WINDOWS\SYSTEM32\WINHTTP.dll
0x00007ffded850000 - 0x00007ffded8b9000 	C:\WINDOWS\system32\mswsock.dll
0x00007ffdceca0000 - 0x00007ffdcecb6000 	C:\Program Files\Microsoft\jdk-17.0.11.9-hotspot\bin\nio.dll
0x00007ffdcd6f0000 - 0x00007ffdcd700000 	C:\Program Files\Microsoft\jdk-17.0.11.9-hotspot\bin\verify.dll
0x00007ffdcd6c0000 - 0x00007ffdcd6e7000 	C:\Users\Ashraf Qureshi\.gradle\native\c067742578af261105cb4f569cf0c3c89f3d7b1fecec35dd04571415982c5e48\windows-amd64\native-platform.dll
0x00007ffd892f0000 - 0x00007ffd89434000 	C:\Users\Ashraf Qureshi\.gradle\native\100fb08df4bc3b14c8652ba06237920a3bd2aa13389f12d3474272988ae205f9\windows-amd64\native-platform-file-events.dll
0x00007ffdcd6a0000 - 0x00007ffdcd6a9000 	C:\Program Files\Microsoft\jdk-17.0.11.9-hotspot\bin\management.dll
0x00007ffdcd690000 - 0x00007ffdcd69b000 	C:\Program Files\Microsoft\jdk-17.0.11.9-hotspot\bin\management_ext.dll
0x00007ffdf0d20000 - 0x00007ffdf0d28000 	C:\WINDOWS\System32\PSAPI.DLL
0x00007ffdee670000 - 0x00007ffdee68b000 	C:\WINDOWS\SYSTEM32\CRYPTSP.dll
0x00007ffded380000 - 0x00007ffded3b5000 	C:\WINDOWS\system32\rsaenh.dll
0x00007ffded940000 - 0x00007ffded968000 	C:\WINDOWS\SYSTEM32\USERENV.dll
0x00007ffdedaa0000 - 0x00007ffdedaac000 	C:\WINDOWS\SYSTEM32\CRYPTBASE.dll
0x00007ffdecea0000 - 0x00007ffdececd000 	C:\WINDOWS\SYSTEM32\IPHLPAPI.DLL
0x00007ffdf00b0000 - 0x00007ffdf00b9000 	C:\WINDOWS\System32\NSI.dll
0x00007ffde3dd0000 - 0x00007ffde3de9000 	C:\WINDOWS\SYSTEM32\dhcpcsvc6.DLL
0x00007ffde3db0000 - 0x00007ffde3dcf000 	C:\WINDOWS\SYSTEM32\dhcpcsvc.DLL
0x00007ffdecf10000 - 0x00007ffded012000 	C:\WINDOWS\SYSTEM32\DNSAPI.dll
0x00007ffdcd680000 - 0x00007ffdcd689000 	C:\Program Files\Microsoft\jdk-17.0.11.9-hotspot\bin\extnet.dll
0x00007ffdcd0e0000 - 0x00007ffdcd0ee000 	C:\Program Files\Microsoft\jdk-17.0.11.9-hotspot\bin\sunmscapi.dll
0x00007ffdeee80000 - 0x00007ffdeefe6000 	C:\WINDOWS\System32\CRYPT32.dll
0x00007ffdedc80000 - 0x00007ffdedcad000 	C:\WINDOWS\SYSTEM32\ncrypt.dll
0x00007ffdedc40000 - 0x00007ffdedc77000 	C:\WINDOWS\SYSTEM32\NTASN1.dll
0x00007ffdc7a90000 - 0x00007ffdc7a98000 	C:\WINDOWS\system32\wshunix.dll
0x00007ffdbdd60000 - 0x00007ffdbdd77000 	C:\WINDOWS\system32\napinsp.dll
0x00007ffdbdd40000 - 0x00007ffdbdd5b000 	C:\WINDOWS\system32\pnrpnsp.dll
0x00007ffdbdd10000 - 0x00007ffdbdd37000 	C:\WINDOWS\system32\nlansp_c.dll
0x00007ffdbdcf0000 - 0x00007ffdbdd01000 	C:\WINDOWS\System32\winrnr.dll
0x00007ffdbdcd0000 - 0x00007ffdbdce5000 	C:\WINDOWS\system32\wshbth.dll
0x000000006fbc0000 - 0x000000006fbe6000 	C:\Program Files\Bonjour\mdnsNSP.dll
0x00007ffddde10000 - 0x00007ffddde1a000 	C:\Windows\System32\rasadhlp.dll
0x00007ffdddfb0000 - 0x00007ffdde033000 	C:\WINDOWS\System32\fwpuclnt.dll

dbghelp: loaded successfully - version: 4.0.5 - missing functions: none
symbol engine: initialized successfully - sym options: 0x614 - pdb path: .;C:\Program Files\Microsoft\jdk-17.0.11.9-hotspot\bin;C:\WINDOWS\SYSTEM32;C:\WINDOWS\WinSxS\amd64_microsoft.windows.common-controls_6595b64144ccf1df_6.0.22621.3672_none_2713b9d173822955;C:\Program Files\Microsoft\jdk-17.0.11.9-hotspot\bin\server;C:\Users\Ashraf Qureshi\.gradle\native\c067742578af261105cb4f569cf0c3c89f3d7b1fecec35dd04571415982c5e48\windows-amd64;C:\Users\Ashraf Qureshi\.gradle\native\100fb08df4bc3b14c8652ba06237920a3bd2aa13389f12d3474272988ae205f9\windows-amd64;C:\Program Files\Bonjour

VM Arguments:
jvm_args: -XX:MaxMetaspaceSize=512m --add-opens=java.base/java.util=ALL-UNNAMED --add-opens=java.base/java.lang=ALL-UNNAMED --add-opens=java.base/java.lang.invoke=ALL-UNNAMED --add-opens=java.prefs/java.util.prefs=ALL-UNNAMED --add-opens=java.base/java.nio.charset=ALL-UNNAMED --add-opens=java.base/java.net=ALL-UNNAMED --add-opens=java.base/java.util.concurrent.atomic=ALL-UNNAMED -Xmx2048m -Dfile.encoding=windows-1252 -Duser.country=US -Duser.language=en -Duser.variant -javaagent:C:\Users\Ashraf Qureshi\.gradle\wrapper\dists\gradle-8.8-all\6gdy1pgp427xkqcjbxw3ylt6h\gradle-8.8\lib\agents\gradle-instrumentation-agent-8.8.jar 
java_command: org.gradle.launcher.daemon.bootstrap.GradleDaemon 8.8
java_class_path (initial): C:\Users\Ashraf Qureshi\.gradle\wrapper\dists\gradle-8.8-all\6gdy1pgp427xkqcjbxw3ylt6h\gradle-8.8\lib\gradle-launcher-8.8.jar
Launcher Type: SUN_STANDARD

[Global flags]
     intx CICompilerCount                          = 3                                         {product} {ergonomic}
   size_t CompressedClassSpaceSize                 = 436207616                                 {product} {ergonomic}
     uint ConcGCThreads                            = 1                                         {product} {ergonomic}
     uint G1ConcRefinementThreads                  = 4                                         {product} {ergonomic}
   size_t G1HeapRegionSize                         = 1048576                                   {product} {ergonomic}
    uintx GCDrainStackTargetSize                   = 64                                        {product} {ergonomic}
   size_t InitialHeapSize                          = 132120576                                 {product} {ergonomic}
   size_t MarkStackSize                            = 4194304                                   {product} {ergonomic}
   size_t MaxHeapSize                              = 2147483648                                {product} {command line}
   size_t MaxMetaspaceSize                         = 536870912                                 {product} {command line}
   size_t MaxNewSize                               = 1287651328                                {product} {ergonomic}
   size_t MinHeapDeltaBytes                        = 1048576                                   {product} {ergonomic}
   size_t MinHeapSize                              = 8388608                                   {product} {ergonomic}
    uintx NonNMethodCodeHeapSize                   = 5832780                                {pd product} {ergonomic}
    uintx NonProfiledCodeHeapSize                  = 122912730                              {pd product} {ergonomic}
    uintx ProfiledCodeHeapSize                     = 122912730                              {pd product} {ergonomic}
    uintx ReservedCodeCacheSize                    = 251658240                              {pd product} {ergonomic}
     bool SegmentedCodeCache                       = true                                      {product} {ergonomic}
   size_t SoftMaxHeapSize                          = 2147483648                             {manageable} {ergonomic}
     bool UseCompressedClassPointers               = true                           {product lp64_product} {ergonomic}
     bool UseCompressedOops                        = true                           {product lp64_product} {ergonomic}
     bool UseG1GC                                  = true                                      {product} {ergonomic}
     bool UseLargePagesIndividualAllocation        = false                                  {pd product} {ergonomic}

Logging:
Log output configuration:
 #0: stdout all=warning uptime,level,tags
 #1: stderr all=off uptime,level,tags

Environment Variables:
JAVA_HOME=C:\Program Files\Microsoft\jdk-17.0.11.9-hotspot\
CLASSPATH=F:\XportSpot\WareHouse\WareHouse\android\\gradle\wrapper\gradle-wrapper.jar
PATH=F:\XportSpot\WareHouse\WareHouse\node_modules\.bin;F:\XportSpot\WareHouse\WareHouse\node_modules\.bin;F:\XportSpot\WareHouse\node_modules\.bin;F:\XportSpot\node_modules\.bin;F:\node_modules\.bin;C:\Users\Ashraf Qureshi\AppData\Roaming\npm\node_modules\npm\node_modules\@npmcli\run-script\lib\node-gyp-bin;C:\Program Files\Microsoft\jdk-17.0.11.9-hotspot\bin;C:\WINDOWS\system32;C:\WINDOWS;C:\WINDOWS\System32\Wbem;C:\WINDOWS\System32\WindowsPowerShell\v1.0\;C:\WINDOWS\System32\OpenSSH\;C:\ProgramData\chocolatey\bin;C:\Program Files\nodejs\;C:\Program Files\Git\cmd;C:\Users\Ashraf Qureshi\AppData\Local\Microsoft\WindowsApps;C:\Users\Ashraf Qureshi\AppData\Roaming\npm;C:\Users\Ashraf Qureshi\AppData\Local\Programs\Microsoft VS Code\bin;F:\sdk\platform-tools;
USERNAME=Ashraf Qureshi
LANG=en_US.UTF-8
OS=Windows_NT
PROCESSOR_IDENTIFIER=Intel64 Family 6 Model 140 Stepping 1, GenuineIntel
TMP=C:\Users\ASHRAF~1\AppData\Local\Temp
TEMP=C:\Users\ASHRAF~1\AppData\Local\Temp



Periodic native trim disabled


---------------  S Y S T E M  ---------------

OS:
 Windows 11 , 64 bit Build 22621 (10.0.22621.3958)
OS uptime: 0 days 0:11 hours

CPU: total 4 (initial active 4) (2 cores per cpu, 2 threads per core) family 6 model 140 stepping 1 microcode 0x86, cx8, cmov, fxsr, ht, mmx, 3dnowpref, sse, sse2, sse3, ssse3, sse4.1, sse4.2, popcnt, lzcnt, tsc, tscinvbit, avx, avx2, aes, erms, clmul, bmi1, bmi2, adx, avx512f, avx512dq, avx512cd, avx512bw, avx512vl, sha, fma, vzeroupper, avx512_vpopcntdq, avx512_vpclmulqdq, avx512_vaes, avx512_vnni, clflush, clflushopt, clwb, avx512_vbmi2, avx512_vbmi
Processor Information for all 4 processors :
  Max Mhz: 2995, Current Mhz: 2995, Mhz Limit: 2995

Memory: 4k page, system-wide physical 7957M (351M free)
TotalPageFile size 10005M (AvailPageFile size 32M)
current process WorkingSet (physical memory assigned to process): 379M, peak: 380M
current process commit charge ("private bytes"): 414M, peak: 626M

vm_info: OpenJDK 64-Bit Server VM (17.0.11+9-LTS) for windows-amd64 JRE (17.0.11+9-LTS), built on Apr  9 2024 22:05:54 by "MicrosoftCorporation" with MS VC++ 16.10 / 16.11 (VS2019)

END.
