#
# There is insufficient memory for the Java Runtime Environment to continue.
# Native memory allocation (malloc) failed to allocate 32784 bytes. Error detail: Chunk::new
# Possible reasons:
#   The system is out of physical RAM or swap space
#   This process is running with CompressedOops enabled, and the Java Heap may be blocking the growth of the native heap
# Possible solutions:
#   Reduce memory load on the system
#   Increase physical memory or swap space
#   Check if swap backing store is full
#   Decrease Java heap size (-Xmx/-Xms)
#   Decrease number of Java threads
#   Decrease Java thread stack sizes (-Xss)
#   Set larger code cache with -XX:ReservedCodeCacheSize=
#   JVM is running with Unscaled Compressed Oops mode in which the Java heap is
#     placed in the first 4GB address space. The Java Heap base address is the
#     maximum limit for the native heap growth. Please use -XX:HeapBaseMinAddress
#     to set the Java Heap base and to place the Java Heap above 4GB virtual address.
# This output file may be truncated or incomplete.
#
#  Out of Memory Error (arena.cpp:191), pid=8480, tid=6268
#
# JRE version: OpenJDK Runtime Environment Microsoft-9388408 (17.0.11+9) (build 17.0.11+9-LTS)
# Java VM: OpenJDK 64-Bit Server VM Microsoft-9388408 (17.0.11+9-LTS, mixed mode, sharing, tiered, compressed oops, compressed class ptrs, g1 gc, windows-amd64)
# No core dump will be written. Minidumps are not enabled by default on client versions of Windows
#

---------------  S U M M A R Y ------------

Command Line: -XX:MaxMetaspaceSize=512m --add-opens=java.base/java.util=ALL-UNNAMED --add-opens=java.base/java.lang=ALL-UNNAMED --add-opens=java.base/java.lang.invoke=ALL-UNNAMED --add-opens=java.prefs/java.util.prefs=ALL-UNNAMED --add-opens=java.base/java.nio.charset=ALL-UNNAMED --add-opens=java.base/java.net=ALL-UNNAMED --add-opens=java.base/java.util.concurrent.atomic=ALL-UNNAMED -Xmx2048m -Dfile.encoding=windows-1252 -Duser.country=US -Duser.language=en -Duser.variant -javaagent:C:\Users\Ashraf Qureshi\.gradle\wrapper\dists\gradle-8.8-all\6gdy1pgp427xkqcjbxw3ylt6h\gradle-8.8\lib\agents\gradle-instrumentation-agent-8.8.jar org.gradle.launcher.daemon.bootstrap.GradleDaemon 8.8

Host: 11th Gen Intel(R) Core(TM) i3-1115G4 @ 3.00GHz, 4 cores, 7G,  Windows 11 , 64 bit Build 22621 (10.0.22621.3958)
Time: Wed Nov 20 18:20:25 2024 Pakistan Standard Time elapsed time: 56.529691 seconds (0d 0h 0m 56s)

---------------  T H R E A D  ---------------

Current thread (0x0000021f7f861ee0):  JavaThread "C2 CompilerThread0" daemon [_thread_in_native, id=6268, stack(0x00000038fb200000,0x00000038fb300000)]


Current CompileTask:
C2:  56529 14314   !   4       sun.nio.ch.NioSocketImpl::tryRead (87 bytes)

Stack: [0x00000038fb200000,0x00000038fb300000]
Native frames: (J=compiled Java code, j=interpreted, Vv=VM code, C=native code)
V  [jvm.dll+0x67f6d9]
V  [jvm.dll+0x83773a]
V  [jvm.dll+0x8391fe]
V  [jvm.dll+0x839863]
V  [jvm.dll+0x247fbf]
V  [jvm.dll+0xac544]
V  [jvm.dll+0xacb8c]
V  [jvm.dll+0xac64b]
V  [jvm.dll+0x65cf2c]
V  [jvm.dll+0x5931db]
V  [jvm.dll+0x583415]
V  [jvm.dll+0x582f55]
V  [jvm.dll+0x79e43f]
V  [jvm.dll+0x7976f3]
V  [jvm.dll+0x7a0aaa]
V  [jvm.dll+0x587675]
V  [jvm.dll+0x222f82]
V  [jvm.dll+0x22337f]
V  [jvm.dll+0x21c4d2]
V  [jvm.dll+0x219901]
V  [jvm.dll+0x1a5396]
V  [jvm.dll+0x2297cd]
V  [jvm.dll+0x22799c]
V  [jvm.dll+0x7ec8b7]
V  [jvm.dll+0x7e6cba]
V  [jvm.dll+0x67e5c5]
C  [ucrtbase.dll+0x29333]
C  [KERNEL32.DLL+0x1257d]
C  [ntdll.dll+0x5af08]


---------------  P R O C E S S  ---------------

Threads class SMR info:
_java_thread_list=0x0000021f40b76fd0, length=89, elements={
0x0000021f7e6a1ac0, 0x0000021f7f842a10, 0x0000021f7f8435d0, 0x0000021f7f85b4d0,
0x0000021f7f85bda0, 0x0000021f7f85e770, 0x0000021f7f861140, 0x0000021f7f861ee0,
0x0000021f7f87e980, 0x0000021f1cbd60e0, 0x0000021f1cc6a6e0, 0x0000021f1cd07630,
0x0000021f3d4ab830, 0x0000021f3c87b310, 0x0000021f3d0bf8c0, 0x0000021f3d5644c0,
0x0000021f3d8137b0, 0x0000021f3d7ad310, 0x0000021f3d7aaa90, 0x0000021f3d7ac3e0,
0x0000021f3d7abed0, 0x0000021f3d7aa070, 0x0000021f3d7ace00, 0x0000021f3d7aafa0,
0x0000021f3d7ad820, 0x0000021f3d7aa580, 0x0000021f3d7ab4b0, 0x0000021f3d7ab9c0,
0x0000021f3e550ce0, 0x0000021f3e551c10, 0x0000021f3e54f390, 0x0000021f3e552630,
0x0000021f3e54fdb0, 0x0000021f3e54bbe0, 0x0000021f3e54c600, 0x0000021f3e54f8a0,
0x0000021f3e5502c0, 0x0000021f3e54e460, 0x0000021f3e552120, 0x0000021f3e54ee80,
0x0000021f3e54c0f0, 0x0000021f3e54df50, 0x0000021f3e54cb10, 0x0000021f3e5511f0,
0x0000021f3e551700, 0x0000021f3e54da40, 0x0000021f3e54b1c0, 0x0000021f3e552b40,
0x0000021f3e54e970, 0x0000021f3e54b6d0, 0x0000021f3fc30d70, 0x0000021f3fc30860,
0x0000021f3fc36890, 0x0000021f3fc31280, 0x0000021f3fc36380, 0x0000021f3fc2fe40,
0x0000021f3fc33b00, 0x0000021f3fc34010, 0x0000021f3fc2f420, 0x0000021f3fc34520,
0x0000021f3fc36da0, 0x0000021f3fc34a30, 0x0000021f3fc30350, 0x0000021f3fc34f40,
0x0000021f3fc31790, 0x0000021f3fc31ca0, 0x0000021f3fc321b0, 0x0000021f3fc326c0,
0x0000021f3fc32bd0, 0x0000021f3fc35450, 0x0000021f3fc35960, 0x0000021f3fc35e70,
0x0000021f1cdfd7b0, 0x0000021f1ce02dc0, 0x0000021f1ce032d0, 0x0000021f1ce03cf0,
0x0000021f1cdfdcc0, 0x0000021f1ce00a50, 0x0000021f1ce01470, 0x0000021f1ce04c20,
0x0000021f1ce01e90, 0x0000021f1ce00f60, 0x0000021f1ce01980, 0x0000021f1ce028b0,
0x0000021f1ce037e0, 0x0000021f1cdff610, 0x0000021f1ce00540, 0x0000021f1ce05130,
0x0000021f1cdfe6e0
}

Java Threads: ( => current thread )
  0x0000021f7e6a1ac0 JavaThread "main" [_thread_blocked, id=3504, stack(0x00000038fa500000,0x00000038fa600000)]
  0x0000021f7f842a10 JavaThread "Reference Handler" daemon [_thread_blocked, id=11892, stack(0x00000038fac00000,0x00000038fad00000)]
  0x0000021f7f8435d0 JavaThread "Finalizer" daemon [_thread_blocked, id=7848, stack(0x00000038fad00000,0x00000038fae00000)]
  0x0000021f7f85b4d0 JavaThread "Signal Dispatcher" daemon [_thread_blocked, id=9872, stack(0x00000038fae00000,0x00000038faf00000)]
  0x0000021f7f85bda0 JavaThread "Attach Listener" daemon [_thread_blocked, id=8712, stack(0x00000038faf00000,0x00000038fb000000)]
  0x0000021f7f85e770 JavaThread "Service Thread" daemon [_thread_blocked, id=7744, stack(0x00000038fb000000,0x00000038fb100000)]
  0x0000021f7f861140 JavaThread "Monitor Deflation Thread" daemon [_thread_blocked, id=9900, stack(0x00000038fb100000,0x00000038fb200000)]
=>0x0000021f7f861ee0 JavaThread "C2 CompilerThread0" daemon [_thread_in_native, id=6268, stack(0x00000038fb200000,0x00000038fb300000)]
  0x0000021f7f87e980 JavaThread "C1 CompilerThread0" daemon [_thread_blocked, id=7320, stack(0x00000038fb300000,0x00000038fb400000)]
  0x0000021f1cbd60e0 JavaThread "Sweeper thread" daemon [_thread_blocked, id=3944, stack(0x00000038fb400000,0x00000038fb500000)]
  0x0000021f1cc6a6e0 JavaThread "Common-Cleaner" daemon [_thread_blocked, id=8508, stack(0x00000038fb500000,0x00000038fb600000)]
  0x0000021f1cd07630 JavaThread "Notification Thread" daemon [_thread_blocked, id=13552, stack(0x00000038fb600000,0x00000038fb700000)]
  0x0000021f3d4ab830 JavaThread "Daemon health stats" [_thread_blocked, id=13140, stack(0x00000038fbc00000,0x00000038fbd00000)]
  0x0000021f3c87b310 JavaThread "Incoming local TCP Connector on port 50576" [_thread_in_native, id=8424, stack(0x00000038fbd00000,0x00000038fbe00000)]
  0x0000021f3d0bf8c0 JavaThread "Daemon periodic checks" [_thread_blocked, id=13524, stack(0x00000038fbe00000,0x00000038fbf00000)]
  0x0000021f3d5644c0 JavaThread "Daemon" [_thread_blocked, id=6184, stack(0x00000038fbf00000,0x00000038fc000000)]
  0x0000021f3d8137b0 JavaThread "Handler for socket connection from /127.0.0.1:50576 to /127.0.0.1:50577" [_thread_in_native, id=10116, stack(0x00000038fc000000,0x00000038fc100000)]
  0x0000021f3d7ad310 JavaThread "Cancel handler" [_thread_blocked, id=7288, stack(0x00000038fc100000,0x00000038fc200000)]
  0x0000021f3d7aaa90 JavaThread "Daemon worker" [_thread_blocked, id=7332, stack(0x00000038fc200000,0x00000038fc300000)]
  0x0000021f3d7ac3e0 JavaThread "Asynchronous log dispatcher for DefaultDaemonConnection: socket connection from /127.0.0.1:50576 to /127.0.0.1:50577" [_thread_blocked, id=10904, stack(0x00000038fc300000,0x00000038fc400000)]
  0x0000021f3d7abed0 JavaThread "Stdin handler" [_thread_blocked, id=4188, stack(0x00000038fc400000,0x00000038fc500000)]
  0x0000021f3d7aa070 JavaThread "Daemon client event forwarder" [_thread_blocked, id=11808, stack(0x00000038fc500000,0x00000038fc600000)]
  0x0000021f3d7ace00 JavaThread "Cache worker for journal cache (C:\Users\Ashraf Qureshi\.gradle\caches\journal-1)" [_thread_blocked, id=13296, stack(0x00000038fc600000,0x00000038fc700000)]
  0x0000021f3d7aafa0 JavaThread "File lock request listener" [_thread_in_native, id=10608, stack(0x00000038fc700000,0x00000038fc800000)]
  0x0000021f3d7ad820 JavaThread "Cache worker for file hash cache (C:\Users\Ashraf Qureshi\.gradle\caches\8.8\fileHashes)" [_thread_blocked, id=8120, stack(0x00000038fb800000,0x00000038fb900000)]
  0x0000021f3d7aa580 JavaThread "Cache worker for file hash cache (F:\XportSpot\WareHouse\WareHouse\android\.gradle\8.8\fileHashes)" [_thread_blocked, id=10844, stack(0x00000038fc900000,0x00000038fca00000)]
  0x0000021f3d7ab4b0 JavaThread "File watcher server" daemon [_thread_in_native, id=2424, stack(0x00000038fca00000,0x00000038fcb00000)]
  0x0000021f3d7ab9c0 JavaThread "File watcher consumer" daemon [_thread_blocked, id=9804, stack(0x00000038fcb00000,0x00000038fcc00000)]
  0x0000021f3e550ce0 JavaThread "Cache worker for checksums cache (F:\XportSpot\WareHouse\WareHouse\android\.gradle\8.8\checksums)" [_thread_blocked, id=10260, stack(0x00000038fcc00000,0x00000038fcd00000)]
  0x0000021f3e551c10 JavaThread "Cache worker for file content cache (C:\Users\Ashraf Qureshi\.gradle\caches\8.8\fileContent)" [_thread_blocked, id=7760, stack(0x00000038fcd00000,0x00000038fce00000)]
  0x0000021f3e54f390 JavaThread "Cache worker for cache directory md-rule (C:\Users\Ashraf Qureshi\.gradle\caches\8.8\md-rule)" [_thread_blocked, id=1104, stack(0x00000038fce00000,0x00000038fcf00000)]
  0x0000021f3e552630 JavaThread "Cache worker for cache directory md-supplier (C:\Users\Ashraf Qureshi\.gradle\caches\8.8\md-supplier)" [_thread_blocked, id=7884, stack(0x00000038fcf00000,0x00000038fd000000)]
  0x0000021f3e54fdb0 JavaThread "jar transforms" [_thread_blocked, id=12724, stack(0x00000038fd100000,0x00000038fd200000)]
  0x0000021f3e54bbe0 JavaThread "Unconstrained build operations" [_thread_blocked, id=8900, stack(0x00000038fd200000,0x00000038fd300000)]
  0x0000021f3e54c600 JavaThread "Unconstrained build operations Thread 2" [_thread_blocked, id=9940, stack(0x00000038fd300000,0x00000038fd400000)]
  0x0000021f3e54f8a0 JavaThread "Unconstrained build operations Thread 3" [_thread_blocked, id=9108, stack(0x00000038fc800000,0x00000038fc900000)]
  0x0000021f3e5502c0 JavaThread "Unconstrained build operations Thread 4" [_thread_blocked, id=6232, stack(0x00000038fd400000,0x00000038fd500000)]
  0x0000021f3e54e460 JavaThread "Unconstrained build operations Thread 5" [_thread_blocked, id=7244, stack(0x00000038fd500000,0x00000038fd600000)]
  0x0000021f3e552120 JavaThread "Unconstrained build operations Thread 6" [_thread_blocked, id=9824, stack(0x00000038fd600000,0x00000038fd700000)]
  0x0000021f3e54ee80 JavaThread "Cache worker for Build Output Cleanup Cache (F:\XportSpot\WareHouse\WareHouse\node_modules\@react-native\gradle-plugin\.gradle\buildOutputCleanup)" [_thread_blocked, id=11996, stack(0x00000038fd700000,0x00000038fd800000)]
  0x0000021f3e54c0f0 JavaThread "Unconstrained build operations Thread 7" [_thread_blocked, id=3308, stack(0x00000038fd800000,0x00000038fd900000)]
  0x0000021f3e54df50 JavaThread "Unconstrained build operations Thread 8" [_thread_blocked, id=5240, stack(0x00000038fd900000,0x00000038fda00000)]
  0x0000021f3e54cb10 JavaThread "Unconstrained build operations Thread 9" [_thread_blocked, id=12220, stack(0x00000038fda00000,0x00000038fdb00000)]
  0x0000021f3e5511f0 JavaThread "Unconstrained build operations Thread 10" [_thread_blocked, id=1428, stack(0x00000038fdb00000,0x00000038fdc00000)]
  0x0000021f3e551700 JavaThread "Unconstrained build operations Thread 11" [_thread_blocked, id=11580, stack(0x00000038fdc00000,0x00000038fdd00000)]
  0x0000021f3e54da40 JavaThread "Unconstrained build operations Thread 12" [_thread_blocked, id=1496, stack(0x00000038fdd00000,0x00000038fde00000)]
  0x0000021f3e54b1c0 JavaThread "Unconstrained build operations Thread 13" [_thread_blocked, id=1308, stack(0x00000038fde00000,0x00000038fdf00000)]
  0x0000021f3e552b40 JavaThread "Unconstrained build operations Thread 14" [_thread_blocked, id=12236, stack(0x00000038fdf00000,0x00000038fe000000)]
  0x0000021f3e54e970 JavaThread "Unconstrained build operations Thread 15" [_thread_blocked, id=2324, stack(0x00000038fe000000,0x00000038fe100000)]
  0x0000021f3e54b6d0 JavaThread "Memory manager" [_thread_blocked, id=1240, stack(0x00000038fe100000,0x00000038fe200000)]
  0x0000021f3fc30d70 JavaThread "build event listener" [_thread_blocked, id=11484, stack(0x00000038fe200000,0x00000038fe300000)]
  0x0000021f3fc30860 JavaThread "ForkJoinPool.commonPool-worker-1" daemon [_thread_blocked, id=7112, stack(0x00000038fe400000,0x00000038fe500000)]
  0x0000021f3fc36890 JavaThread "ForkJoinPool.commonPool-worker-2" daemon [_thread_blocked, id=2688, stack(0x00000038fe500000,0x00000038fe600000)]
  0x0000021f3fc31280 JavaThread "ForkJoinPool.commonPool-worker-3" daemon [_thread_blocked, id=3952, stack(0x00000038fe600000,0x00000038fe700000)]
  0x0000021f3fc36380 JavaThread "included builds" [_thread_blocked, id=7892, stack(0x00000038fe700000,0x00000038fe800000)]
  0x0000021f3fc2fe40 JavaThread "Execution worker" [_thread_blocked, id=6012, stack(0x00000038fe800000,0x00000038fe900000)]
  0x0000021f3fc33b00 JavaThread "Execution worker Thread 2" [_thread_blocked, id=6160, stack(0x00000038fe900000,0x00000038fea00000)]
  0x0000021f3fc34010 JavaThread "Execution worker Thread 3" [_thread_blocked, id=3724, stack(0x00000038fea00000,0x00000038feb00000)]
  0x0000021f3fc2f420 JavaThread "Cache worker for execution history cache (F:\XportSpot\WareHouse\WareHouse\node_modules\@react-native\gradle-plugin\.gradle\8.8\executionHistory)" [_thread_blocked, id=7712, stack(0x00000038feb00000,0x00000038fec00000)]
  0x0000021f3fc34520 JavaThread "Unconstrained build operations Thread 16" [_thread_in_native, id=10148, stack(0x00000038fec00000,0x00000038fed00000)]
  0x0000021f3fc36da0 JavaThread "Unconstrained build operations Thread 17" [_thread_blocked, id=14284, stack(0x00000038fed00000,0x00000038fee00000)]
  0x0000021f3fc34a30 JavaThread "Unconstrained build operations Thread 18" [_thread_blocked, id=8432, stack(0x00000038fee00000,0x00000038fef00000)]
  0x0000021f3fc30350 JavaThread "Unconstrained build operations Thread 19" [_thread_blocked, id=10528, stack(0x00000038fef00000,0x00000038ff000000)]
  0x0000021f3fc34f40 JavaThread "Unconstrained build operations Thread 20" [_thread_blocked, id=3336, stack(0x00000038ff000000,0x00000038ff100000)]
  0x0000021f3fc31790 JavaThread "Unconstrained build operations Thread 21" [_thread_blocked, id=13704, stack(0x00000038ff100000,0x00000038ff200000)]
  0x0000021f3fc31ca0 JavaThread "Unconstrained build operations Thread 22" [_thread_blocked, id=1032, stack(0x00000038ff200000,0x00000038ff300000)]
  0x0000021f3fc321b0 JavaThread "Unconstrained build operations Thread 23" [_thread_blocked, id=7708, stack(0x00000038ff300000,0x00000038ff400000)]
  0x0000021f3fc326c0 JavaThread "Unconstrained build operations Thread 24" [_thread_blocked, id=13356, stack(0x00000038ff400000,0x00000038ff500000)]
  0x0000021f3fc32bd0 JavaThread "Unconstrained build operations Thread 25" [_thread_blocked, id=3860, stack(0x00000038ff500000,0x00000038ff600000)]
  0x0000021f3fc35450 JavaThread "Unconstrained build operations Thread 26" [_thread_blocked, id=8644, stack(0x00000038ff600000,0x00000038ff700000)]
  0x0000021f3fc35960 JavaThread "Unconstrained build operations Thread 27" [_thread_blocked, id=13460, stack(0x00000038ff700000,0x00000038ff800000)]
  0x0000021f3fc35e70 JavaThread "Unconstrained build operations Thread 28" [_thread_blocked, id=6200, stack(0x00000038ff800000,0x00000038ff900000)]
  0x0000021f1cdfd7b0 JavaThread "Unconstrained build operations Thread 29" [_thread_blocked, id=11828, stack(0x00000038ff900000,0x00000038ffa00000)]
  0x0000021f1ce02dc0 JavaThread "Unconstrained build operations Thread 30" [_thread_blocked, id=13200, stack(0x00000038ffa00000,0x00000038ffb00000)]
  0x0000021f1ce032d0 JavaThread "Unconstrained build operations Thread 31" [_thread_blocked, id=12280, stack(0x00000038ffb00000,0x00000038ffc00000)]
  0x0000021f1ce03cf0 JavaThread "Unconstrained build operations Thread 32" [_thread_blocked, id=1204, stack(0x00000038ffc00000,0x00000038ffd00000)]
  0x0000021f1cdfdcc0 JavaThread "Unconstrained build operations Thread 33" [_thread_blocked, id=1192, stack(0x00000038ffd00000,0x00000038ffe00000)]
  0x0000021f1ce00a50 JavaThread "Unconstrained build operations Thread 34" [_thread_blocked, id=13456, stack(0x00000038ffe00000,0x00000038fff00000)]
  0x0000021f1ce01470 JavaThread "Unconstrained build operations Thread 35" [_thread_blocked, id=7484, stack(0x00000038fff00000,0x0000003900000000)]
  0x0000021f1ce04c20 JavaThread "Unconstrained build operations Thread 36" [_thread_blocked, id=13220, stack(0x0000003880000000,0x0000003880100000)]
  0x0000021f1ce01e90 JavaThread "jar transforms Thread 2" [_thread_blocked, id=5552, stack(0x0000003880100000,0x0000003880200000)]
  0x0000021f1ce00f60 JavaThread "Cache worker for Build Output Cleanup Cache (F:\XportSpot\WareHouse\WareHouse\android\.gradle\buildOutputCleanup)" [_thread_blocked, id=8576, stack(0x0000003880200000,0x0000003880300000)]
  0x0000021f1ce01980 JavaThread "jar transforms Thread 3" [_thread_blocked, id=12460, stack(0x0000003880300000,0x0000003880400000)]
  0x0000021f1ce028b0 JavaThread "Unconstrained build operations Thread 37" [_thread_blocked, id=4264, stack(0x0000003880400000,0x0000003880500000)]
  0x0000021f1ce037e0 JavaThread "Unconstrained build operations Thread 38" [_thread_blocked, id=4208, stack(0x0000003880500000,0x0000003880600000)]
  0x0000021f1cdff610 JavaThread "Unconstrained build operations Thread 39" [_thread_blocked, id=9820, stack(0x0000003880600000,0x0000003880700000)]
  0x0000021f1ce00540 JavaThread "Unconstrained build operations Thread 40" [_thread_blocked, id=9600, stack(0x0000003880700000,0x0000003880800000)]
  0x0000021f1ce05130 JavaThread "jar transforms Thread 4" [_thread_blocked, id=9092, stack(0x0000003880800000,0x0000003880900000)]
  0x0000021f1cdfe6e0 JavaThread "build event listener" [_thread_blocked, id=11716, stack(0x0000003880900000,0x0000003880a00000)]

Other Threads:
  0x0000021f7f8403c0 VMThread "VM Thread" [stack: 0x00000038fab00000,0x00000038fac00000] [id=12928]
  0x0000021f1cd07b10 WatcherThread [stack: 0x00000038fb700000,0x00000038fb800000] [id=11488]
  0x0000021f7e6fd040 GCTaskThread "GC Thread#0" [stack: 0x00000038fa600000,0x00000038fa700000] [id=6024]
  0x0000021f1cde9660 GCTaskThread "GC Thread#1" [stack: 0x00000038fb900000,0x00000038fba00000] [id=984]
  0x0000021f1ce33ca0 GCTaskThread "GC Thread#2" [stack: 0x00000038fba00000,0x00000038fbb00000] [id=13724]
  0x0000021f3c7da700 GCTaskThread "GC Thread#3" [stack: 0x00000038fbb00000,0x00000038fbc00000] [id=12632]
  0x0000021f7e70df90 ConcurrentGCThread "G1 Main Marker" [stack: 0x00000038fa700000,0x00000038fa800000] [id=13168]
  0x0000021f7e70e9b0 ConcurrentGCThread "G1 Conc#0" [stack: 0x00000038fa800000,0x00000038fa900000] [id=11192]
  0x0000021f7e74e8b0 ConcurrentGCThread "G1 Refine#0" [stack: 0x00000038fa900000,0x00000038faa00000] [id=8184]
  0x0000021f3f291920 ConcurrentGCThread "G1 Refine#1" [stack: 0x00000038fd000000,0x00000038fd100000] [id=13244]
  0x0000021f7f6fe2b0 ConcurrentGCThread "G1 Service" [stack: 0x00000038faa00000,0x00000038fab00000] [id=9104]

Threads with active compile tasks:
C2 CompilerThread0    56563 14314   !   4       sun.nio.ch.NioSocketImpl::tryRead (87 bytes)

VM state: not at safepoint (normal execution)

VM Mutex/Monitor currently owned by a thread: None

Heap address: 0x0000000080000000, size: 2048 MB, Compressed Oops mode: 32-bit

CDS archive(s) mapped at: [0x0000021f1d000000-0x0000021f1dbb0000-0x0000021f1dbb0000), size 12255232, SharedBaseAddress: 0x0000021f1d000000, ArchiveRelocationMode: 1.
Compressed class space mapped at: 0x0000021f1e000000-0x0000021f38000000, reserved size: 436207616
Narrow klass base: 0x0000021f1d000000, Narrow klass shift: 0, Narrow klass range: 0x100000000

GC Precious Log:
 CPUs: 4 total, 4 available
 Memory: 7957M
 Large Page Support: Disabled
 NUMA Support: Disabled
 Compressed Oops: Enabled (32-bit)
 Heap Region Size: 1M
 Heap Min Capacity: 8M
 Heap Initial Capacity: 126M
 Heap Max Capacity: 2G
 Pre-touch: Disabled
 Parallel Workers: 4
 Concurrent Workers: 1
 Concurrent Refinement Workers: 4
 Periodic GC: Disabled

Heap:
 garbage-first heap   total 226304K, used 175393K [0x0000000080000000, 0x0000000100000000)
  region size 1024K, 57 young (58368K), 10 survivors (10240K)
 Metaspace       used 105833K, committed 106944K, reserved 557056K
  class space    used 14629K, committed 15168K, reserved 425984K

Heap Regions: E=young(eden), S=young(survivor), O=old, HS=humongous(starts), HC=humongous(continues), CS=collection set, F=free, OA=open archive, CA=closed archive, TAMS=top-at-mark-start (previous, next)
|   0|0x0000000080000000, 0x0000000080100000, 0x0000000080100000|100%|HS|  |TAMS 0x0000000080100000, 0x0000000080000000| Complete 
|   1|0x0000000080100000, 0x0000000080200000, 0x0000000080200000|100%|HC|  |TAMS 0x0000000080200000, 0x0000000080100000| Complete 
|   2|0x0000000080200000, 0x0000000080300000, 0x0000000080300000|100%|HC|  |TAMS 0x0000000080300000, 0x0000000080200000| Complete 
|   3|0x0000000080300000, 0x0000000080400000, 0x0000000080400000|100%|HC|  |TAMS 0x0000000080400000, 0x0000000080300000| Complete 
|   4|0x0000000080400000, 0x0000000080500000, 0x0000000080500000|100%| O|  |TAMS 0x0000000080500000, 0x0000000080400000| Untracked 
|   5|0x0000000080500000, 0x0000000080600000, 0x0000000080600000|100%| O|  |TAMS 0x0000000080600000, 0x0000000080500000| Untracked 
|   6|0x0000000080600000, 0x0000000080700000, 0x0000000080700000|100%| O|  |TAMS 0x0000000080700000, 0x0000000080600000| Untracked 
|   7|0x0000000080700000, 0x0000000080800000, 0x0000000080800000|100%| O|  |TAMS 0x0000000080800000, 0x0000000080700000| Untracked 
|   8|0x0000000080800000, 0x0000000080900000, 0x0000000080900000|100%|HS|  |TAMS 0x0000000080900000, 0x0000000080800000| Complete 
|   9|0x0000000080900000, 0x0000000080a00000, 0x0000000080a00000|100%| O|  |TAMS 0x0000000080a00000, 0x0000000080900000| Untracked 
|  10|0x0000000080a00000, 0x0000000080b00000, 0x0000000080b00000|100%| O|  |TAMS 0x0000000080b00000, 0x0000000080a00000| Untracked 
|  11|0x0000000080b00000, 0x0000000080c00000, 0x0000000080c00000|100%| O|  |TAMS 0x0000000080c00000, 0x0000000080b00000| Untracked 
|  12|0x0000000080c00000, 0x0000000080d00000, 0x0000000080d00000|100%| O|  |TAMS 0x0000000080d00000, 0x0000000080c00000| Untracked 
|  13|0x0000000080d00000, 0x0000000080e00000, 0x0000000080e00000|100%| O|  |TAMS 0x0000000080e00000, 0x0000000080d00000| Untracked 
|  14|0x0000000080e00000, 0x0000000080f00000, 0x0000000080f00000|100%| O|  |TAMS 0x0000000080f00000, 0x0000000080e00000| Untracked 
|  15|0x0000000080f00000, 0x0000000081000000, 0x0000000081000000|100%| O|  |TAMS 0x0000000081000000, 0x0000000080f00000| Untracked 
|  16|0x0000000081000000, 0x0000000081100000, 0x0000000081100000|100%| O|  |TAMS 0x0000000081100000, 0x0000000081000000| Untracked 
|  17|0x0000000081100000, 0x0000000081200000, 0x0000000081200000|100%| O|  |TAMS 0x0000000081200000, 0x0000000081100000| Untracked 
|  18|0x0000000081200000, 0x0000000081300000, 0x0000000081300000|100%| O|  |TAMS 0x0000000081300000, 0x0000000081200000| Untracked 
|  19|0x0000000081300000, 0x0000000081400000, 0x0000000081400000|100%|HS|  |TAMS 0x0000000081400000, 0x0000000081300000| Complete 
|  20|0x0000000081400000, 0x0000000081500000, 0x0000000081500000|100%| O|  |TAMS 0x0000000081500000, 0x0000000081400000| Untracked 
|  21|0x0000000081500000, 0x0000000081600000, 0x0000000081600000|100%| O|  |TAMS 0x0000000081600000, 0x0000000081500000| Untracked 
|  22|0x0000000081600000, 0x0000000081700000, 0x0000000081700000|100%| O|  |TAMS 0x0000000081700000, 0x0000000081600000| Untracked 
|  23|0x0000000081700000, 0x0000000081800000, 0x0000000081800000|100%| O|  |TAMS 0x0000000081800000, 0x0000000081700000| Untracked 
|  24|0x0000000081800000, 0x0000000081900000, 0x0000000081900000|100%| O|  |TAMS 0x0000000081900000, 0x0000000081800000| Untracked 
|  25|0x0000000081900000, 0x0000000081a00000, 0x0000000081a00000|100%| O|  |TAMS 0x0000000081a00000, 0x0000000081900000| Untracked 
|  26|0x0000000081a00000, 0x0000000081b00000, 0x0000000081b00000|100%| O|  |TAMS 0x0000000081b00000, 0x0000000081a00000| Untracked 
|  27|0x0000000081b00000, 0x0000000081c00000, 0x0000000081c00000|100%| O|  |TAMS 0x0000000081c00000, 0x0000000081b00000| Untracked 
|  28|0x0000000081c00000, 0x0000000081d00000, 0x0000000081d00000|100%| O|  |TAMS 0x0000000081d00000, 0x0000000081c00000| Untracked 
|  29|0x0000000081d00000, 0x0000000081e00000, 0x0000000081e00000|100%| O|  |TAMS 0x0000000081e00000, 0x0000000081d00000| Untracked 
|  30|0x0000000081e00000, 0x0000000081f00000, 0x0000000081f00000|100%| O|  |TAMS 0x0000000081f00000, 0x0000000081e00000| Untracked 
|  31|0x0000000081f00000, 0x0000000082000000, 0x0000000082000000|100%| O|  |TAMS 0x0000000082000000, 0x0000000081f00000| Untracked 
|  32|0x0000000082000000, 0x0000000082100000, 0x0000000082100000|100%| O|  |TAMS 0x0000000082100000, 0x0000000082000000| Untracked 
|  33|0x0000000082100000, 0x0000000082200000, 0x0000000082200000|100%| O|  |TAMS 0x0000000082200000, 0x0000000082100000| Untracked 
|  34|0x0000000082200000, 0x0000000082300000, 0x0000000082300000|100%| O|  |TAMS 0x0000000082300000, 0x0000000082200000| Untracked 
|  35|0x0000000082300000, 0x0000000082400000, 0x0000000082400000|100%| O|  |TAMS 0x0000000082400000, 0x0000000082300000| Untracked 
|  36|0x0000000082400000, 0x0000000082500000, 0x0000000082500000|100%|HS|  |TAMS 0x0000000082500000, 0x0000000082400000| Complete 
|  37|0x0000000082500000, 0x0000000082600000, 0x0000000082600000|100%|HC|  |TAMS 0x0000000082600000, 0x0000000082500000| Complete 
|  38|0x0000000082600000, 0x0000000082700000, 0x0000000082700000|100%|HS|  |TAMS 0x0000000082700000, 0x0000000082600000| Complete 
|  39|0x0000000082700000, 0x0000000082800000, 0x0000000082800000|100%|HC|  |TAMS 0x0000000082800000, 0x0000000082700000| Complete 
|  40|0x0000000082800000, 0x0000000082900000, 0x0000000082900000|100%| O|  |TAMS 0x0000000082900000, 0x0000000082800000| Untracked 
|  41|0x0000000082900000, 0x0000000082a00000, 0x0000000082a00000|100%| O|  |TAMS 0x0000000082a00000, 0x0000000082900000| Untracked 
|  42|0x0000000082a00000, 0x0000000082b00000, 0x0000000082b00000|100%|HS|  |TAMS 0x0000000082b00000, 0x0000000082a00000| Complete 
|  43|0x0000000082b00000, 0x0000000082c00000, 0x0000000082c00000|100%|HC|  |TAMS 0x0000000082c00000, 0x0000000082b00000| Complete 
|  44|0x0000000082c00000, 0x0000000082d00000, 0x0000000082d00000|100%|HC|  |TAMS 0x0000000082d00000, 0x0000000082c00000| Complete 
|  45|0x0000000082d00000, 0x0000000082e00000, 0x0000000082e00000|100%|HC|  |TAMS 0x0000000082e00000, 0x0000000082d00000| Complete 
|  46|0x0000000082e00000, 0x0000000082f00000, 0x0000000082f00000|100%| O|  |TAMS 0x0000000082f00000, 0x0000000082e00000| Untracked 
|  47|0x0000000082f00000, 0x0000000083000000, 0x0000000083000000|100%| O|  |TAMS 0x0000000083000000, 0x0000000082f00000| Untracked 
|  48|0x0000000083000000, 0x0000000083100000, 0x0000000083100000|100%| O|  |TAMS 0x0000000083100000, 0x0000000083000000| Untracked 
|  49|0x0000000083100000, 0x0000000083200000, 0x0000000083200000|100%|HS|  |TAMS 0x0000000083200000, 0x0000000083100000| Complete 
|  50|0x0000000083200000, 0x0000000083300000, 0x0000000083300000|100%|HC|  |TAMS 0x0000000083300000, 0x0000000083200000| Complete 
|  51|0x0000000083300000, 0x0000000083400000, 0x0000000083400000|100%|HC|  |TAMS 0x0000000083400000, 0x0000000083300000| Complete 
|  52|0x0000000083400000, 0x0000000083500000, 0x0000000083500000|100%|HC|  |TAMS 0x0000000083500000, 0x0000000083400000| Complete 
|  53|0x0000000083500000, 0x0000000083600000, 0x0000000083600000|100%| O|  |TAMS 0x0000000083600000, 0x0000000083500000| Untracked 
|  54|0x0000000083600000, 0x0000000083700000, 0x0000000083700000|100%| O|  |TAMS 0x0000000083700000, 0x0000000083600000| Untracked 
|  55|0x0000000083700000, 0x0000000083800000, 0x0000000083800000|100%| O|  |TAMS 0x0000000083800000, 0x0000000083700000| Untracked 
|  56|0x0000000083800000, 0x0000000083900000, 0x0000000083900000|100%| O|  |TAMS 0x0000000083900000, 0x0000000083800000| Untracked 
|  57|0x0000000083900000, 0x0000000083a00000, 0x0000000083a00000|100%| O|  |TAMS 0x0000000083a00000, 0x0000000083900000| Untracked 
|  58|0x0000000083a00000, 0x0000000083b00000, 0x0000000083b00000|100%| O|  |TAMS 0x0000000083b00000, 0x0000000083a00000| Untracked 
|  59|0x0000000083b00000, 0x0000000083c00000, 0x0000000083c00000|100%| O|  |TAMS 0x0000000083c00000, 0x0000000083b00000| Untracked 
|  60|0x0000000083c00000, 0x0000000083d00000, 0x0000000083d00000|100%| O|  |TAMS 0x0000000083d00000, 0x0000000083c00000| Untracked 
|  61|0x0000000083d00000, 0x0000000083e00000, 0x0000000083e00000|100%| O|  |TAMS 0x0000000083e00000, 0x0000000083d00000| Untracked 
|  62|0x0000000083e00000, 0x0000000083f00000, 0x0000000083f00000|100%| O|  |TAMS 0x0000000083f00000, 0x0000000083e00000| Untracked 
|  63|0x0000000083f00000, 0x0000000084000000, 0x0000000084000000|100%| O|  |TAMS 0x0000000084000000, 0x0000000083f00000| Untracked 
|  64|0x0000000084000000, 0x0000000084100000, 0x0000000084100000|100%| O|  |TAMS 0x0000000084100000, 0x0000000084000000| Untracked 
|  65|0x0000000084100000, 0x0000000084200000, 0x0000000084200000|100%| O|  |TAMS 0x0000000084200000, 0x0000000084100000| Untracked 
|  66|0x0000000084200000, 0x0000000084300000, 0x0000000084300000|100%| O|  |TAMS 0x0000000084300000, 0x0000000084200000| Untracked 
|  67|0x0000000084300000, 0x0000000084400000, 0x0000000084400000|100%| O|  |TAMS 0x0000000084400000, 0x0000000084300000| Untracked 
|  68|0x0000000084400000, 0x0000000084500000, 0x0000000084500000|100%| O|  |TAMS 0x0000000084500000, 0x0000000084400000| Untracked 
|  69|0x0000000084500000, 0x0000000084600000, 0x0000000084600000|100%| O|  |TAMS 0x0000000084600000, 0x0000000084500000| Untracked 
|  70|0x0000000084600000, 0x0000000084700000, 0x0000000084700000|100%| O|  |TAMS 0x0000000084700000, 0x0000000084600000| Untracked 
|  71|0x0000000084700000, 0x0000000084800000, 0x0000000084800000|100%| O|  |TAMS 0x0000000084700000, 0x0000000084700000| Untracked 
|  72|0x0000000084800000, 0x0000000084900000, 0x0000000084900000|100%| O|  |TAMS 0x0000000084900000, 0x0000000084800000| Untracked 
|  73|0x0000000084900000, 0x0000000084a00000, 0x0000000084a00000|100%| O|  |TAMS 0x0000000084a00000, 0x0000000084900000| Untracked 
|  74|0x0000000084a00000, 0x0000000084b00000, 0x0000000084b00000|100%| O|  |TAMS 0x0000000084b00000, 0x0000000084a00000| Untracked 
|  75|0x0000000084b00000, 0x0000000084c00000, 0x0000000084c00000|100%| O|  |TAMS 0x0000000084c00000, 0x0000000084b00000| Untracked 
|  76|0x0000000084c00000, 0x0000000084d00000, 0x0000000084d00000|100%| O|  |TAMS 0x0000000084d00000, 0x0000000084c00000| Untracked 
|  77|0x0000000084d00000, 0x0000000084e00000, 0x0000000084e00000|100%| O|  |TAMS 0x0000000084e00000, 0x0000000084d00000| Untracked 
|  78|0x0000000084e00000, 0x0000000084f00000, 0x0000000084f00000|100%| O|  |TAMS 0x0000000084f00000, 0x0000000084e00000| Untracked 
|  79|0x0000000084f00000, 0x0000000085000000, 0x0000000085000000|100%| O|  |TAMS 0x0000000084f00000, 0x0000000084f00000| Untracked 
|  80|0x0000000085000000, 0x0000000085100000, 0x0000000085100000|100%|HS|  |TAMS 0x0000000085100000, 0x0000000085000000| Complete 
|  81|0x0000000085100000, 0x0000000085200000, 0x0000000085200000|100%|HS|  |TAMS 0x0000000085200000, 0x0000000085100000| Complete 
|  82|0x0000000085200000, 0x0000000085300000, 0x0000000085300000|100%|HS|  |TAMS 0x0000000085300000, 0x0000000085200000| Complete 
|  83|0x0000000085300000, 0x0000000085400000, 0x0000000085400000|100%| O|  |TAMS 0x0000000085400000, 0x0000000085300000| Untracked 
|  84|0x0000000085400000, 0x0000000085500000, 0x0000000085500000|100%|HS|  |TAMS 0x0000000085500000, 0x0000000085400000| Complete 
|  85|0x0000000085500000, 0x0000000085600000, 0x0000000085600000|100%|HS|  |TAMS 0x0000000085600000, 0x0000000085500000| Complete 
|  86|0x0000000085600000, 0x0000000085700000, 0x0000000085700000|100%| O|  |TAMS 0x0000000085700000, 0x0000000085600000| Untracked 
|  87|0x0000000085700000, 0x0000000085800000, 0x0000000085800000|100%| O|  |TAMS 0x0000000085800000, 0x0000000085700000| Untracked 
|  88|0x0000000085800000, 0x0000000085900000, 0x0000000085900000|100%| O|  |TAMS 0x0000000085900000, 0x0000000085800000| Untracked 
|  89|0x0000000085900000, 0x0000000085a00000, 0x0000000085a00000|100%| O|  |TAMS 0x0000000085a00000, 0x0000000085900000| Untracked 
|  90|0x0000000085a00000, 0x0000000085b00000, 0x0000000085b00000|100%| O|  |TAMS 0x0000000085b00000, 0x0000000085a00000| Untracked 
|  91|0x0000000085b00000, 0x0000000085c00000, 0x0000000085c00000|100%| O|  |TAMS 0x0000000085c00000, 0x0000000085b00000| Untracked 
|  92|0x0000000085c00000, 0x0000000085d00000, 0x0000000085d00000|100%| O|  |TAMS 0x0000000085d00000, 0x0000000085c00000| Untracked 
|  93|0x0000000085d00000, 0x0000000085e00000, 0x0000000085e00000|100%| O|  |TAMS 0x0000000085e00000, 0x0000000085d00000| Untracked 
|  94|0x0000000085e00000, 0x0000000085f00000, 0x0000000085f00000|100%| O|  |TAMS 0x0000000085f00000, 0x0000000085e00000| Untracked 
|  95|0x0000000085f00000, 0x0000000086000000, 0x0000000086000000|100%| O|  |TAMS 0x0000000086000000, 0x0000000085f00000| Untracked 
|  96|0x0000000086000000, 0x0000000086100000, 0x0000000086100000|100%| O|  |TAMS 0x0000000086100000, 0x0000000086000000| Untracked 
|  97|0x0000000086100000, 0x0000000086200000, 0x0000000086200000|100%|HS|  |TAMS 0x0000000086200000, 0x0000000086100000| Complete 
|  98|0x0000000086200000, 0x0000000086300000, 0x0000000086300000|100%| O|  |TAMS 0x0000000086300000, 0x0000000086200000| Untracked 
|  99|0x0000000086300000, 0x0000000086400000, 0x0000000086400000|100%| O|  |TAMS 0x000000008631e800, 0x0000000086300000| Untracked 
| 100|0x0000000086400000, 0x0000000086500000, 0x0000000086500000|100%| O|  |TAMS 0x0000000086400000, 0x0000000086400000| Untracked 
| 101|0x0000000086500000, 0x0000000086600000, 0x0000000086600000|100%| O|  |TAMS 0x0000000086500000, 0x0000000086500000| Untracked 
| 102|0x0000000086600000, 0x0000000086700000, 0x0000000086700000|100%| O|  |TAMS 0x0000000086600000, 0x0000000086600000| Untracked 
| 103|0x0000000086700000, 0x0000000086800000, 0x0000000086800000|100%| O|  |TAMS 0x0000000086700000, 0x0000000086700000| Untracked 
| 104|0x0000000086800000, 0x0000000086900000, 0x0000000086900000|100%| O|  |TAMS 0x0000000086800000, 0x0000000086800000| Untracked 
| 105|0x0000000086900000, 0x0000000086a00000, 0x0000000086a00000|100%| O|  |TAMS 0x0000000086900000, 0x0000000086900000| Untracked 
| 106|0x0000000086a00000, 0x0000000086b00000, 0x0000000086b00000|100%| O|  |TAMS 0x0000000086a00000, 0x0000000086a00000| Untracked 
| 107|0x0000000086b00000, 0x0000000086c00000, 0x0000000086c00000|100%| O|  |TAMS 0x0000000086b00000, 0x0000000086b00000| Untracked 
| 108|0x0000000086c00000, 0x0000000086d00000, 0x0000000086d00000|100%| O|  |TAMS 0x0000000086c00000, 0x0000000086c00000| Untracked 
| 109|0x0000000086d00000, 0x0000000086e00000, 0x0000000086e00000|100%| O|  |TAMS 0x0000000086d00000, 0x0000000086d00000| Untracked 
| 110|0x0000000086e00000, 0x0000000086f00000, 0x0000000086f00000|100%| O|  |TAMS 0x0000000086e00000, 0x0000000086e00000| Untracked 
| 111|0x0000000086f00000, 0x0000000087000000, 0x0000000087000000|100%| O|  |TAMS 0x0000000086f00000, 0x0000000086f00000| Untracked 
| 112|0x0000000087000000, 0x0000000087100000, 0x0000000087100000|100%| O|  |TAMS 0x0000000087000000, 0x0000000087000000| Untracked 
| 113|0x0000000087100000, 0x0000000087200000, 0x0000000087200000|100%| O|  |TAMS 0x0000000087100000, 0x0000000087100000| Untracked 
| 114|0x0000000087200000, 0x0000000087300000, 0x0000000087300000|100%| O|  |TAMS 0x0000000087200000, 0x0000000087200000| Untracked 
| 115|0x0000000087300000, 0x0000000087400000, 0x0000000087400000|100%| O|  |TAMS 0x0000000087300000, 0x0000000087300000| Untracked 
| 116|0x0000000087400000, 0x0000000087448600, 0x0000000087500000| 28%| O|  |TAMS 0x0000000087400000, 0x0000000087400000| Untracked 
| 117|0x0000000087500000, 0x0000000087500000, 0x0000000087600000|  0%| F|  |TAMS 0x0000000087500000, 0x0000000087500000| Untracked 
| 118|0x0000000087600000, 0x0000000087600000, 0x0000000087700000|  0%| F|  |TAMS 0x0000000087600000, 0x0000000087600000| Untracked 
| 119|0x0000000087700000, 0x0000000087700000, 0x0000000087800000|  0%| F|  |TAMS 0x0000000087700000, 0x0000000087700000| Untracked 
| 120|0x0000000087800000, 0x0000000087800000, 0x0000000087900000|  0%| F|  |TAMS 0x0000000087800000, 0x0000000087800000| Untracked 
| 121|0x0000000087900000, 0x0000000087900000, 0x0000000087a00000|  0%| F|  |TAMS 0x0000000087900000, 0x0000000087900000| Untracked 
| 122|0x0000000087a00000, 0x0000000087a00000, 0x0000000087b00000|  0%| F|  |TAMS 0x0000000087a00000, 0x0000000087a00000| Untracked 
| 123|0x0000000087b00000, 0x0000000087b00000, 0x0000000087c00000|  0%| F|  |TAMS 0x0000000087b00000, 0x0000000087b00000| Untracked 
| 124|0x0000000087c00000, 0x0000000087c00000, 0x0000000087d00000|  0%| F|  |TAMS 0x0000000087c00000, 0x0000000087c00000| Untracked 
| 125|0x0000000087d00000, 0x0000000087d00000, 0x0000000087e00000|  0%| F|  |TAMS 0x0000000087d00000, 0x0000000087d00000| Untracked 
| 126|0x0000000087e00000, 0x0000000087e00000, 0x0000000087f00000|  0%| F|  |TAMS 0x0000000087e00000, 0x0000000087e00000| Untracked 
| 127|0x0000000087f00000, 0x0000000087f00000, 0x0000000088000000|  0%| F|  |TAMS 0x0000000087f00000, 0x0000000087f00000| Untracked 
| 128|0x0000000088000000, 0x0000000088000000, 0x0000000088100000|  0%| F|  |TAMS 0x0000000088000000, 0x0000000088000000| Untracked 
| 129|0x0000000088100000, 0x0000000088100000, 0x0000000088200000|  0%| F|  |TAMS 0x0000000088100000, 0x0000000088100000| Untracked 
| 130|0x0000000088200000, 0x0000000088200000, 0x0000000088300000|  0%| F|  |TAMS 0x0000000088200000, 0x0000000088200000| Untracked 
| 131|0x0000000088300000, 0x0000000088300000, 0x0000000088400000|  0%| F|  |TAMS 0x0000000088300000, 0x0000000088300000| Untracked 
| 132|0x0000000088400000, 0x0000000088400000, 0x0000000088500000|  0%| F|  |TAMS 0x0000000088400000, 0x0000000088400000| Untracked 
| 133|0x0000000088500000, 0x0000000088500000, 0x0000000088600000|  0%| F|  |TAMS 0x0000000088500000, 0x0000000088500000| Untracked 
| 134|0x0000000088600000, 0x0000000088600000, 0x0000000088700000|  0%| F|  |TAMS 0x0000000088600000, 0x0000000088600000| Untracked 
| 135|0x0000000088700000, 0x0000000088700000, 0x0000000088800000|  0%| F|  |TAMS 0x0000000088700000, 0x0000000088700000| Untracked 
| 136|0x0000000088800000, 0x0000000088800000, 0x0000000088900000|  0%| F|  |TAMS 0x0000000088800000, 0x0000000088800000| Untracked 
| 137|0x0000000088900000, 0x0000000088900000, 0x0000000088a00000|  0%| F|  |TAMS 0x0000000088900000, 0x0000000088900000| Untracked 
| 138|0x0000000088a00000, 0x0000000088a00000, 0x0000000088b00000|  0%| F|  |TAMS 0x0000000088a00000, 0x0000000088a00000| Untracked 
| 139|0x0000000088b00000, 0x0000000088b00000, 0x0000000088c00000|  0%| F|  |TAMS 0x0000000088b00000, 0x0000000088b00000| Untracked 
| 140|0x0000000088c00000, 0x0000000088c00000, 0x0000000088d00000|  0%| F|  |TAMS 0x0000000088c00000, 0x0000000088c00000| Untracked 
| 141|0x0000000088d00000, 0x0000000088e00000, 0x0000000088e00000|100%| S|CS|TAMS 0x0000000088d00000, 0x0000000088d00000| Complete 
| 142|0x0000000088e00000, 0x0000000088f00000, 0x0000000088f00000|100%| S|CS|TAMS 0x0000000088e00000, 0x0000000088e00000| Complete 
| 143|0x0000000088f00000, 0x0000000089000000, 0x0000000089000000|100%| S|CS|TAMS 0x0000000088f00000, 0x0000000088f00000| Complete 
| 144|0x0000000089000000, 0x0000000089100000, 0x0000000089100000|100%| S|CS|TAMS 0x0000000089000000, 0x0000000089000000| Complete 
| 145|0x0000000089100000, 0x0000000089200000, 0x0000000089200000|100%| S|CS|TAMS 0x0000000089100000, 0x0000000089100000| Complete 
| 146|0x0000000089200000, 0x0000000089200000, 0x0000000089300000|  0%| F|  |TAMS 0x0000000089200000, 0x0000000089200000| Untracked 
| 147|0x0000000089300000, 0x0000000089300000, 0x0000000089400000|  0%| F|  |TAMS 0x0000000089300000, 0x0000000089300000| Untracked 
| 148|0x0000000089400000, 0x0000000089400000, 0x0000000089500000|  0%| F|  |TAMS 0x0000000089400000, 0x0000000089400000| Untracked 
| 149|0x0000000089500000, 0x0000000089500000, 0x0000000089600000|  0%| F|  |TAMS 0x0000000089500000, 0x0000000089500000| Untracked 
| 150|0x0000000089600000, 0x0000000089600000, 0x0000000089700000|  0%| F|  |TAMS 0x0000000089600000, 0x0000000089600000| Untracked 
| 151|0x0000000089700000, 0x0000000089700000, 0x0000000089800000|  0%| F|  |TAMS 0x0000000089700000, 0x0000000089700000| Untracked 
| 152|0x0000000089800000, 0x0000000089900000, 0x0000000089900000|100%| S|CS|TAMS 0x0000000089800000, 0x0000000089800000| Complete 
| 153|0x0000000089900000, 0x0000000089a00000, 0x0000000089a00000|100%| S|CS|TAMS 0x0000000089900000, 0x0000000089900000| Complete 
| 154|0x0000000089a00000, 0x0000000089b00000, 0x0000000089b00000|100%| S|CS|TAMS 0x0000000089a00000, 0x0000000089a00000| Complete 
| 155|0x0000000089b00000, 0x0000000089c00000, 0x0000000089c00000|100%| S|CS|TAMS 0x0000000089b00000, 0x0000000089b00000| Complete 
| 156|0x0000000089c00000, 0x0000000089d00000, 0x0000000089d00000|100%| S|CS|TAMS 0x0000000089c00000, 0x0000000089c00000| Complete 
| 157|0x0000000089d00000, 0x0000000089d00000, 0x0000000089e00000|  0%| F|  |TAMS 0x0000000089d00000, 0x0000000089d00000| Untracked 
| 158|0x0000000089e00000, 0x0000000089e00000, 0x0000000089f00000|  0%| F|  |TAMS 0x0000000089e00000, 0x0000000089e00000| Untracked 
| 159|0x0000000089f00000, 0x0000000089f00000, 0x000000008a000000|  0%| F|  |TAMS 0x0000000089f00000, 0x0000000089f00000| Untracked 
| 160|0x000000008a000000, 0x000000008a000000, 0x000000008a100000|  0%| F|  |TAMS 0x000000008a000000, 0x000000008a000000| Untracked 
| 161|0x000000008a100000, 0x000000008a100000, 0x000000008a200000|  0%| F|  |TAMS 0x000000008a100000, 0x000000008a100000| Untracked 
| 162|0x000000008a200000, 0x000000008a200000, 0x000000008a300000|  0%| F|  |TAMS 0x000000008a200000, 0x000000008a200000| Untracked 
| 163|0x000000008a300000, 0x000000008a300000, 0x000000008a400000|  0%| F|  |TAMS 0x000000008a300000, 0x000000008a300000| Untracked 
| 164|0x000000008a400000, 0x000000008a400000, 0x000000008a500000|  0%| F|  |TAMS 0x000000008a400000, 0x000000008a400000| Untracked 
| 165|0x000000008a500000, 0x000000008a500000, 0x000000008a600000|  0%| F|  |TAMS 0x000000008a500000, 0x000000008a500000| Untracked 
| 166|0x000000008a600000, 0x000000008a600000, 0x000000008a700000|  0%| F|  |TAMS 0x000000008a600000, 0x000000008a600000| Untracked 
| 167|0x000000008a700000, 0x000000008a700000, 0x000000008a800000|  0%| F|  |TAMS 0x000000008a700000, 0x000000008a700000| Untracked 
| 168|0x000000008a800000, 0x000000008a800000, 0x000000008a900000|  0%| F|  |TAMS 0x000000008a800000, 0x000000008a800000| Untracked 
| 169|0x000000008a900000, 0x000000008a900000, 0x000000008aa00000|  0%| F|  |TAMS 0x000000008a900000, 0x000000008a900000| Untracked 
| 170|0x000000008aa00000, 0x000000008aa00000, 0x000000008ab00000|  0%| F|  |TAMS 0x000000008aa00000, 0x000000008aa00000| Untracked 
| 171|0x000000008ab00000, 0x000000008ab00000, 0x000000008ac00000|  0%| F|  |TAMS 0x000000008ab00000, 0x000000008ab00000| Untracked 
| 172|0x000000008ac00000, 0x000000008ac00000, 0x000000008ad00000|  0%| F|  |TAMS 0x000000008ac00000, 0x000000008ac00000| Untracked 
| 173|0x000000008ad00000, 0x000000008ad00000, 0x000000008ae00000|  0%| F|  |TAMS 0x000000008ad00000, 0x000000008ad00000| Untracked 
| 174|0x000000008ae00000, 0x000000008ae13868, 0x000000008af00000|  7%| E|  |TAMS 0x000000008ae00000, 0x000000008ae00000| Complete 
| 175|0x000000008af00000, 0x000000008b000000, 0x000000008b000000|100%| E|CS|TAMS 0x000000008af00000, 0x000000008af00000| Complete 
| 176|0x000000008b000000, 0x000000008b100000, 0x000000008b100000|100%| E|CS|TAMS 0x000000008b000000, 0x000000008b000000| Complete 
| 177|0x000000008b100000, 0x000000008b200000, 0x000000008b200000|100%| E|CS|TAMS 0x000000008b100000, 0x000000008b100000| Complete 
| 178|0x000000008b200000, 0x000000008b300000, 0x000000008b300000|100%| E|CS|TAMS 0x000000008b200000, 0x000000008b200000| Complete 
| 179|0x000000008b300000, 0x000000008b400000, 0x000000008b400000|100%| E|CS|TAMS 0x000000008b300000, 0x000000008b300000| Complete 
| 180|0x000000008b400000, 0x000000008b500000, 0x000000008b500000|100%| E|CS|TAMS 0x000000008b400000, 0x000000008b400000| Complete 
| 181|0x000000008b500000, 0x000000008b600000, 0x000000008b600000|100%| E|CS|TAMS 0x000000008b500000, 0x000000008b500000| Complete 
| 182|0x000000008b600000, 0x000000008b700000, 0x000000008b700000|100%| E|CS|TAMS 0x000000008b600000, 0x000000008b600000| Complete 
| 183|0x000000008b700000, 0x000000008b800000, 0x000000008b800000|100%| E|CS|TAMS 0x000000008b700000, 0x000000008b700000| Complete 
| 184|0x000000008b800000, 0x000000008b900000, 0x000000008b900000|100%| E|CS|TAMS 0x000000008b800000, 0x000000008b800000| Complete 
| 185|0x000000008b900000, 0x000000008ba00000, 0x000000008ba00000|100%| E|CS|TAMS 0x000000008b900000, 0x000000008b900000| Complete 
| 186|0x000000008ba00000, 0x000000008bb00000, 0x000000008bb00000|100%| E|CS|TAMS 0x000000008ba00000, 0x000000008ba00000| Complete 
| 187|0x000000008bb00000, 0x000000008bc00000, 0x000000008bc00000|100%| E|CS|TAMS 0x000000008bb00000, 0x000000008bb00000| Complete 
| 188|0x000000008bc00000, 0x000000008bd00000, 0x000000008bd00000|100%| E|CS|TAMS 0x000000008bc00000, 0x000000008bc00000| Complete 
| 189|0x000000008bd00000, 0x000000008be00000, 0x000000008be00000|100%| E|CS|TAMS 0x000000008bd00000, 0x000000008bd00000| Complete 
| 190|0x000000008be00000, 0x000000008bf00000, 0x000000008bf00000|100%| E|CS|TAMS 0x000000008be00000, 0x000000008be00000| Complete 
| 191|0x000000008bf00000, 0x000000008c000000, 0x000000008c000000|100%| E|CS|TAMS 0x000000008bf00000, 0x000000008bf00000| Complete 
| 192|0x000000008c000000, 0x000000008c100000, 0x000000008c100000|100%| E|CS|TAMS 0x000000008c000000, 0x000000008c000000| Complete 
| 193|0x000000008c100000, 0x000000008c200000, 0x000000008c200000|100%| E|CS|TAMS 0x000000008c100000, 0x000000008c100000| Complete 
| 194|0x000000008c200000, 0x000000008c300000, 0x000000008c300000|100%| E|  |TAMS 0x000000008c200000, 0x000000008c200000| Complete 
| 195|0x000000008c300000, 0x000000008c400000, 0x000000008c400000|100%| E|CS|TAMS 0x000000008c300000, 0x000000008c300000| Complete 
| 196|0x000000008c400000, 0x000000008c500000, 0x000000008c500000|100%| E|CS|TAMS 0x000000008c400000, 0x000000008c400000| Complete 
| 197|0x000000008c500000, 0x000000008c600000, 0x000000008c600000|100%| E|CS|TAMS 0x000000008c500000, 0x000000008c500000| Complete 
| 198|0x000000008c600000, 0x000000008c700000, 0x000000008c700000|100%| E|CS|TAMS 0x000000008c600000, 0x000000008c600000| Complete 
| 199|0x000000008c700000, 0x000000008c800000, 0x000000008c800000|100%| E|CS|TAMS 0x000000008c700000, 0x000000008c700000| Complete 
| 200|0x000000008c800000, 0x000000008c900000, 0x000000008c900000|100%| E|CS|TAMS 0x000000008c800000, 0x000000008c800000| Complete 
| 201|0x000000008c900000, 0x000000008ca00000, 0x000000008ca00000|100%| E|CS|TAMS 0x000000008c900000, 0x000000008c900000| Complete 
| 202|0x000000008ca00000, 0x000000008cb00000, 0x000000008cb00000|100%| E|CS|TAMS 0x000000008ca00000, 0x000000008ca00000| Complete 
| 203|0x000000008cb00000, 0x000000008cc00000, 0x000000008cc00000|100%| E|CS|TAMS 0x000000008cb00000, 0x000000008cb00000| Complete 
| 204|0x000000008cc00000, 0x000000008cd00000, 0x000000008cd00000|100%| E|CS|TAMS 0x000000008cc00000, 0x000000008cc00000| Complete 
| 205|0x000000008cd00000, 0x000000008ce00000, 0x000000008ce00000|100%| E|CS|TAMS 0x000000008cd00000, 0x000000008cd00000| Complete 
| 206|0x000000008ce00000, 0x000000008cf00000, 0x000000008cf00000|100%| E|CS|TAMS 0x000000008ce00000, 0x000000008ce00000| Complete 
| 207|0x000000008cf00000, 0x000000008d000000, 0x000000008d000000|100%| E|CS|TAMS 0x000000008cf00000, 0x000000008cf00000| Complete 
| 208|0x000000008d000000, 0x000000008d100000, 0x000000008d100000|100%| E|CS|TAMS 0x000000008d000000, 0x000000008d000000| Complete 
| 209|0x000000008d100000, 0x000000008d200000, 0x000000008d200000|100%| E|CS|TAMS 0x000000008d100000, 0x000000008d100000| Complete 
| 210|0x000000008d200000, 0x000000008d300000, 0x000000008d300000|100%| E|CS|TAMS 0x000000008d200000, 0x000000008d200000| Complete 
| 211|0x000000008d300000, 0x000000008d400000, 0x000000008d400000|100%| E|CS|TAMS 0x000000008d300000, 0x000000008d300000| Complete 
| 212|0x000000008d400000, 0x000000008d500000, 0x000000008d500000|100%| E|CS|TAMS 0x000000008d400000, 0x000000008d400000| Complete 
| 213|0x000000008d500000, 0x000000008d600000, 0x000000008d600000|100%| E|CS|TAMS 0x000000008d500000, 0x000000008d500000| Complete 
| 214|0x000000008d600000, 0x000000008d700000, 0x000000008d700000|100%| E|CS|TAMS 0x000000008d600000, 0x000000008d600000| Complete 
| 215|0x000000008d700000, 0x000000008d800000, 0x000000008d800000|100%| E|CS|TAMS 0x000000008d700000, 0x000000008d700000| Complete 
| 216|0x000000008d800000, 0x000000008d900000, 0x000000008d900000|100%| E|CS|TAMS 0x000000008d800000, 0x000000008d800000| Complete 
| 217|0x000000008d900000, 0x000000008da00000, 0x000000008da00000|100%| E|CS|TAMS 0x000000008d900000, 0x000000008d900000| Complete 
| 218|0x000000008da00000, 0x000000008db00000, 0x000000008db00000|100%| E|CS|TAMS 0x000000008da00000, 0x000000008da00000| Complete 
| 219|0x000000008db00000, 0x000000008dc00000, 0x000000008dc00000|100%| E|CS|TAMS 0x000000008db00000, 0x000000008db00000| Complete 
| 220|0x000000008dc00000, 0x000000008dd00000, 0x000000008dd00000|100%| E|CS|TAMS 0x000000008dc00000, 0x000000008dc00000| Complete 

Card table byte_map: [0x0000021f7eb50000,0x0000021f7ef50000] _byte_map_base: 0x0000021f7e750000

Marking Bits (Prev, Next): (CMBitMap*) 0x0000021f7e6fd6a0, (CMBitMap*) 0x0000021f7e6fd660
 Prev Bits: [0x0000021f18a70000, 0x0000021f1aa70000)
 Next Bits: [0x0000021f16a70000, 0x0000021f18a70000)

Polling page: 0x0000021f7c5c0000

Metaspace:

Usage:
  Non-class:     89.07 MB used.
      Class:     14.29 MB used.
       Both:    103.35 MB used.

Virtual space:
  Non-class space:      128.00 MB reserved,      89.62 MB ( 70%) committed,  2 nodes.
      Class space:      416.00 MB reserved,      14.81 MB (  4%) committed,  1 nodes.
             Both:      544.00 MB reserved,     104.44 MB ( 19%) committed. 

Chunk freelists:
   Non-Class:  6.14 MB
       Class:  1.09 MB
        Both:  7.23 MB

MaxMetaspaceSize: 512.00 MB
CompressedClassSpaceSize: 416.00 MB
Initial GC threshold: 21.00 MB
Current GC threshold: 136.25 MB
CDS: on
MetaspaceReclaimPolicy: balanced
 - commit_granule_bytes: 65536.
 - commit_granule_words: 8192.
 - virtual_space_node_default_size: 8388608.
 - enlarge_chunks_in_place: 1.
 - new_chunks_are_fully_committed: 0.
 - uncommit_free_chunks: 1.
 - use_allocation_guard: 0.
 - handle_deallocations: 1.


Internal statistics:

num_allocs_failed_limit: 6.
num_arena_births: 1422.
num_arena_deaths: 0.
num_vsnodes_births: 3.
num_vsnodes_deaths: 0.
num_space_committed: 1671.
num_space_uncommitted: 0.
num_chunks_returned_to_freelist: 6.
num_chunks_taken_from_freelist: 5940.
num_chunk_merges: 3.
num_chunk_splits: 3841.
num_chunks_enlarged: 2467.
num_inconsistent_stats: 0.

CodeHeap 'non-profiled nmethods': size=120000Kb used=6810Kb max_used=7410Kb free=113189Kb
 bounds [0x0000021f0f540000, 0x0000021f0fc80000, 0x0000021f16a70000]
CodeHeap 'profiled nmethods': size=120000Kb used=23457Kb max_used=24223Kb free=96543Kb
 bounds [0x0000021f07a70000, 0x0000021f09220000, 0x0000021f0efa0000]
CodeHeap 'non-nmethods': size=5760Kb used=2465Kb max_used=2495Kb free=3294Kb
 bounds [0x0000021f0efa0000, 0x0000021f0f220000, 0x0000021f0f540000]
 total_blobs=12918 nmethods=11923 adapters=907
 compilation: enabled
              stopped_count=0, restarted_count=0
 full_count=0

Compilation events (20 events):
Event: 55.576 Thread 0x0000021f7f87e980 nmethod 14305 0x0000021f0822e810 code [0x0000021f0822ea40, 0x0000021f0822f4d8]
Event: 55.582 Thread 0x0000021f7f87e980 14306       3       org.gradle.internal.logging.console.BuildLogLevelFilterRenderer::onOutput (53 bytes)
Event: 55.583 Thread 0x0000021f7f87e980 nmethod 14306 0x0000021f08956a90 code [0x0000021f08956c80, 0x0000021f08957398]
Event: 55.583 Thread 0x0000021f7f87e980 14307       3       java.nio.MappedByteBuffer::flip (5 bytes)
Event: 55.583 Thread 0x0000021f7f87e980 nmethod 14307 0x0000021f08d30090 code [0x0000021f08d30240, 0x0000021f08d30478]
Event: 55.639 Thread 0x0000021f7f861ee0 14308       4       java.util.Arrays$ArrayList::get (7 bytes)
Event: 55.640 Thread 0x0000021f7f861ee0 nmethod 14308 0x0000021f0f81fb90 code [0x0000021f0f81fd00, 0x0000021f0f81fdb8]
Event: 55.661 Thread 0x0000021f7f861ee0 14309       4       java.math.BigDecimal::valueOf (46 bytes)
Event: 55.664 Thread 0x0000021f7f861ee0 nmethod 14309 0x0000021f0f81f610 code [0x0000021f0f81f7a0, 0x0000021f0f81f9f8]
Event: 55.721 Thread 0x0000021f7f861ee0 14310       4       java.math.BigDecimal::precision (45 bytes)
Event: 55.723 Thread 0x0000021f7f861ee0 nmethod 14310 0x0000021f0f81f190 code [0x0000021f0f81f320, 0x0000021f0f81f4b8]
Event: 55.775 Thread 0x0000021f7f861ee0 14311       4       java.math.BigDecimal::longCompareMagnitude (40 bytes)
Event: 55.776 Thread 0x0000021f7f861ee0 nmethod 14311 0x0000021f0f81ee90 code [0x0000021f0f81f000, 0x0000021f0f81f0d8]
Event: 56.175 Thread 0x0000021f7f861ee0 14312       4       org.gradle.internal.serialize.kryo.KryoBackedEncoder::writeSmallInt (11 bytes)
Event: 56.176 Thread 0x0000021f7f861ee0 nmethod 14312 0x0000021f0f81eb10 code [0x0000021f0f81eca0, 0x0000021f0f81ed68]
Event: 56.361 Thread 0x0000021f7f861ee0 14313   !   4       java.nio.DirectByteBuffer::address (53 bytes)
Event: 56.361 Thread 0x0000021f7f861ee0 nmethod 14313 0x0000021f0f81e610 code [0x0000021f0f81e780, 0x0000021f0f81e818]
Event: 56.486 Thread 0x0000021f7f861ee0 14314   !   4       sun.nio.ch.NioSocketImpl::tryRead (87 bytes)
Event: 56.504 Thread 0x0000021f7f87e980 14315       3       java.util.HashMap$ValueSpliterator::forEachRemaining (186 bytes)
Event: 56.505 Thread 0x0000021f7f87e980 nmethod 14315 0x0000021f083bd890 code [0x0000021f083bdaa0, 0x0000021f083be308]

GC Heap History (20 events):
Event: 22.932 GC heap before
{Heap before GC invocations=41 (full 0):
 garbage-first heap   total 183296K, used 142638K [0x0000000080000000, 0x0000000100000000)
  region size 1024K, 42 young (43008K), 1 survivors (1024K)
 Metaspace       used 79482K, committed 80384K, reserved 557056K
  class space    used 10980K, committed 11392K, reserved 425984K
}
Event: 22.937 GC heap after
{Heap after GC invocations=42 (full 0):
 garbage-first heap   total 183296K, used 100986K [0x0000000080000000, 0x0000000100000000)
  region size 1024K, 6 young (6144K), 6 survivors (6144K)
 Metaspace       used 79482K, committed 80384K, reserved 557056K
  class space    used 10980K, committed 11392K, reserved 425984K
}
Event: 22.964 GC heap before
{Heap before GC invocations=42 (full 0):
 garbage-first heap   total 183296K, used 103034K [0x0000000080000000, 0x0000000100000000)
  region size 1024K, 8 young (8192K), 6 survivors (6144K)
 Metaspace       used 79580K, committed 80448K, reserved 557056K
  class space    used 10998K, committed 11392K, reserved 425984K
}
Event: 22.970 GC heap after
{Heap after GC invocations=43 (full 0):
 garbage-first heap   total 183296K, used 101063K [0x0000000080000000, 0x0000000100000000)
  region size 1024K, 1 young (1024K), 1 survivors (1024K)
 Metaspace       used 79580K, committed 80448K, reserved 557056K
  class space    used 10998K, committed 11392K, reserved 425984K
}
Event: 23.707 GC heap before
{Heap before GC invocations=43 (full 0):
 garbage-first heap   total 183296K, used 140999K [0x0000000080000000, 0x0000000100000000)
  region size 1024K, 40 young (40960K), 1 survivors (1024K)
 Metaspace       used 82100K, committed 82944K, reserved 557056K
  class space    used 11335K, committed 11776K, reserved 425984K
}
Event: 23.713 GC heap after
{Heap after GC invocations=44 (full 0):
 garbage-first heap   total 183296K, used 102418K [0x0000000080000000, 0x0000000100000000)
  region size 1024K, 2 young (2048K), 2 survivors (2048K)
 Metaspace       used 82100K, committed 82944K, reserved 557056K
  class space    used 11335K, committed 11776K, reserved 425984K
}
Event: 24.640 GC heap before
{Heap before GC invocations=45 (full 0):
 garbage-first heap   total 188416K, used 143378K [0x0000000080000000, 0x0000000100000000)
  region size 1024K, 42 young (43008K), 2 survivors (2048K)
 Metaspace       used 84856K, committed 85696K, reserved 557056K
  class space    used 11710K, committed 12160K, reserved 425984K
}
Event: 24.649 GC heap after
{Heap after GC invocations=46 (full 0):
 garbage-first heap   total 188416K, used 103830K [0x0000000080000000, 0x0000000100000000)
  region size 1024K, 4 young (4096K), 4 survivors (4096K)
 Metaspace       used 84856K, committed 85696K, reserved 557056K
  class space    used 11710K, committed 12160K, reserved 425984K
}
Event: 24.773 GC heap before
{Heap before GC invocations=46 (full 0):
 garbage-first heap   total 188416K, used 108950K [0x0000000080000000, 0x0000000100000000)
  region size 1024K, 9 young (9216K), 4 survivors (4096K)
 Metaspace       used 85250K, committed 86144K, reserved 557056K
  class space    used 11775K, committed 12224K, reserved 425984K
}
Event: 24.780 GC heap after
{Heap after GC invocations=47 (full 0):
 garbage-first heap   total 188416K, used 103661K [0x0000000080000000, 0x0000000100000000)
  region size 1024K, 1 young (1024K), 1 survivors (1024K)
 Metaspace       used 85250K, committed 86144K, reserved 557056K
  class space    used 11775K, committed 12224K, reserved 425984K
}
Event: 25.337 GC heap before
{Heap before GC invocations=47 (full 0):
 garbage-first heap   total 188416K, used 149741K [0x0000000080000000, 0x0000000100000000)
  region size 1024K, 46 young (47104K), 1 survivors (1024K)
 Metaspace       used 85559K, committed 86528K, reserved 557056K
  class space    used 11827K, committed 12288K, reserved 425984K
}
Event: 25.342 GC heap after
{Heap after GC invocations=48 (full 0):
 garbage-first heap   total 226304K, used 107287K [0x0000000080000000, 0x0000000100000000)
  region size 1024K, 4 young (4096K), 4 survivors (4096K)
 Metaspace       used 85559K, committed 86528K, reserved 557056K
  class space    used 11827K, committed 12288K, reserved 425984K
}
Event: 26.692 GC heap before
{Heap before GC invocations=48 (full 0):
 garbage-first heap   total 226304K, used 175895K [0x0000000080000000, 0x0000000100000000)
  region size 1024K, 71 young (72704K), 4 survivors (4096K)
 Metaspace       used 89321K, committed 90240K, reserved 557056K
  class space    used 12334K, committed 12800K, reserved 425984K
}
Event: 26.701 GC heap after
{Heap after GC invocations=49 (full 0):
 garbage-first heap   total 226304K, used 109545K [0x0000000080000000, 0x0000000100000000)
  region size 1024K, 7 young (7168K), 7 survivors (7168K)
 Metaspace       used 89321K, committed 90240K, reserved 557056K
  class space    used 12334K, committed 12800K, reserved 425984K
}
Event: 27.953 GC heap before
{Heap before GC invocations=49 (full 0):
 garbage-first heap   total 226304K, used 179177K [0x0000000080000000, 0x0000000100000000)
  region size 1024K, 75 young (76800K), 7 survivors (7168K)
 Metaspace       used 93715K, committed 94656K, reserved 557056K
  class space    used 13113K, committed 13568K, reserved 425984K
}
Event: 27.963 GC heap after
{Heap after GC invocations=50 (full 0):
 garbage-first heap   total 226304K, used 112332K [0x0000000080000000, 0x0000000100000000)
  region size 1024K, 5 young (5120K), 5 survivors (5120K)
 Metaspace       used 93715K, committed 94656K, reserved 557056K
  class space    used 13113K, committed 13568K, reserved 425984K
}
Event: 29.035 GC heap before
{Heap before GC invocations=50 (full 0):
 garbage-first heap   total 226304K, used 182988K [0x0000000080000000, 0x0000000100000000)
  region size 1024K, 74 young (75776K), 5 survivors (5120K)
 Metaspace       used 96368K, committed 97344K, reserved 557056K
  class space    used 13466K, committed 13952K, reserved 425984K
}
Event: 29.045 GC heap after
{Heap after GC invocations=51 (full 0):
 garbage-first heap   total 226304K, used 118652K [0x0000000080000000, 0x0000000100000000)
  region size 1024K, 10 young (10240K), 10 survivors (10240K)
 Metaspace       used 96368K, committed 97344K, reserved 557056K
  class space    used 13466K, committed 13952K, reserved 425984K
}
Event: 30.684 GC heap before
{Heap before GC invocations=51 (full 0):
 garbage-first heap   total 226304K, used 184188K [0x0000000080000000, 0x0000000100000000)
  region size 1024K, 74 young (75776K), 10 survivors (10240K)
 Metaspace       used 99801K, committed 100928K, reserved 557056K
  class space    used 13929K, committed 14464K, reserved 425984K
}
Event: 30.705 GC heap after
{Heap after GC invocations=52 (full 0):
 garbage-first heap   total 226304K, used 129313K [0x0000000080000000, 0x0000000100000000)
  region size 1024K, 10 young (10240K), 10 survivors (10240K)
 Metaspace       used 99801K, committed 100928K, reserved 557056K
  class space    used 13929K, committed 14464K, reserved 425984K
}

Dll operation events (15 events):
Event: 0.017 Loaded shared library C:\Program Files\Microsoft\jdk-17.0.11.9-hotspot\bin\java.dll
Event: 0.035 Loaded shared library C:\Program Files\Microsoft\jdk-17.0.11.9-hotspot\bin\jsvml.dll
Event: 0.089 Loaded shared library C:\Program Files\Microsoft\jdk-17.0.11.9-hotspot\bin\zip.dll
Event: 0.093 Loaded shared library C:\Program Files\Microsoft\jdk-17.0.11.9-hotspot\bin\instrument.dll
Event: 0.098 Loaded shared library C:\Program Files\Microsoft\jdk-17.0.11.9-hotspot\bin\net.dll
Event: 0.099 Loaded shared library C:\Program Files\Microsoft\jdk-17.0.11.9-hotspot\bin\nio.dll
Event: 0.101 Loaded shared library C:\Program Files\Microsoft\jdk-17.0.11.9-hotspot\bin\zip.dll
Event: 0.568 Loaded shared library C:\Program Files\Microsoft\jdk-17.0.11.9-hotspot\bin\jimage.dll
Event: 0.739 Loaded shared library C:\Program Files\Microsoft\jdk-17.0.11.9-hotspot\bin\verify.dll
Event: 0.984 Loaded shared library C:\Users\Ashraf Qureshi\.gradle\native\c067742578af261105cb4f569cf0c3c89f3d7b1fecec35dd04571415982c5e48\windows-amd64\native-platform.dll
Event: 1.006 Loaded shared library C:\Users\Ashraf Qureshi\.gradle\native\100fb08df4bc3b14c8652ba06237920a3bd2aa13389f12d3474272988ae205f9\windows-amd64\native-platform-file-events.dll
Event: 2.452 Loaded shared library C:\Program Files\Microsoft\jdk-17.0.11.9-hotspot\bin\management.dll
Event: 2.453 Loaded shared library C:\Program Files\Microsoft\jdk-17.0.11.9-hotspot\bin\management_ext.dll
Event: 2.674 Loaded shared library C:\Program Files\Microsoft\jdk-17.0.11.9-hotspot\bin\extnet.dll
Event: 2.903 Loaded shared library C:\Program Files\Microsoft\jdk-17.0.11.9-hotspot\bin\sunmscapi.dll

Deoptimization events (20 events):
Event: 34.582 Thread 0x0000021f3fc34520 DEOPT PACKING pc=0x0000021f08421b42 sp=0x00000038fecfc3f0
Event: 34.582 Thread 0x0000021f3fc34520 DEOPT UNPACKING pc=0x0000021f0efface3 sp=0x00000038fecfb8e0 mode 0
Event: 36.936 Thread 0x0000021f3fc34520 Uncommon trap: trap_request=0xffffff45 fr.pc=0x0000021f0fa695e0 relative=0x00000000000001c0
Event: 36.936 Thread 0x0000021f3fc34520 Uncommon trap: reason=unstable_if action=reinterpret pc=0x0000021f0fa695e0 method=com.sun.crypto.provider.CounterMode.increment([B)V @ 18 c2
Event: 36.936 Thread 0x0000021f3fc34520 DEOPT PACKING pc=0x0000021f0fa695e0 sp=0x00000038fecfc190
Event: 36.936 Thread 0x0000021f3fc34520 DEOPT UNPACKING pc=0x0000021f0effa1a3 sp=0x00000038fecfc0e0 mode 2
Event: 36.936 Thread 0x0000021f3fc34520 Uncommon trap: trap_request=0xffffff45 fr.pc=0x0000021f0fa6a2c0 relative=0x0000000000000220
Event: 36.936 Thread 0x0000021f3fc34520 Uncommon trap: reason=unstable_if action=reinterpret pc=0x0000021f0fa6a2c0 method=com.sun.crypto.provider.CounterMode.increment([B)V @ 18 c2
Event: 36.937 Thread 0x0000021f3fc34520 DEOPT PACKING pc=0x0000021f0fa6a2c0 sp=0x00000038fecfc190
Event: 36.937 Thread 0x0000021f3fc34520 DEOPT UNPACKING pc=0x0000021f0effa1a3 sp=0x00000038fecfc0e0 mode 2
Event: 36.937 Thread 0x0000021f3fc34520 Uncommon trap: trap_request=0xffffff45 fr.pc=0x0000021f0f862c90 relative=0x0000000000000090
Event: 36.937 Thread 0x0000021f3fc34520 Uncommon trap: reason=unstable_if action=reinterpret pc=0x0000021f0f862c90 method=com.sun.crypto.provider.CounterMode.increment([B)V @ 18 c2
Event: 36.937 Thread 0x0000021f3fc34520 DEOPT PACKING pc=0x0000021f0f862c90 sp=0x00000038fecfc130
Event: 36.937 Thread 0x0000021f3fc34520 DEOPT UNPACKING pc=0x0000021f0effa1a3 sp=0x00000038fecfc0d8 mode 2
Event: 37.300 Thread 0x0000021f3fc34520 DEOPT PACKING pc=0x0000021f08627bc2 sp=0x00000038fecfc190
Event: 37.300 Thread 0x0000021f3fc34520 DEOPT UNPACKING pc=0x0000021f0efface3 sp=0x00000038fecfb650 mode 0
Event: 37.302 Thread 0x0000021f3fc34520 DEOPT PACKING pc=0x0000021f08627bc2 sp=0x00000038fecfc190
Event: 37.302 Thread 0x0000021f3fc34520 DEOPT UNPACKING pc=0x0000021f0efface3 sp=0x00000038fecfb650 mode 0
Event: 37.303 Thread 0x0000021f3fc34520 DEOPT PACKING pc=0x0000021f08627bc2 sp=0x00000038fecfc190
Event: 37.303 Thread 0x0000021f3fc34520 DEOPT UNPACKING pc=0x0000021f0efface3 sp=0x00000038fecfb650 mode 0

Classes unloaded (0 events):
No events

Classes redefined (0 events):
No events

Internal exceptions (20 events):
Event: 30.143 Thread 0x0000021f3d7aaa90 Exception <a 'java/lang/ClassNotFoundException'{0x000000008aae2e88}: org/gradle/api/internal/artifacts/repositories/AbstractAuthenticationSupportedRepositoryBeanInfo> (0x000000008aae2e88) 
thrown [s\src\hotspot\share\classfile\systemDictionary.cpp, line 256]
Event: 30.144 Thread 0x0000021f3d7aaa90 Exception <a 'java/lang/ClassNotFoundException'{0x000000008aafe970}: org/gradle/api/internal/artifacts/repositories/AbstractResolutionAwareArtifactRepositoryBeanInfo> (0x000000008aafe970) 
thrown [s\src\hotspot\share\classfile\systemDictionary.cpp, line 256]
Event: 30.144 Thread 0x0000021f3d7aaa90 Exception <a 'java/lang/ClassNotFoundException'{0x000000008a91ada0}: org/gradle/api/internal/artifacts/repositories/AbstractArtifactRepositoryBeanInfo> (0x000000008a91ada0) 
thrown [s\src\hotspot\share\classfile\systemDictionary.cpp, line 256]
Event: 30.145 Thread 0x0000021f3d7aaa90 Exception <a 'java/lang/ClassNotFoundException'{0x000000008a936760}: org/gradle/api/internal/artifacts/repositories/AbstractArtifactRepositoryCustomizer> (0x000000008a936760) 
thrown [s\src\hotspot\share\classfile\systemDictionary.cpp, line 256]
Event: 30.149 Thread 0x0000021f3d7aaa90 Exception <a 'java/lang/ClassNotFoundException'{0x000000008a971768}: org/gradle/api/internal/artifacts/repositories/AbstractResolutionAwareArtifactRepositoryCustomizer> (0x000000008a971768) 
thrown [s\src\hotspot\share\classfile\systemDictionary.cpp, line 256]
Event: 30.153 Thread 0x0000021f3d7aaa90 Exception <a 'java/lang/ClassNotFoundException'{0x000000008a998250}: org/gradle/api/internal/artifacts/repositories/AbstractAuthenticationSupportedRepositoryCustomizer> (0x000000008a998250) 
thrown [s\src\hotspot\share\classfile\systemDictionary.cpp, line 256]
Event: 30.155 Thread 0x0000021f3d7aaa90 Exception <a 'java/lang/ClassNotFoundException'{0x000000008a9c8010}: org/gradle/api/internal/artifacts/repositories/DefaultMavenArtifactRepositoryCustomizer> (0x000000008a9c8010) 
thrown [s\src\hotspot\share\classfile\systemDictionary.cpp, line 256]
Event: 30.157 Thread 0x0000021f3d7aaa90 Exception <a 'java/lang/ClassNotFoundException'{0x000000008a9fc2c8}: org/gradle/api/internal/artifacts/repositories/DefaultMavenArtifactRepository_DecoratedCustomizer> (0x000000008a9fc2c8) 
thrown [s\src\hotspot\share\classfile\systemDictionary.cpp, line 256]
Event: 30.222 Thread 0x0000021f3d7aaa90 Exception <a 'java/lang/ClassNotFoundException'{0x000000008a405c68}: build_39naeydqioywbi9q5mck4d0zhBeanInfo> (0x000000008a405c68) 
thrown [s\src\hotspot\share\classfile\systemDictionary.cpp, line 256]
Event: 30.222 Thread 0x0000021f3d7aaa90 Exception <a 'java/lang/ClassNotFoundException'{0x000000008a40cff0}: build_39naeydqioywbi9q5mck4d0zhCustomizer> (0x000000008a40cff0) 
thrown [s\src\hotspot\share\classfile\systemDictionary.cpp, line 256]
Event: 30.296 Thread 0x0000021f3d7aaa90 Exception <a 'java/lang/ClassNotFoundException'{0x000000008a2de4f0}: build_39naeydqioywbi9q5mck4d0zhBeanInfo> (0x000000008a2de4f0) 
thrown [s\src\hotspot\share\classfile\systemDictionary.cpp, line 256]
Event: 30.296 Thread 0x0000021f3d7aaa90 Exception <a 'java/lang/ClassNotFoundException'{0x000000008a2e57d8}: build_39naeydqioywbi9q5mck4d0zhCustomizer> (0x000000008a2e57d8) 
thrown [s\src\hotspot\share\classfile\systemDictionary.cpp, line 256]
Event: 30.564 Thread 0x0000021f3d7aaa90 Exception <a 'java/lang/ClassNotFoundException'{0x0000000089ef3f90}: build_cq5veggus1qgsvmb45y7s6vwrBeanInfo> (0x0000000089ef3f90) 
thrown [s\src\hotspot\share\classfile\systemDictionary.cpp, line 256]
Event: 30.564 Thread 0x0000021f3d7aaa90 Exception <a 'java/lang/ClassNotFoundException'{0x0000000089efb318}: build_cq5veggus1qgsvmb45y7s6vwrCustomizer> (0x0000000089efb318) 
thrown [s\src\hotspot\share\classfile\systemDictionary.cpp, line 256]
Event: 30.737 Thread 0x0000021f3d7aaa90 Exception <a 'java/lang/ClassNotFoundException'{0x000000008da28af8}: build_cq5veggus1qgsvmb45y7s6vwrBeanInfo> (0x000000008da28af8) 
thrown [s\src\hotspot\share\classfile\systemDictionary.cpp, line 256]
Event: 30.738 Thread 0x0000021f3d7aaa90 Exception <a 'java/lang/ClassNotFoundException'{0x000000008da2fde0}: build_cq5veggus1qgsvmb45y7s6vwrCustomizer> (0x000000008da2fde0) 
thrown [s\src\hotspot\share\classfile\systemDictionary.cpp, line 256]
Event: 30.892 Thread 0x0000021f3d7aaa90 Exception <a 'java/lang/ClassNotFoundException'{0x000000008d67c8e8}: build_3ezokhpaf7nm6nlhcq2gz8enBeanInfo> (0x000000008d67c8e8) 
thrown [s\src\hotspot\share\classfile\systemDictionary.cpp, line 256]
Event: 30.892 Thread 0x0000021f3d7aaa90 Exception <a 'java/lang/ClassNotFoundException'{0x000000008d683c48}: build_3ezokhpaf7nm6nlhcq2gz8enCustomizer> (0x000000008d683c48) 
thrown [s\src\hotspot\share\classfile\systemDictionary.cpp, line 256]
Event: 31.454 Thread 0x0000021f3fc34520 Exception <a 'sun/nio/fs/WindowsException'{0x000000008c88dd50}> (0x000000008c88dd50) 
thrown [s\src\hotspot\share\prims\jni.cpp, line 516]
Event: 33.865 Thread 0x0000021f3fc34520 Implicit null exception at 0x0000021f0fc308d0 to 0x0000021f0fc311c0

VM Operations (20 events):
Event: 35.914 Executing VM operation: Cleanup
Event: 35.915 Executing VM operation: Cleanup done
Event: 36.918 Executing VM operation: Cleanup
Event: 36.918 Executing VM operation: Cleanup done
Event: 37.931 Executing VM operation: Cleanup
Event: 37.932 Executing VM operation: Cleanup done
Event: 39.934 Executing VM operation: Cleanup
Event: 39.934 Executing VM operation: Cleanup done
Event: 42.970 Executing VM operation: Cleanup
Event: 42.970 Executing VM operation: Cleanup done
Event: 43.975 Executing VM operation: Cleanup
Event: 43.975 Executing VM operation: Cleanup done
Event: 48.000 Executing VM operation: Cleanup
Event: 48.000 Executing VM operation: Cleanup done
Event: 50.005 Executing VM operation: Cleanup
Event: 50.005 Executing VM operation: Cleanup done
Event: 53.033 Executing VM operation: Cleanup
Event: 53.033 Executing VM operation: Cleanup done
Event: 56.065 Executing VM operation: Cleanup
Event: 56.066 Executing VM operation: Cleanup done

Events (20 events):
Event: 32.516 loading class sun/security/ssl/SSLBasicKeyDerivation$SecretSizeSpec
Event: 32.516 loading class sun/security/ssl/SSLBasicKeyDerivation$SecretSizeSpec done
Event: 32.519 loading class com/sun/crypto/provider/GaloisCounterMode$GCMEncrypt
Event: 32.520 loading class com/sun/crypto/provider/GaloisCounterMode$GCMEncrypt done
Event: 32.520 loading class com/sun/crypto/provider/GaloisCounterMode$GCTRGHASH
Event: 32.520 loading class com/sun/crypto/provider/GaloisCounterMode$GCTRGHASH done
Event: 32.521 loading class javax/net/ssl/SSLEngineResult$HandshakeStatus
Event: 32.521 loading class javax/net/ssl/SSLEngineResult$HandshakeStatus done
Event: 32.521 loading class jdk/internal/event/TLSHandshakeEvent
Event: 32.521 loading class jdk/internal/event/TLSHandshakeEvent done
Event: 33.819 loading class sun/security/ssl/PostHandshakeContext
Event: 33.820 loading class sun/security/ssl/PostHandshakeContext done
Event: 33.820 loading class sun/security/ssl/NewSessionTicket$T13NewSessionTicketMessage
Event: 33.821 loading class sun/security/ssl/NewSessionTicket$NewSessionTicketMessage
Event: 33.821 loading class sun/security/ssl/NewSessionTicket$NewSessionTicketMessage done
Event: 33.821 loading class sun/security/ssl/NewSessionTicket$T13NewSessionTicketMessage done
Event: 33.846 loading class java/text/CalendarBuilder
Event: 33.846 loading class java/text/CalendarBuilder done
Event: 33.854 loading class java/io/CharArrayWriter
Event: 33.854 loading class java/io/CharArrayWriter done


Dynamic libraries:
0x00007ff6fb590000 - 0x00007ff6fb59e000 	C:\Program Files\Microsoft\jdk-17.0.11.9-hotspot\bin\java.exe
0x00007ffdf17b0000 - 0x00007ffdf19c7000 	C:\WINDOWS\SYSTEM32\ntdll.dll
0x00007ffdf0ac0000 - 0x00007ffdf0b84000 	C:\WINDOWS\System32\KERNEL32.DLL
0x00007ffdeeac0000 - 0x00007ffdeee77000 	C:\WINDOWS\System32\KERNELBASE.dll
0x00007ffdef2a0000 - 0x00007ffdef3b1000 	C:\WINDOWS\System32\ucrtbase.dll
0x00007ffde6c60000 - 0x00007ffde6c77000 	C:\Program Files\Microsoft\jdk-17.0.11.9-hotspot\bin\jli.dll
0x00007ffde5f00000 - 0x00007ffde5f1b000 	C:\Program Files\Microsoft\jdk-17.0.11.9-hotspot\bin\VCRUNTIME140.dll
0x00007ffdef7a0000 - 0x00007ffdef94f000 	C:\WINDOWS\System32\USER32.dll
0x00007ffdef1f0000 - 0x00007ffdef216000 	C:\WINDOWS\System32\win32u.dll
0x00007ffdf0cf0000 - 0x00007ffdf0d19000 	C:\WINDOWS\System32\GDI32.dll
0x00007ffdef3c0000 - 0x00007ffdef4d8000 	C:\WINDOWS\System32\gdi32full.dll
0x00007ffdef0e0000 - 0x00007ffdef17a000 	C:\WINDOWS\System32\msvcp_win.dll
0x00007ffdedcb0000 - 0x00007ffdedf43000 	C:\WINDOWS\WinSxS\amd64_microsoft.windows.common-controls_6595b64144ccf1df_6.0.22621.3672_none_2713b9d173822955\COMCTL32.dll
0x00007ffdf1360000 - 0x00007ffdf1407000 	C:\WINDOWS\System32\msvcrt.dll
0x00007ffdf1670000 - 0x00007ffdf16a1000 	C:\WINDOWS\System32\IMM32.DLL
0x00007ffde5ef0000 - 0x00007ffde5efc000 	C:\Program Files\Microsoft\jdk-17.0.11.9-hotspot\bin\vcruntime140_1.dll
0x00007ffde5e60000 - 0x00007ffde5eed000 	C:\Program Files\Microsoft\jdk-17.0.11.9-hotspot\bin\msvcp140.dll
0x00007ffd77c70000 - 0x00007ffd788d6000 	C:\Program Files\Microsoft\jdk-17.0.11.9-hotspot\bin\server\jvm.dll
0x00007ffdf16b0000 - 0x00007ffdf1762000 	C:\WINDOWS\System32\ADVAPI32.dll
0x00007ffdf1410000 - 0x00007ffdf14b8000 	C:\WINDOWS\System32\sechost.dll
0x00007ffdef0b0000 - 0x00007ffdef0d8000 	C:\WINDOWS\System32\bcrypt.dll
0x00007ffdef4e0000 - 0x00007ffdef5f4000 	C:\WINDOWS\System32\RPCRT4.dll
0x00007ffdee990000 - 0x00007ffdee9dd000 	C:\WINDOWS\SYSTEM32\POWRPROF.dll
0x00007ffdcb490000 - 0x00007ffdcb499000 	C:\WINDOWS\SYSTEM32\WSOCK32.dll
0x00007ffdf0d30000 - 0x00007ffdf0da1000 	C:\WINDOWS\System32\WS2_32.dll
0x00007ffde4040000 - 0x00007ffde4074000 	C:\WINDOWS\SYSTEM32\WINMM.dll
0x00007ffddde20000 - 0x00007ffddde2a000 	C:\WINDOWS\SYSTEM32\VERSION.dll
0x00007ffdee970000 - 0x00007ffdee983000 	C:\WINDOWS\SYSTEM32\UMPDC.dll
0x00007ffded420000 - 0x00007ffded438000 	C:\WINDOWS\SYSTEM32\kernel.appcore.dll
0x00007ffde5e50000 - 0x00007ffde5e5a000 	C:\Program Files\Microsoft\jdk-17.0.11.9-hotspot\bin\jimage.dll
0x00007ffdee340000 - 0x00007ffdee572000 	C:\WINDOWS\SYSTEM32\DBGHELP.DLL
0x00007ffdef950000 - 0x00007ffdefcde000 	C:\WINDOWS\System32\combase.dll
0x00007ffdf09e0000 - 0x00007ffdf0ab7000 	C:\WINDOWS\System32\OLEAUT32.dll
0x00007ffdee220000 - 0x00007ffdee252000 	C:\WINDOWS\SYSTEM32\dbgcore.DLL
0x00007ffdef220000 - 0x00007ffdef29b000 	C:\WINDOWS\System32\bcryptPrimitives.dll
0x00007ffddfcf0000 - 0x00007ffddfcfe000 	C:\Program Files\Microsoft\jdk-17.0.11.9-hotspot\bin\instrument.dll
0x00007ffde5e20000 - 0x00007ffde5e45000 	C:\Program Files\Microsoft\jdk-17.0.11.9-hotspot\bin\java.dll
0x00007ffdb7b60000 - 0x00007ffdb7c37000 	C:\Program Files\Microsoft\jdk-17.0.11.9-hotspot\bin\jsvml.dll
0x00007ffdf0170000 - 0x00007ffdf09d9000 	C:\WINDOWS\System32\SHELL32.dll
0x00007ffdec0f0000 - 0x00007ffdec9ef000 	C:\WINDOWS\SYSTEM32\windows.storage.dll
0x00007ffdebfb0000 - 0x00007ffdec0ef000 	C:\WINDOWS\SYSTEM32\wintypes.dll
0x00007ffdf1260000 - 0x00007ffdf1359000 	C:\WINDOWS\System32\SHCORE.dll
0x00007ffdefe90000 - 0x00007ffdefeee000 	C:\WINDOWS\System32\shlwapi.dll
0x00007ffdee9f0000 - 0x00007ffdeea17000 	C:\WINDOWS\SYSTEM32\profapi.dll
0x00007ffde2250000 - 0x00007ffde2268000 	C:\Program Files\Microsoft\jdk-17.0.11.9-hotspot\bin\zip.dll
0x00007ffde4970000 - 0x00007ffde4989000 	C:\Program Files\Microsoft\jdk-17.0.11.9-hotspot\bin\net.dll
0x00007ffde5b90000 - 0x00007ffde5cc6000 	C:\WINDOWS\SYSTEM32\WINHTTP.dll
0x00007ffded850000 - 0x00007ffded8b9000 	C:\WINDOWS\system32\mswsock.dll
0x00007ffde4950000 - 0x00007ffde4966000 	C:\Program Files\Microsoft\jdk-17.0.11.9-hotspot\bin\nio.dll
0x00007ffde4940000 - 0x00007ffde4950000 	C:\Program Files\Microsoft\jdk-17.0.11.9-hotspot\bin\verify.dll
0x00007ffde2220000 - 0x00007ffde2247000 	C:\Users\Ashraf Qureshi\.gradle\native\c067742578af261105cb4f569cf0c3c89f3d7b1fecec35dd04571415982c5e48\windows-amd64\native-platform.dll
0x00007ffdb49f0000 - 0x00007ffdb4b34000 	C:\Users\Ashraf Qureshi\.gradle\native\100fb08df4bc3b14c8652ba06237920a3bd2aa13389f12d3474272988ae205f9\windows-amd64\native-platform-file-events.dll
0x00007ffddfd20000 - 0x00007ffddfd29000 	C:\Program Files\Microsoft\jdk-17.0.11.9-hotspot\bin\management.dll
0x00007ffddfd10000 - 0x00007ffddfd1b000 	C:\Program Files\Microsoft\jdk-17.0.11.9-hotspot\bin\management_ext.dll
0x00007ffdf0d20000 - 0x00007ffdf0d28000 	C:\WINDOWS\System32\PSAPI.DLL
0x00007ffdee670000 - 0x00007ffdee68b000 	C:\WINDOWS\SYSTEM32\CRYPTSP.dll
0x00007ffded380000 - 0x00007ffded3b5000 	C:\WINDOWS\system32\rsaenh.dll
0x00007ffded940000 - 0x00007ffded968000 	C:\WINDOWS\SYSTEM32\USERENV.dll
0x00007ffdedaa0000 - 0x00007ffdedaac000 	C:\WINDOWS\SYSTEM32\CRYPTBASE.dll
0x00007ffdecea0000 - 0x00007ffdececd000 	C:\WINDOWS\SYSTEM32\IPHLPAPI.DLL
0x00007ffdf00b0000 - 0x00007ffdf00b9000 	C:\WINDOWS\System32\NSI.dll
0x00007ffde3dd0000 - 0x00007ffde3de9000 	C:\WINDOWS\SYSTEM32\dhcpcsvc6.DLL
0x00007ffde3db0000 - 0x00007ffde3dcf000 	C:\WINDOWS\SYSTEM32\dhcpcsvc.DLL
0x00007ffdecf10000 - 0x00007ffded012000 	C:\WINDOWS\SYSTEM32\DNSAPI.dll
0x00007ffddfd00000 - 0x00007ffddfd09000 	C:\Program Files\Microsoft\jdk-17.0.11.9-hotspot\bin\extnet.dll
0x00007ffddfce0000 - 0x00007ffddfcee000 	C:\Program Files\Microsoft\jdk-17.0.11.9-hotspot\bin\sunmscapi.dll
0x00007ffdeee80000 - 0x00007ffdeefe6000 	C:\WINDOWS\System32\CRYPT32.dll
0x00007ffdedc80000 - 0x00007ffdedcad000 	C:\WINDOWS\SYSTEM32\ncrypt.dll
0x00007ffdedc40000 - 0x00007ffdedc77000 	C:\WINDOWS\SYSTEM32\NTASN1.dll
0x00007ffddf830000 - 0x00007ffddf838000 	C:\WINDOWS\system32\wshunix.dll
0x00007ffdbdd60000 - 0x00007ffdbdd77000 	C:\WINDOWS\system32\napinsp.dll
0x00007ffdbdd40000 - 0x00007ffdbdd5b000 	C:\WINDOWS\system32\pnrpnsp.dll
0x00007ffdbdd10000 - 0x00007ffdbdd37000 	C:\WINDOWS\system32\nlansp_c.dll
0x00007ffdbdcf0000 - 0x00007ffdbdd01000 	C:\WINDOWS\System32\winrnr.dll
0x00007ffdbdcd0000 - 0x00007ffdbdce5000 	C:\WINDOWS\system32\wshbth.dll
0x000000006fbc0000 - 0x000000006fbe6000 	C:\Program Files\Bonjour\mdnsNSP.dll
0x00007ffddde10000 - 0x00007ffddde1a000 	C:\Windows\System32\rasadhlp.dll
0x00007ffdddfb0000 - 0x00007ffdde033000 	C:\WINDOWS\System32\fwpuclnt.dll

dbghelp: loaded successfully - version: 4.0.5 - missing functions: none
symbol engine: initialized successfully - sym options: 0x614 - pdb path: .;C:\Program Files\Microsoft\jdk-17.0.11.9-hotspot\bin;C:\WINDOWS\SYSTEM32;C:\WINDOWS\WinSxS\amd64_microsoft.windows.common-controls_6595b64144ccf1df_6.0.22621.3672_none_2713b9d173822955;C:\Program Files\Microsoft\jdk-17.0.11.9-hotspot\bin\server;C:\Users\Ashraf Qureshi\.gradle\native\c067742578af261105cb4f569cf0c3c89f3d7b1fecec35dd04571415982c5e48\windows-amd64;C:\Users\Ashraf Qureshi\.gradle\native\100fb08df4bc3b14c8652ba06237920a3bd2aa13389f12d3474272988ae205f9\windows-amd64;C:\Program Files\Bonjour

VM Arguments:
jvm_args: -XX:MaxMetaspaceSize=512m --add-opens=java.base/java.util=ALL-UNNAMED --add-opens=java.base/java.lang=ALL-UNNAMED --add-opens=java.base/java.lang.invoke=ALL-UNNAMED --add-opens=java.prefs/java.util.prefs=ALL-UNNAMED --add-opens=java.base/java.nio.charset=ALL-UNNAMED --add-opens=java.base/java.net=ALL-UNNAMED --add-opens=java.base/java.util.concurrent.atomic=ALL-UNNAMED -Xmx2048m -Dfile.encoding=windows-1252 -Duser.country=US -Duser.language=en -Duser.variant -javaagent:C:\Users\Ashraf Qureshi\.gradle\wrapper\dists\gradle-8.8-all\6gdy1pgp427xkqcjbxw3ylt6h\gradle-8.8\lib\agents\gradle-instrumentation-agent-8.8.jar 
java_command: org.gradle.launcher.daemon.bootstrap.GradleDaemon 8.8
java_class_path (initial): C:\Users\Ashraf Qureshi\.gradle\wrapper\dists\gradle-8.8-all\6gdy1pgp427xkqcjbxw3ylt6h\gradle-8.8\lib\gradle-launcher-8.8.jar
Launcher Type: SUN_STANDARD

[Global flags]
     intx CICompilerCount                          = 3                                         {product} {ergonomic}
   size_t CompressedClassSpaceSize                 = 436207616                                 {product} {ergonomic}
     uint ConcGCThreads                            = 1                                         {product} {ergonomic}
     uint G1ConcRefinementThreads                  = 4                                         {product} {ergonomic}
   size_t G1HeapRegionSize                         = 1048576                                   {product} {ergonomic}
    uintx GCDrainStackTargetSize                   = 64                                        {product} {ergonomic}
   size_t InitialHeapSize                          = 132120576                                 {product} {ergonomic}
   size_t MarkStackSize                            = 4194304                                   {product} {ergonomic}
   size_t MaxHeapSize                              = 2147483648                                {product} {command line}
   size_t MaxMetaspaceSize                         = 536870912                                 {product} {command line}
   size_t MaxNewSize                               = 1287651328                                {product} {ergonomic}
   size_t MinHeapDeltaBytes                        = 1048576                                   {product} {ergonomic}
   size_t MinHeapSize                              = 8388608                                   {product} {ergonomic}
    uintx NonNMethodCodeHeapSize                   = 5832780                                {pd product} {ergonomic}
    uintx NonProfiledCodeHeapSize                  = 122912730                              {pd product} {ergonomic}
    uintx ProfiledCodeHeapSize                     = 122912730                              {pd product} {ergonomic}
    uintx ReservedCodeCacheSize                    = 251658240                              {pd product} {ergonomic}
     bool SegmentedCodeCache                       = true                                      {product} {ergonomic}
   size_t SoftMaxHeapSize                          = 2147483648                             {manageable} {ergonomic}
     bool UseCompressedClassPointers               = true                           {product lp64_product} {ergonomic}
     bool UseCompressedOops                        = true                           {product lp64_product} {ergonomic}
     bool UseG1GC                                  = true                                      {product} {ergonomic}
     bool UseLargePagesIndividualAllocation        = false                                  {pd product} {ergonomic}

Logging:
Log output configuration:
 #0: stdout all=warning uptime,level,tags
 #1: stderr all=off uptime,level,tags

Environment Variables:
JAVA_HOME=C:\Program Files\Microsoft\jdk-17.0.11.9-hotspot\
CLASSPATH=F:\XportSpot\WareHouse\WareHouse\android\\gradle\wrapper\gradle-wrapper.jar
PATH=F:\XportSpot\WareHouse\WareHouse\node_modules\.bin;F:\XportSpot\WareHouse\WareHouse\node_modules\.bin;F:\XportSpot\WareHouse\node_modules\.bin;F:\XportSpot\node_modules\.bin;F:\node_modules\.bin;C:\Users\Ashraf Qureshi\AppData\Roaming\npm\node_modules\npm\node_modules\@npmcli\run-script\lib\node-gyp-bin;C:\Program Files\Microsoft\jdk-17.0.11.9-hotspot\bin;C:\WINDOWS\system32;C:\WINDOWS;C:\WINDOWS\System32\Wbem;C:\WINDOWS\System32\WindowsPowerShell\v1.0\;C:\WINDOWS\System32\OpenSSH\;C:\ProgramData\chocolatey\bin;C:\Program Files\nodejs\;C:\Program Files\Git\cmd;C:\Users\Ashraf Qureshi\AppData\Local\Microsoft\WindowsApps;C:\Users\Ashraf Qureshi\AppData\Roaming\npm;C:\Users\Ashraf Qureshi\AppData\Local\Programs\Microsoft VS Code\bin;F:\sdk\platform-tools;
USERNAME=Ashraf Qureshi
LANG=en_US.UTF-8
OS=Windows_NT
PROCESSOR_IDENTIFIER=Intel64 Family 6 Model 140 Stepping 1, GenuineIntel
TMP=C:\Users\ASHRAF~1\AppData\Local\Temp
TEMP=C:\Users\ASHRAF~1\AppData\Local\Temp



Periodic native trim disabled


---------------  S Y S T E M  ---------------

OS:
 Windows 11 , 64 bit Build 22621 (10.0.22621.3958)
OS uptime: 0 days 0:18 hours

CPU: total 4 (initial active 4) (2 cores per cpu, 2 threads per core) family 6 model 140 stepping 1 microcode 0x86, cx8, cmov, fxsr, ht, mmx, 3dnowpref, sse, sse2, sse3, ssse3, sse4.1, sse4.2, popcnt, lzcnt, tsc, tscinvbit, avx, avx2, aes, erms, clmul, bmi1, bmi2, adx, avx512f, avx512dq, avx512cd, avx512bw, avx512vl, sha, fma, vzeroupper, avx512_vpopcntdq, avx512_vpclmulqdq, avx512_vaes, avx512_vnni, clflush, clflushopt, clwb, avx512_vbmi2, avx512_vbmi
Processor Information for processor 0
  Max Mhz: 2995, Current Mhz: 2995, Mhz Limit: 2995
Processor Information for processor 1
  Max Mhz: 2995, Current Mhz: 2995, Mhz Limit: 2995
Processor Information for processor 2
  Max Mhz: 2995, Current Mhz: 2995, Mhz Limit: 2995
Processor Information for processor 3
  Max Mhz: 2995, Current Mhz: 998, Mhz Limit: 2995

Memory: 4k page, system-wide physical 7957M (141M free)
TotalPageFile size 10005M (AvailPageFile size 2M)
current process WorkingSet (physical memory assigned to process): 475M, peak: 493M
current process commit charge ("private bytes"): 512M, peak: 531M

vm_info: OpenJDK 64-Bit Server VM (17.0.11+9-LTS) for windows-amd64 JRE (17.0.11+9-LTS), built on Apr  9 2024 22:05:54 by "MicrosoftCorporation" with MS VC++ 16.10 / 16.11 (VS2019)

END.
