#
# There is insufficient memory for the Java Runtime Environment to continue.
# Native memory allocation (mmap) failed to map 65536 bytes. Error detail: Failed to commit metaspace.
# Possible reasons:
#   The system is out of physical RAM or swap space
#   This process is running with CompressedOops enabled, and the Java Heap may be blocking the growth of the native heap
# Possible solutions:
#   Reduce memory load on the system
#   Increase physical memory or swap space
#   Check if swap backing store is full
#   Decrease Java heap size (-Xmx/-Xms)
#   Decrease number of Java threads
#   Decrease Java thread stack sizes (-Xss)
#   Set larger code cache with -XX:ReservedCodeCacheSize=
#   JVM is running with Unscaled Compressed Oops mode in which the Java heap is
#     placed in the first 4GB address space. The Java Heap base address is the
#     maximum limit for the native heap growth. Please use -XX:HeapBaseMinAddress
#     to set the Java Heap base and to place the Java Heap above 4GB virtual address.
# This output file may be truncated or incomplete.
#
#  Out of Memory Error (virtualSpaceNode.cpp:110), pid=9140, tid=888
#
# JRE version:  (17.0.11+9) (build )
# Java VM: OpenJDK 64-Bit Server VM (17.0.11+9-LTS, mixed mode, tiered, compressed oops, compressed class ptrs, g1 gc, windows-amd64)
# No core dump will be written. Minidumps are not enabled by default on client versions of Windows
#

---------------  S U M M A R Y ------------

Command Line: -Xmx64m -Xms64m -Dorg.gradle.appname=gradlew org.gradle.wrapper.GradleWrapperMain app:installDebug -PreactNativeDevServerPort=8081

Host: 11th Gen Intel(R) Core(TM) i3-1115G4 @ 3.00GHz, 4 cores, 7G,  Windows 11 , 64 bit Build 22621 (10.0.22621.3958)
Time: Thu Nov 21 07:56:16 2024 Pakistan Standard Time elapsed time: 0.468445 seconds (0d 0h 0m 0s)

---------------  T H R E A D  ---------------

Current thread (0x0000023a7f790dc0):  JavaThread "main" [_thread_in_vm, id=888, stack(0x00000058b0c00000,0x00000058b0d00000)]

Stack: [0x00000058b0c00000,0x00000058b0d00000]
Native frames: (J=compiled Java code, j=interpreted, Vv=VM code, C=native code)
V  [jvm.dll+0x67f6d9]
V  [jvm.dll+0x83773a]
V  [jvm.dll+0x8391fe]
V  [jvm.dll+0x839863]
V  [jvm.dll+0x247fbf]
V  [jvm.dll+0x8333fb]
V  [jvm.dll+0x624016]
V  [jvm.dll+0x62407a]
V  [jvm.dll+0x6268aa]
V  [jvm.dll+0x6249b6]
V  [jvm.dll+0x23c47f]
V  [jvm.dll+0x62e845]
V  [jvm.dll+0x1ebc5b]
V  [jvm.dll+0x1ec195]
V  [jvm.dll+0x1ecc50]
V  [jvm.dll+0x1e2051]
V  [jvm.dll+0x54477e]
V  [jvm.dll+0x1f2a97]
V  [jvm.dll+0x7b0c7b]
V  [jvm.dll+0x7b2049]
V  [jvm.dll+0x7b28c3]
V  [jvm.dll+0x1ecf04]
V  [jvm.dll+0x1e206a]
V  [jvm.dll+0x54477e]
V  [jvm.dll+0x1f2a97]
V  [jvm.dll+0x7b0c7b]
V  [jvm.dll+0x7b2049]
V  [jvm.dll+0x7b2398]
V  [jvm.dll+0x24027e]
V  [jvm.dll+0x38477e]
C  0x0000023a103cb75b

The last pc belongs to new (printed below).
Java frames: (J=compiled Java code, j=interpreted, Vv=VM code)
j  java.io.PrintStream.<init>(Ljava/io/OutputStream;ZLjava/nio/charset/Charset;)V+21 java.base
j  java.io.PrintStream.<init>(Ljava/io/OutputStream;ZLjava/lang/String;)V+15 java.base
j  java.lang.System.newPrintStream(Ljava/io/FileOutputStream;Ljava/lang/String;)Ljava/io/PrintStream;+21 java.base
j  java.lang.System.initPhase1()V+92 java.base
v  ~StubRoutines::call_stub
new  187 new  [0x0000023a103cb5c0, 0x0000023a103cb7e0]  544 bytes
[MachCode]
  0x0000023a103cb5c0: 4883 ec08 | c5fa 1104 | 24eb 1f48 | 83ec 10c5 | fb11 0424 | eb14 4883 | ec10 4889 | 0424 48c7 
  0x0000023a103cb5e0: 4424 0800 | 0000 00eb | 0150 410f | b755 010f | cac1 ea10 | 488b 4de8 | 488b 4908 | 488b 4908 
  0x0000023a103cb600: 488b 4108 | 807c 1004 | 070f 85d6 | 0000 0066 | 8b54 d148 | 488b 4928 | 488b 4cd1 | 0851 80b9 
  0x0000023a103cb620: 3301 0000 | 040f 85b9 | 0000 008b | 5108 f7c2 | 0100 0000 | 0f85 aa00 | 0000 498b | 8708 0100 
  0x0000023a103cb640: 0048 8d1c | 1049 3b9f | 1801 0000 | 0f87 9200 | 0000 4989 | 9f08 0100 | 00e9 0000 | 0000 4883 
  0x0000023a103cb660: ea10 0f84 | 0f00 0000 | 33c9 c1ea | 0348 894c | d008 48ff | ca75 f648 | c700 0100 | 0000 5933 
  0x0000023a103cb680: f689 700c | 48c1 e903 | 8948 0849 | ba35 7625 | 85fd 7f00 | 0041 803a | 000f 8440 | 0000 0050 
  0x0000023a103cb6a0: 488b c848 | 83ec 20f7 | c40f 0000 | 000f 841a | 0000 0048 | 83ec 0849 | ba10 5ddb | 84fd 7f00 
  0x0000023a103cb6c0: 0041 ffd2 | 4883 c408 | e90d 0000 | 0049 ba10 | 5ddb 84fd | 7f00 0041 | ffd2 4883 | c420 58e9 
  0x0000023a103cb6e0: cd00 0000 | 5948 8b55 | e848 8b52 | 0848 8b52 | 0845 0fb7 | 4501 410f | c841 c1e8 | 10e8 0500 
  0x0000023a103cb700: 0000 e9aa | 0000 0048 | 8d44 2408 | 4c89 6dc0 | 498b cfc5 | f877 4989 | afa8 0200 | 0049 8987 
  0x0000023a103cb720: 9802 0000 | 4883 ec20 | f7c4 0f00 | 0000 0f84 | 1a00 0000 | 4883 ec08 | 49ba 3047 | a584 fd7f 
  0x0000023a103cb740: 0000 41ff | d248 83c4 | 08e9 0d00 | 0000 49ba | 3047 a584 | fd7f 0000 | 41ff d248 | 83c4 2049 
  0x0000023a103cb760: c787 9802 | 0000 0000 | 0000 49c7 | 87a8 0200 | 0000 0000 | 0049 c787 | a002 0000 | 0000 0000 
  0x0000023a103cb780: c5f8 7749 | 817f 0800 | 0000 000f | 8405 0000 | 00e9 6a57 | feff 498b | 87f0 0200 | 0049 c787 
  0x0000023a103cb7a0: f002 0000 | 0000 0000 | 4c8b 6dc0 | 4c8b 75c8 | c341 0fb6 | 5d03 4983 | c503 49ba | 90e2 2785 
  0x0000023a103cb7c0: fd7f 0000 | 41ff 24da | 0000 0000 | 0000 0000 | 0000 0000 | 0000 0000 | 0000 0000 | 0000 0000 
[/MachCode]

---------------  P R O C E S S  ---------------

Threads class SMR info:
_java_thread_list=0x0000023a19fe1790, length=3, elements={
0x0000023a7f790dc0, 0x0000023a1a001260, 0x0000023a19fe2900
}

Java Threads: ( => current thread )
=>0x0000023a7f790dc0 JavaThread "main" [_thread_in_vm, id=888, stack(0x00000058b0c00000,0x00000058b0d00000)]
  0x0000023a1a001260 JavaThread "Reference Handler" daemon [_thread_blocked, id=432, stack(0x00000058b1400000,0x00000058b1500000)]
  0x0000023a19fe2900 JavaThread "Finalizer" daemon [_thread_blocked, id=9148, stack(0x00000058b1500000,0x00000058b1600000)]

Other Threads:
  0x0000023a19faaac0 VMThread "VM Thread" [stack: 0x00000058b1300000,0x00000058b1400000] [id=9060]
  0x0000023a7f7b0370 GCTaskThread "GC Thread#0" [stack: 0x00000058b0e00000,0x00000058b0f00000] [id=4816]
  0x0000023a7f7b1ac0 ConcurrentGCThread "G1 Main Marker" [stack: 0x00000058b0f00000,0x00000058b1000000] [id=4780]
  0x0000023a7f7b24e0 ConcurrentGCThread "G1 Conc#0" [stack: 0x00000058b1000000,0x00000058b1100000] [id=9360]
  0x0000023a7f800440 ConcurrentGCThread "G1 Refine#0" [stack: 0x00000058b1100000,0x00000058b1200000] [id=4376]
  0x0000023a7f800e70 ConcurrentGCThread "G1 Service" [stack: 0x00000058b1200000,0x00000058b1300000] [id=13784]

Threads with active compile tasks:

VM state: not at safepoint (normal execution)

VM Mutex/Monitor currently owned by a thread:  ([mutex/lock_event])
[0x0000023a7f77d120] Metaspace_lock - owner thread: 0x0000023a7f790dc0

Heap address: 0x00000000fc000000, size: 64 MB, Compressed Oops mode: 32-bit

CDS archive(s) not mapped
Compressed class space mapped at: 0x0000000100000000-0x0000000140000000, reserved size: 1073741824
Narrow klass base: 0x0000000000000000, Narrow klass shift: 3, Narrow klass range: 0x140000000

GC Precious Log:
 CPUs: 4 total, 4 available
 Memory: 7957M
 Large Page Support: Disabled
 NUMA Support: Disabled
 Compressed Oops: Enabled (32-bit)
 Heap Region Size: 1M
 Heap Min Capacity: 64M
 Heap Initial Capacity: 64M
 Heap Max Capacity: 64M
 Pre-touch: Disabled
 Parallel Workers: 4
 Concurrent Workers: 1
 Concurrent Refinement Workers: 4
 Periodic GC: Disabled

Heap:
 garbage-first heap   total 65536K, used 0K [0x00000000fc000000, 0x0000000100000000)
  region size 1024K, 1 young (1024K), 0 survivors (0K)
 Metaspace       used 2293K, committed 2304K, reserved 1114112K
  class space    used 181K, committed 192K, reserved 1048576K

Heap Regions: E=young(eden), S=young(survivor), O=old, HS=humongous(starts), HC=humongous(continues), CS=collection set, F=free, OA=open archive, CA=closed archive, TAMS=top-at-mark-start (previous, next)
|   0|0x00000000fc000000, 0x00000000fc000000, 0x00000000fc100000|  0%| F|  |TAMS 0x00000000fc000000, 0x00000000fc000000| Untracked 
|   1|0x00000000fc100000, 0x00000000fc100000, 0x00000000fc200000|  0%| F|  |TAMS 0x00000000fc100000, 0x00000000fc100000| Untracked 
|   2|0x00000000fc200000, 0x00000000fc200000, 0x00000000fc300000|  0%| F|  |TAMS 0x00000000fc200000, 0x00000000fc200000| Untracked 
|   3|0x00000000fc300000, 0x00000000fc300000, 0x00000000fc400000|  0%| F|  |TAMS 0x00000000fc300000, 0x00000000fc300000| Untracked 
|   4|0x00000000fc400000, 0x00000000fc400000, 0x00000000fc500000|  0%| F|  |TAMS 0x00000000fc400000, 0x00000000fc400000| Untracked 
|   5|0x00000000fc500000, 0x00000000fc500000, 0x00000000fc600000|  0%| F|  |TAMS 0x00000000fc500000, 0x00000000fc500000| Untracked 
|   6|0x00000000fc600000, 0x00000000fc600000, 0x00000000fc700000|  0%| F|  |TAMS 0x00000000fc600000, 0x00000000fc600000| Untracked 
|   7|0x00000000fc700000, 0x00000000fc700000, 0x00000000fc800000|  0%| F|  |TAMS 0x00000000fc700000, 0x00000000fc700000| Untracked 
|   8|0x00000000fc800000, 0x00000000fc800000, 0x00000000fc900000|  0%| F|  |TAMS 0x00000000fc800000, 0x00000000fc800000| Untracked 
|   9|0x00000000fc900000, 0x00000000fc900000, 0x00000000fca00000|  0%| F|  |TAMS 0x00000000fc900000, 0x00000000fc900000| Untracked 
|  10|0x00000000fca00000, 0x00000000fca00000, 0x00000000fcb00000|  0%| F|  |TAMS 0x00000000fca00000, 0x00000000fca00000| Untracked 
|  11|0x00000000fcb00000, 0x00000000fcb00000, 0x00000000fcc00000|  0%| F|  |TAMS 0x00000000fcb00000, 0x00000000fcb00000| Untracked 
|  12|0x00000000fcc00000, 0x00000000fcc00000, 0x00000000fcd00000|  0%| F|  |TAMS 0x00000000fcc00000, 0x00000000fcc00000| Untracked 
|  13|0x00000000fcd00000, 0x00000000fcd00000, 0x00000000fce00000|  0%| F|  |TAMS 0x00000000fcd00000, 0x00000000fcd00000| Untracked 
|  14|0x00000000fce00000, 0x00000000fce00000, 0x00000000fcf00000|  0%| F|  |TAMS 0x00000000fce00000, 0x00000000fce00000| Untracked 
|  15|0x00000000fcf00000, 0x00000000fcf00000, 0x00000000fd000000|  0%| F|  |TAMS 0x00000000fcf00000, 0x00000000fcf00000| Untracked 
|  16|0x00000000fd000000, 0x00000000fd000000, 0x00000000fd100000|  0%| F|  |TAMS 0x00000000fd000000, 0x00000000fd000000| Untracked 
|  17|0x00000000fd100000, 0x00000000fd100000, 0x00000000fd200000|  0%| F|  |TAMS 0x00000000fd100000, 0x00000000fd100000| Untracked 
|  18|0x00000000fd200000, 0x00000000fd200000, 0x00000000fd300000|  0%| F|  |TAMS 0x00000000fd200000, 0x00000000fd200000| Untracked 
|  19|0x00000000fd300000, 0x00000000fd300000, 0x00000000fd400000|  0%| F|  |TAMS 0x00000000fd300000, 0x00000000fd300000| Untracked 
|  20|0x00000000fd400000, 0x00000000fd400000, 0x00000000fd500000|  0%| F|  |TAMS 0x00000000fd400000, 0x00000000fd400000| Untracked 
|  21|0x00000000fd500000, 0x00000000fd500000, 0x00000000fd600000|  0%| F|  |TAMS 0x00000000fd500000, 0x00000000fd500000| Untracked 
|  22|0x00000000fd600000, 0x00000000fd600000, 0x00000000fd700000|  0%| F|  |TAMS 0x00000000fd600000, 0x00000000fd600000| Untracked 
|  23|0x00000000fd700000, 0x00000000fd700000, 0x00000000fd800000|  0%| F|  |TAMS 0x00000000fd700000, 0x00000000fd700000| Untracked 
|  24|0x00000000fd800000, 0x00000000fd800000, 0x00000000fd900000|  0%| F|  |TAMS 0x00000000fd800000, 0x00000000fd800000| Untracked 
|  25|0x00000000fd900000, 0x00000000fd900000, 0x00000000fda00000|  0%| F|  |TAMS 0x00000000fd900000, 0x00000000fd900000| Untracked 
|  26|0x00000000fda00000, 0x00000000fda00000, 0x00000000fdb00000|  0%| F|  |TAMS 0x00000000fda00000, 0x00000000fda00000| Untracked 
|  27|0x00000000fdb00000, 0x00000000fdb00000, 0x00000000fdc00000|  0%| F|  |TAMS 0x00000000fdb00000, 0x00000000fdb00000| Untracked 
|  28|0x00000000fdc00000, 0x00000000fdc00000, 0x00000000fdd00000|  0%| F|  |TAMS 0x00000000fdc00000, 0x00000000fdc00000| Untracked 
|  29|0x00000000fdd00000, 0x00000000fdd00000, 0x00000000fde00000|  0%| F|  |TAMS 0x00000000fdd00000, 0x00000000fdd00000| Untracked 
|  30|0x00000000fde00000, 0x00000000fde00000, 0x00000000fdf00000|  0%| F|  |TAMS 0x00000000fde00000, 0x00000000fde00000| Untracked 
|  31|0x00000000fdf00000, 0x00000000fdf00000, 0x00000000fe000000|  0%| F|  |TAMS 0x00000000fdf00000, 0x00000000fdf00000| Untracked 
|  32|0x00000000fe000000, 0x00000000fe000000, 0x00000000fe100000|  0%| F|  |TAMS 0x00000000fe000000, 0x00000000fe000000| Untracked 
|  33|0x00000000fe100000, 0x00000000fe100000, 0x00000000fe200000|  0%| F|  |TAMS 0x00000000fe100000, 0x00000000fe100000| Untracked 
|  34|0x00000000fe200000, 0x00000000fe200000, 0x00000000fe300000|  0%| F|  |TAMS 0x00000000fe200000, 0x00000000fe200000| Untracked 
|  35|0x00000000fe300000, 0x00000000fe300000, 0x00000000fe400000|  0%| F|  |TAMS 0x00000000fe300000, 0x00000000fe300000| Untracked 
|  36|0x00000000fe400000, 0x00000000fe400000, 0x00000000fe500000|  0%| F|  |TAMS 0x00000000fe400000, 0x00000000fe400000| Untracked 
|  37|0x00000000fe500000, 0x00000000fe500000, 0x00000000fe600000|  0%| F|  |TAMS 0x00000000fe500000, 0x00000000fe500000| Untracked 
|  38|0x00000000fe600000, 0x00000000fe600000, 0x00000000fe700000|  0%| F|  |TAMS 0x00000000fe600000, 0x00000000fe600000| Untracked 
|  39|0x00000000fe700000, 0x00000000fe700000, 0x00000000fe800000|  0%| F|  |TAMS 0x00000000fe700000, 0x00000000fe700000| Untracked 
|  40|0x00000000fe800000, 0x00000000fe800000, 0x00000000fe900000|  0%| F|  |TAMS 0x00000000fe800000, 0x00000000fe800000| Untracked 
|  41|0x00000000fe900000, 0x00000000fe900000, 0x00000000fea00000|  0%| F|  |TAMS 0x00000000fe900000, 0x00000000fe900000| Untracked 
|  42|0x00000000fea00000, 0x00000000fea00000, 0x00000000feb00000|  0%| F|  |TAMS 0x00000000fea00000, 0x00000000fea00000| Untracked 
|  43|0x00000000feb00000, 0x00000000feb00000, 0x00000000fec00000|  0%| F|  |TAMS 0x00000000feb00000, 0x00000000feb00000| Untracked 
|  44|0x00000000fec00000, 0x00000000fec00000, 0x00000000fed00000|  0%| F|  |TAMS 0x00000000fec00000, 0x00000000fec00000| Untracked 
|  45|0x00000000fed00000, 0x00000000fed00000, 0x00000000fee00000|  0%| F|  |TAMS 0x00000000fed00000, 0x00000000fed00000| Untracked 
|  46|0x00000000fee00000, 0x00000000fee00000, 0x00000000fef00000|  0%| F|  |TAMS 0x00000000fee00000, 0x00000000fee00000| Untracked 
|  47|0x00000000fef00000, 0x00000000fef00000, 0x00000000ff000000|  0%| F|  |TAMS 0x00000000fef00000, 0x00000000fef00000| Untracked 
|  48|0x00000000ff000000, 0x00000000ff000000, 0x00000000ff100000|  0%| F|  |TAMS 0x00000000ff000000, 0x00000000ff000000| Untracked 
|  49|0x00000000ff100000, 0x00000000ff100000, 0x00000000ff200000|  0%| F|  |TAMS 0x00000000ff100000, 0x00000000ff100000| Untracked 
|  50|0x00000000ff200000, 0x00000000ff200000, 0x00000000ff300000|  0%| F|  |TAMS 0x00000000ff200000, 0x00000000ff200000| Untracked 
|  51|0x00000000ff300000, 0x00000000ff300000, 0x00000000ff400000|  0%| F|  |TAMS 0x00000000ff300000, 0x00000000ff300000| Untracked 
|  52|0x00000000ff400000, 0x00000000ff400000, 0x00000000ff500000|  0%| F|  |TAMS 0x00000000ff400000, 0x00000000ff400000| Untracked 
|  53|0x00000000ff500000, 0x00000000ff500000, 0x00000000ff600000|  0%| F|  |TAMS 0x00000000ff500000, 0x00000000ff500000| Untracked 
|  54|0x00000000ff600000, 0x00000000ff600000, 0x00000000ff700000|  0%| F|  |TAMS 0x00000000ff600000, 0x00000000ff600000| Untracked 
|  55|0x00000000ff700000, 0x00000000ff700000, 0x00000000ff800000|  0%| F|  |TAMS 0x00000000ff700000, 0x00000000ff700000| Untracked 
|  56|0x00000000ff800000, 0x00000000ff800000, 0x00000000ff900000|  0%| F|  |TAMS 0x00000000ff800000, 0x00000000ff800000| Untracked 
|  57|0x00000000ff900000, 0x00000000ff900000, 0x00000000ffa00000|  0%| F|  |TAMS 0x00000000ff900000, 0x00000000ff900000| Untracked 
|  58|0x00000000ffa00000, 0x00000000ffa00000, 0x00000000ffb00000|  0%| F|  |TAMS 0x00000000ffa00000, 0x00000000ffa00000| Untracked 
|  59|0x00000000ffb00000, 0x00000000ffb00000, 0x00000000ffc00000|  0%| F|  |TAMS 0x00000000ffb00000, 0x00000000ffb00000| Untracked 
|  60|0x00000000ffc00000, 0x00000000ffc00000, 0x00000000ffd00000|  0%| F|  |TAMS 0x00000000ffc00000, 0x00000000ffc00000| Untracked 
|  61|0x00000000ffd00000, 0x00000000ffd00000, 0x00000000ffe00000|  0%| F|  |TAMS 0x00000000ffd00000, 0x00000000ffd00000| Untracked 
|  62|0x00000000ffe00000, 0x00000000ffe00000, 0x00000000fff00000|  0%| F|  |TAMS 0x00000000ffe00000, 0x00000000ffe00000| Untracked 
|  63|0x00000000fff00000, 0x00000000fff85318, 0x0000000100000000| 52%| E|  |TAMS 0x00000000fff00000, 0x00000000fff00000| Complete 

Card table byte_map: [0x0000023a7f590000,0x0000023a7f5b0000] _byte_map_base: 0x0000023a7edb0000

Marking Bits (Prev, Next): (CMBitMap*) 0x0000023a7f7b0990, (CMBitMap*) 0x0000023a7f7b09d0
 Prev Bits: [0x0000023a7f5d0000, 0x0000023a7f6d0000)
 Next Bits: [0x0000023a7f840000, 0x0000023a7f940000)

Polling page: 0x0000023a7ea80000

Metaspace:

Usage:
  Non-class:      2.06 MB used.
      Class:    181.26 KB used.
       Both:      2.24 MB used.

Virtual space:
  Non-class space:       64.00 MB reserved,       2.06 MB (  3%) committed,  1 nodes.
      Class space:        1.00 GB reserved,     192.00 KB ( <1%) committed,  1 nodes.
             Both:        1.06 GB reserved,       2.25 MB ( <1%) committed. 

Chunk freelists:
   Non-Class:  12.00 MB
       Class:  15.75 MB
        Both:  27.75 MB

MaxMetaspaceSize: unlimited
CompressedClassSpaceSize: 1.00 GB
Initial GC threshold: 21.00 MB
Current GC threshold: 17179869184.00 GB
CDS: off
MetaspaceReclaimPolicy: balanced
 - commit_granule_bytes: 65536.
 - commit_granule_words: 8192.
 - virtual_space_node_default_size: 8388608.
 - enlarge_chunks_in_place: 1.
 - new_chunks_are_fully_committed: 0.
 - uncommit_free_chunks: 1.
 - use_allocation_guard: 0.
 - handle_deallocations: 1.


Internal statistics:

num_allocs_failed_limit: 0.
num_arena_births: 2.
num_arena_deaths: 0.
num_vsnodes_births: 2.
num_vsnodes_deaths: 0.
num_space_committed: 36.
num_space_uncommitted: 0.
num_chunks_returned_to_freelist: 0.
num_chunks_taken_from_freelist: 3.
num_chunk_merges: 0.
num_chunk_splits: 2.
num_chunks_enlarged: 0.
num_inconsistent_stats: 0.

CodeHeap 'non-profiled nmethods': size=120000Kb used=0Kb max_used=0Kb free=120000Kb
 bounds [0x0000023a10950000, 0x0000023a10bc0000, 0x0000023a17e80000]
CodeHeap 'profiled nmethods': size=120000Kb used=0Kb max_used=0Kb free=120000Kb
 bounds [0x0000023a08e80000, 0x0000023a090f0000, 0x0000023a103b0000]
CodeHeap 'non-nmethods': size=5760Kb used=382Kb max_used=382Kb free=5377Kb
 bounds [0x0000023a103b0000, 0x0000023a10620000, 0x0000023a10950000]
 total_blobs=167 nmethods=0 adapters=140
 compilation: enabled
              stopped_count=0, restarted_count=0
 full_count=0

Compilation events (0 events):
No events

GC Heap History (0 events):
No events

Dll operation events (2 events):
Event: 0.077 Loaded shared library C:\Program Files\Microsoft\jdk-17.0.11.9-hotspot\bin\java.dll
Event: 0.332 Loaded shared library C:\Program Files\Microsoft\jdk-17.0.11.9-hotspot\bin\jsvml.dll

Deoptimization events (0 events):
No events

Classes unloaded (0 events):
No events

Classes redefined (0 events):
No events

Internal exceptions (0 events):
No events

VM Operations (0 events):
No events

Events (20 events):
Event: 0.428 loading class sun/nio/cs/UTF_16
Event: 0.428 loading class sun/nio/cs/UTF_16 done
Event: 0.428 loading class sun/nio/cs/StandardCharsets$Classes
Event: 0.428 loading class sun/nio/cs/StandardCharsets$Classes done
Event: 0.428 loading class jdk/internal/util/ArraysSupport
Event: 0.429 loading class jdk/internal/util/ArraysSupport done
Event: 0.429 loading class sun/nio/cs/IBM437
Event: 0.429 loading class sun/nio/cs/IBM437 done
Event: 0.429 loading class java/lang/Class$ReflectionData
Event: 0.429 loading class java/lang/Class$ReflectionData done
Event: 0.429 loading class java/lang/Class$Atomic
Event: 0.430 loading class java/lang/Class$Atomic done
Event: 0.430 loading class java/lang/Class$1
Event: 0.430 loading class java/lang/Class$1 done
Event: 0.430 loading class java/lang/reflect/Modifier
Event: 0.430 loading class java/lang/reflect/Modifier done
Event: 0.430 loading class jdk/internal/reflect/DelegatingConstructorAccessorImpl
Event: 0.430 loading class jdk/internal/reflect/DelegatingConstructorAccessorImpl done
Event: 0.430 loading class java/io/OutputStreamWriter
Event: 0.430 loading class java/io/Writer


Dynamic libraries:
0x00007ff748b60000 - 0x00007ff748b6e000 	C:\Program Files\Microsoft\jdk-17.0.11.9-hotspot\bin\java.exe
0x00007ffdf17b0000 - 0x00007ffdf19c7000 	C:\WINDOWS\SYSTEM32\ntdll.dll
0x00007ffdf0ac0000 - 0x00007ffdf0b84000 	C:\WINDOWS\System32\KERNEL32.DLL
0x00007ffdeeac0000 - 0x00007ffdeee77000 	C:\WINDOWS\System32\KERNELBASE.dll
0x00007ffdef2a0000 - 0x00007ffdef3b1000 	C:\WINDOWS\System32\ucrtbase.dll
0x00007ffde5e00000 - 0x00007ffde5e17000 	C:\Program Files\Microsoft\jdk-17.0.11.9-hotspot\bin\jli.dll
0x00007ffdef7a0000 - 0x00007ffdef94f000 	C:\WINDOWS\System32\USER32.dll
0x00007ffdef1f0000 - 0x00007ffdef216000 	C:\WINDOWS\System32\win32u.dll
0x00007ffdf0cf0000 - 0x00007ffdf0d19000 	C:\WINDOWS\System32\GDI32.dll
0x00007ffdef3c0000 - 0x00007ffdef4d8000 	C:\WINDOWS\System32\gdi32full.dll
0x00007ffdef0e0000 - 0x00007ffdef17a000 	C:\WINDOWS\System32\msvcp_win.dll
0x00007ffde47a0000 - 0x00007ffde47bb000 	C:\Program Files\Microsoft\jdk-17.0.11.9-hotspot\bin\VCRUNTIME140.dll
0x00007ffdedcb0000 - 0x00007ffdedf43000 	C:\WINDOWS\WinSxS\amd64_microsoft.windows.common-controls_6595b64144ccf1df_6.0.22621.3672_none_2713b9d173822955\COMCTL32.dll
0x00007ffdf1360000 - 0x00007ffdf1407000 	C:\WINDOWS\System32\msvcrt.dll
0x00007ffdf1670000 - 0x00007ffdf16a1000 	C:\WINDOWS\System32\IMM32.DLL
0x00007ffde5dd0000 - 0x00007ffde5ddc000 	C:\Program Files\Microsoft\jdk-17.0.11.9-hotspot\bin\vcruntime140_1.dll
0x00007ffdc4d00000 - 0x00007ffdc4d8d000 	C:\Program Files\Microsoft\jdk-17.0.11.9-hotspot\bin\msvcp140.dll
0x00007ffd846d0000 - 0x00007ffd85336000 	C:\Program Files\Microsoft\jdk-17.0.11.9-hotspot\bin\server\jvm.dll
0x00007ffdf16b0000 - 0x00007ffdf1762000 	C:\WINDOWS\System32\ADVAPI32.dll
0x00007ffdf1410000 - 0x00007ffdf14b8000 	C:\WINDOWS\System32\sechost.dll
0x00007ffdef0b0000 - 0x00007ffdef0d8000 	C:\WINDOWS\System32\bcrypt.dll
0x00007ffdef4e0000 - 0x00007ffdef5f4000 	C:\WINDOWS\System32\RPCRT4.dll
0x00007ffdee990000 - 0x00007ffdee9dd000 	C:\WINDOWS\SYSTEM32\POWRPROF.dll
0x00007ffdcb490000 - 0x00007ffdcb499000 	C:\WINDOWS\SYSTEM32\WSOCK32.dll
0x00007ffdf0d30000 - 0x00007ffdf0da1000 	C:\WINDOWS\System32\WS2_32.dll
0x00007ffde4040000 - 0x00007ffde4074000 	C:\WINDOWS\SYSTEM32\WINMM.dll
0x00007ffddde20000 - 0x00007ffddde2a000 	C:\WINDOWS\SYSTEM32\VERSION.dll
0x00007ffdee970000 - 0x00007ffdee983000 	C:\WINDOWS\SYSTEM32\UMPDC.dll
0x00007ffded420000 - 0x00007ffded438000 	C:\WINDOWS\SYSTEM32\kernel.appcore.dll
0x00007ffde2c50000 - 0x00007ffde2c5a000 	C:\Program Files\Microsoft\jdk-17.0.11.9-hotspot\bin\jimage.dll
0x00007ffdee340000 - 0x00007ffdee572000 	C:\WINDOWS\SYSTEM32\DBGHELP.DLL
0x00007ffdef950000 - 0x00007ffdefcde000 	C:\WINDOWS\System32\combase.dll
0x00007ffdf09e0000 - 0x00007ffdf0ab7000 	C:\WINDOWS\System32\OLEAUT32.dll
0x00007ffdee220000 - 0x00007ffdee252000 	C:\WINDOWS\SYSTEM32\dbgcore.DLL
0x00007ffdef220000 - 0x00007ffdef29b000 	C:\WINDOWS\System32\bcryptPrimitives.dll
0x00007ffddec40000 - 0x00007ffddec65000 	C:\Program Files\Microsoft\jdk-17.0.11.9-hotspot\bin\java.dll
0x00007ffdaa980000 - 0x00007ffdaaa57000 	C:\Program Files\Microsoft\jdk-17.0.11.9-hotspot\bin\jsvml.dll
0x00007ffdf0170000 - 0x00007ffdf09d9000 	C:\WINDOWS\System32\SHELL32.dll
0x00007ffdec0f0000 - 0x00007ffdec9ef000 	C:\WINDOWS\SYSTEM32\windows.storage.dll
0x00007ffdebfb0000 - 0x00007ffdec0ef000 	C:\WINDOWS\SYSTEM32\wintypes.dll
0x00007ffdf1260000 - 0x00007ffdf1359000 	C:\WINDOWS\System32\SHCORE.dll
0x00007ffdefe90000 - 0x00007ffdefeee000 	C:\WINDOWS\System32\shlwapi.dll
0x00007ffdee9f0000 - 0x00007ffdeea17000 	C:\WINDOWS\SYSTEM32\profapi.dll

dbghelp: loaded successfully - version: 4.0.5 - missing functions: none
symbol engine: initialized successfully - sym options: 0x614 - pdb path: .;C:\Program Files\Microsoft\jdk-17.0.11.9-hotspot\bin;C:\WINDOWS\SYSTEM32;C:\WINDOWS\WinSxS\amd64_microsoft.windows.common-controls_6595b64144ccf1df_6.0.22621.3672_none_2713b9d173822955;C:\Program Files\Microsoft\jdk-17.0.11.9-hotspot\bin\server

VM Arguments:
jvm_args: -Xmx64m -Xms64m -Dorg.gradle.appname=gradlew 
java_command: org.gradle.wrapper.GradleWrapperMain app:installDebug -PreactNativeDevServerPort=8081
java_class_path (initial): F:\XportSpot\WareHouse\WareHouse\android\\gradle\wrapper\gradle-wrapper.jar
Launcher Type: SUN_STANDARD

[Global flags]
     intx CICompilerCount                          = 3                                         {product} {ergonomic}
     uint ConcGCThreads                            = 1                                         {product} {ergonomic}
     uint G1ConcRefinementThreads                  = 4                                         {product} {ergonomic}
   size_t G1HeapRegionSize                         = 1048576                                   {product} {ergonomic}
    uintx GCDrainStackTargetSize                   = 64                                        {product} {ergonomic}
   size_t InitialHeapSize                          = 67108864                                  {product} {command line}
   size_t MarkStackSize                            = 4194304                                   {product} {ergonomic}
   size_t MaxHeapSize                              = 67108864                                  {product} {command line}
   size_t MaxNewSize                               = 39845888                                  {product} {ergonomic}
   size_t MinHeapDeltaBytes                        = 1048576                                   {product} {ergonomic}
   size_t MinHeapSize                              = 67108864                                  {product} {command line}
    uintx NonNMethodCodeHeapSize                   = 5832780                                {pd product} {ergonomic}
    uintx NonProfiledCodeHeapSize                  = 122912730                              {pd product} {ergonomic}
    uintx ProfiledCodeHeapSize                     = 122912730                              {pd product} {ergonomic}
    uintx ReservedCodeCacheSize                    = 251658240                              {pd product} {ergonomic}
     bool SegmentedCodeCache                       = true                                      {product} {ergonomic}
   size_t SoftMaxHeapSize                          = 67108864                               {manageable} {ergonomic}
     bool UseCompressedClassPointers               = true                           {product lp64_product} {ergonomic}
     bool UseCompressedOops                        = true                           {product lp64_product} {ergonomic}
     bool UseG1GC                                  = true                                      {product} {ergonomic}
     bool UseLargePagesIndividualAllocation        = false                                  {pd product} {ergonomic}

Logging:
Log output configuration:
 #0: stdout all=warning uptime,level,tags
 #1: stderr all=off uptime,level,tags

Environment Variables:
JAVA_HOME=C:\Program Files\Microsoft\jdk-17.0.11.9-hotspot\
CLASSPATH=F:\XportSpot\WareHouse\WareHouse\android\\gradle\wrapper\gradle-wrapper.jar
PATH=F:\XportSpot\WareHouse\WareHouse\node_modules\.bin;F:\XportSpot\WareHouse\WareHouse\node_modules\.bin;F:\XportSpot\WareHouse\node_modules\.bin;F:\XportSpot\node_modules\.bin;F:\node_modules\.bin;C:\Users\Ashraf Qureshi\AppData\Roaming\npm\node_modules\npm\node_modules\@npmcli\run-script\lib\node-gyp-bin;C:\Program Files\Microsoft\jdk-17.0.11.9-hotspot\bin;C:\WINDOWS\system32;C:\WINDOWS;C:\WINDOWS\System32\Wbem;C:\WINDOWS\System32\WindowsPowerShell\v1.0\;C:\WINDOWS\System32\OpenSSH\;C:\ProgramData\chocolatey\bin;C:\Program Files\nodejs\;C:\Program Files\Git\cmd;C:\Users\Ashraf Qureshi\AppData\Local\Microsoft\WindowsApps;C:\Users\Ashraf Qureshi\AppData\Roaming\npm;C:\Users\Ashraf Qureshi\AppData\Local\Programs\Microsoft VS Code\bin;F:\sdk\platform-tools;
USERNAME=Ashraf Qureshi
LANG=en_US.UTF-8
OS=Windows_NT
PROCESSOR_IDENTIFIER=Intel64 Family 6 Model 140 Stepping 1, GenuineIntel
TMP=C:\Users\ASHRAF~1\AppData\Local\Temp
TEMP=C:\Users\ASHRAF~1\AppData\Local\Temp



Periodic native trim disabled


---------------  S Y S T E M  ---------------

OS:
 Windows 11 , 64 bit Build 22621 (10.0.22621.3958)
OS uptime: 0 days 13:54 hours

CPU: total 4 (initial active 4) (2 cores per cpu, 2 threads per core) family 6 model 140 stepping 1 microcode 0x86, cx8, cmov, fxsr, ht, mmx, 3dnowpref, sse, sse2, sse3, ssse3, sse4.1, sse4.2, popcnt, lzcnt, tsc, tscinvbit, avx, avx2, aes, erms, clmul, bmi1, bmi2, adx, avx512f, avx512dq, avx512cd, avx512bw, avx512vl, sha, fma, vzeroupper, avx512_vpopcntdq, avx512_vpclmulqdq, avx512_vaes, avx512_vnni, clflush, clflushopt, clwb, avx512_vbmi2, avx512_vbmi
Processor Information for all 4 processors :
  Max Mhz: 2995, Current Mhz: 2995, Mhz Limit: 2995

Memory: 4k page, system-wide physical 7957M (332M free)
TotalPageFile size 10005M (AvailPageFile size 0M)
current process WorkingSet (physical memory assigned to process): 20M, peak: 20M
current process commit charge ("private bytes"): 122M, peak: 130M

vm_info: OpenJDK 64-Bit Server VM (17.0.11+9-LTS) for windows-amd64 JRE (17.0.11+9-LTS), built on Apr  9 2024 22:05:54 by "MicrosoftCorporation" with MS VC++ 16.10 / 16.11 (VS2019)

END.
